INFO:     Started server process [14348]
INFO:     Waiting for application startup.
2026-04-09 21:30:49 - backend.app.core.application - INFO - Assistant platform initialized
INFO:     Application startup complete.
INFO:     Uvicorn running on http://127.0.0.1:8000 (Press CTRL+C to quit)
2026-04-09 21:30:54 - httpx - INFO - HTTP Request: GET https://news.google.com/rss/search?q=latest+AI+news&hl=en-GB&gl=GB&ceid=GB%3Aen "HTTP/1.1 200 OK"
2026-04-09 21:30:55 - httpx - INFO - HTTP Request: GET https://news.google.com/rss/search?q=latest+AI+news&hl=en-GB&gl=GB&ceid=GB%3Aen "HTTP/1.1 200 OK"
2026-04-09 21:31:11 - httpx - INFO - HTTP Request: GET https://news.google.com/rss/search?q=latest+AI+news&hl=en-GB&gl=GB&ceid=GB%3Aen "HTTP/1.1 200 OK"
2026-04-09 21:31:11 - httpx - INFO - HTTP Request: GET https://news.google.com/rss/search?q=latest+AI+news&hl=en-GB&gl=GB&ceid=GB%3Aen "HTTP/1.1 200 OK"
2026-04-09 21:31:50 - httpx - INFO - HTTP Request: GET https://news.google.com/rss/search?q=latest+glohbal+news&hl=en-GB&gl=GB&ceid=GB%3Aen "HTTP/1.1 200 OK"
2026-04-09 21:32:38 - httpx - INFO - HTTP Request: POST http://localhost:11434/api/chat "HTTP/1.1 200 OK"
2026-04-09 21:44:49 - httpx - INFO - HTTP Request: GET https://news.google.com/rss/search?q=latest+world+news&hl=en-GB&gl=GB&ceid=GB%3Aen "HTTP/1.1 200 OK"
2026-04-09 21:44:50 - httpx - INFO - HTTP Request: GET https://news.google.com/rss/articles/CBMiV0FVX3lxTE45Y1huZzBQcHBtZ05aWGhsZWlNazZpbjhPNTN4MzdBcGxsWlEwclRXNlNSdWVaUDZtS2xOcHU2ZHo2TXdJSUU3Wk5zc05lNkVFQTRLUXdQSQ?oc=5 "HTTP/1.1 302 Found"
2026-04-09 21:44:51 - httpx - INFO - HTTP Request: GET https://consent.google.com/m?continue=https://news.google.com/rss/articles/CBMiV0FVX3lxTE45Y1huZzBQcHBtZ05aWGhsZWlNazZpbjhPNTN4MzdBcGxsWlEwclRXNlNSdWVaUDZtS2xOcHU2ZHo2TXdJSUU3Wk5zc05lNkVFQTRLUXdQSQ?oc%3D5&gl=GB&m=0&pc=n&cm=2&hl=en-US&src=1 "HTTP/1.1 302 Found"
2026-04-09 21:44:51 - httpx - INFO - HTTP Request: GET https://consent.google.com/ml?continue=https://news.google.com/rss/articles/CBMiV0FVX3lxTE45Y1huZzBQcHBtZ05aWGhsZWlNazZpbjhPNTN4MzdBcGxsWlEwclRXNlNSdWVaUDZtS2xOcHU2ZHo2TXdJSUU3Wk5zc05lNkVFQTRLUXdQSQ?oc%3D5&gl=GB&hl=en-US&cm=2&pc=n&src=1&escs=AZ8E49BWZ7itGgFUufLFInf71WJSb63GCsv4lcvb2mKOrLQqY5OtfV7mSdNzgrpkbfJxc-gyhpJaaUUtlUvLvFTOYQt8C3h3i3H2 "HTTP/1.1 200 OK"
Exception ignored in: <gzip on 0x1d5a9ab37f0>
Traceback (most recent call last):
  File "C:\Users\IshaanV\AppData\Local\Programs\Python\Python313\Lib\gzip.py", line 373, in close
    fileobj.write(self.compress.flush())
ValueError: I/O operation on closed file.
2026-04-09 21:44:52 - httpx - INFO - HTTP Request: GET https://news.google.com/rss/articles/CBMi0wFBVV95cUxPc3Ztakk5YnFMcXozdEdSaXRxU1RQYnZNTm5rMm1mWktkNzctVzRqQ0tNekRvb2VtTkJjYmdVTHJKeDFxRWZfQ1pSV1BiYThkaDI2cEc5d2cyek9wbVU4NEl0bGpNQUMxb2c3SEROUHAzZFhTaHBZR0REcjBQMTlpTUYyMXdRSW9KOXY5VFVRWFJfQ1o4V09ITGdyV3Q0U05nYk9qWTdNeTBwYkdCR0lycEFmekNWVUlCdFZ0dlFaY3RtMmQ2ZnFtcU5XVTRiamRIbEFr?oc=5 "HTTP/1.1 302 Found"
2026-04-09 21:44:52 - httpx - INFO - HTTP Request: GET https://consent.google.com/m?continue=https://news.google.com/rss/articles/CBMi0wFBVV95cUxPc3Ztakk5YnFMcXozdEdSaXRxU1RQYnZNTm5rMm1mWktkNzctVzRqQ0tNekRvb2VtTkJjYmdVTHJKeDFxRWZfQ1pSV1BiYThkaDI2cEc5d2cyek9wbVU4NEl0bGpNQUMxb2c3SEROUHAzZFhTaHBZR0REcjBQMTlpTUYyMXdRSW9KOXY5VFVRWFJfQ1o4V09ITGdyV3Q0U05nYk9qWTdNeTBwYkdCR0lycEFmekNWVUlCdFZ0dlFaY3RtMmQ2ZnFtcU5XVTRiamRIbEFr?oc%3D5&gl=GB&m=0&pc=n&cm=2&hl=en-US&src=1 "HTTP/1.1 302 Found"
2026-04-09 21:44:52 - httpx - INFO - HTTP Request: GET https://consent.google.com/ml?continue=https://news.google.com/rss/articles/CBMi0wFBVV95cUxPc3Ztakk5YnFMcXozdEdSaXRxU1RQYnZNTm5rMm1mWktkNzctVzRqQ0tNekRvb2VtTkJjYmdVTHJKeDFxRWZfQ1pSV1BiYThkaDI2cEc5d2cyek9wbVU4NEl0bGpNQUMxb2c3SEROUHAzZFhTaHBZR0REcjBQMTlpTUYyMXdRSW9KOXY5VFVRWFJfQ1o4V09ITGdyV3Q0U05nYk9qWTdNeTBwYkdCR0lycEFmekNWVUlCdFZ0dlFaY3RtMmQ2ZnFtcU5XVTRiamRIbEFr?oc%3D5&gl=GB&hl=en-US&cm=2&pc=n&src=1&escs=AZ8E49BHEEvXUs6lX8eyKQTuH6VcMI_zRkcArR2FxnyehyieLphK_JqTPry2ZPID5RsfGMkaVnrU1QjoTn5xq7jq0xS5ffnP6lXS "HTTP/1.1 200 OK"
2026-04-09 21:44:53 - httpx - INFO - HTTP Request: GET https://news.google.com/rss/articles/CBMiZ0FVX3lxTE9ZZjh6Q201bkk4bWZ2aGZXbEc0a0dkY0ZUNEFLcndKVTNGcmQ0dU9lVThIU0dfUXhEUzYxV2ZUdWRLd1hWTGJscXpnRlI1YkJqS014WTc2eFRTZFpvbXF0ejdNZGNycWc?oc=5 "HTTP/1.1 302 Found"
2026-04-09 21:44:53 - httpx - INFO - HTTP Request: GET https://consent.google.com/m?continue=https://news.google.com/rss/articles/CBMiZ0FVX3lxTE9ZZjh6Q201bkk4bWZ2aGZXbEc0a0dkY0ZUNEFLcndKVTNGcmQ0dU9lVThIU0dfUXhEUzYxV2ZUdWRLd1hWTGJscXpnRlI1YkJqS014WTc2eFRTZFpvbXF0ejdNZGNycWc?oc%3D5&gl=GB&m=0&pc=n&cm=2&hl=en-US&src=1 "HTTP/1.1 302 Found"
2026-04-09 21:44:54 - httpx - INFO - HTTP Request: GET https://consent.google.com/ml?continue=https://news.google.com/rss/articles/CBMiZ0FVX3lxTE9ZZjh6Q201bkk4bWZ2aGZXbEc0a0dkY0ZUNEFLcndKVTNGcmQ0dU9lVThIU0dfUXhEUzYxV2ZUdWRLd1hWTGJscXpnRlI1YkJqS014WTc2eFRTZFpvbXF0ejdNZGNycWc?oc%3D5&gl=GB&hl=en-US&cm=2&pc=n&src=1&escs=AZ8E49Dc6zz7YZI8byssoBTmcKgfqkcZJeia3rb52Bk_z4P9C0U5oseNsGlx9SXaR2wX6Tx1huTkzlF4HzynuCLd0wU7q3ou2B1w "HTTP/1.1 200 OK"
2026-04-09 21:44:54 - httpx - INFO - HTTP Request: GET https://news.google.com/rss/articles/CBMikAFBVV95cUxPbnNieEQxajVFcXpVMlRsLVZWVTNFdG1jbjFERFlnMGdYM3ozcG1pUnh2Um5BSEY2MUt6TTNIWk4xSWZkb3BUdjAzSFFqbkZyUmRJRk5pNUhmRzhoUy1Ealc4QnE4a0lib2V1VU5xUndQRkN3eTNEbmRvcGoxUUtpZU9WTW1abWh3azExaDJfcTg?oc=5 "HTTP/1.1 302 Found"
2026-04-09 21:44:55 - httpx - INFO - HTTP Request: GET https://consent.google.com/m?continue=https://news.google.com/rss/articles/CBMikAFBVV95cUxPbnNieEQxajVFcXpVMlRsLVZWVTNFdG1jbjFERFlnMGdYM3ozcG1pUnh2Um5BSEY2MUt6TTNIWk4xSWZkb3BUdjAzSFFqbkZyUmRJRk5pNUhmRzhoUy1Ealc4QnE4a0lib2V1VU5xUndQRkN3eTNEbmRvcGoxUUtpZU9WTW1abWh3azExaDJfcTg?oc%3D5&gl=GB&m=0&pc=n&cm=2&hl=en-US&src=1 "HTTP/1.1 302 Found"
2026-04-09 21:44:55 - httpx - INFO - HTTP Request: GET https://consent.google.com/ml?continue=https://news.google.com/rss/articles/CBMikAFBVV95cUxPbnNieEQxajVFcXpVMlRsLVZWVTNFdG1jbjFERFlnMGdYM3ozcG1pUnh2Um5BSEY2MUt6TTNIWk4xSWZkb3BUdjAzSFFqbkZyUmRJRk5pNUhmRzhoUy1Ealc4QnE4a0lib2V1VU5xUndQRkN3eTNEbmRvcGoxUUtpZU9WTW1abWh3azExaDJfcTg?oc%3D5&gl=GB&hl=en-US&cm=2&pc=n&src=1&escs=AZ8E49DIKfkQx3naRXRASr5qCRGVWZDKhYA6Oi3KEWqWkBKS7w_B51PTdeBlhbd2GYjheQBaWEF0mzzyoOeuXCvwL4WIXCvjoQyy "HTTP/1.1 200 OK"
2026-04-09 21:44:56 - httpx - INFO - HTTP Request: GET https://news.google.com/rss/articles/CBMiV0FVX3lxTE16WnBubFZEaFh3aVlrNzJISjNuc2hMV1ozZlMtTjhDbDRZWEl4QmxQNnJDNk94MngyZVZKOHR3ZkYwSzNlQmlSeDd4YzE2SGJIUldjYlV2WQ?oc=5 "HTTP/1.1 302 Found"
2026-04-09 21:44:56 - httpx - INFO - HTTP Request: GET https://consent.google.com/m?continue=https://news.google.com/rss/articles/CBMiV0FVX3lxTE16WnBubFZEaFh3aVlrNzJISjNuc2hMV1ozZlMtTjhDbDRZWEl4QmxQNnJDNk94MngyZVZKOHR3ZkYwSzNlQmlSeDd4YzE2SGJIUldjYlV2WQ?oc%3D5&gl=GB&m=0&pc=n&cm=2&hl=en-US&src=1 "HTTP/1.1 302 Found"
2026-04-09 21:44:56 - httpx - INFO - HTTP Request: GET https://consent.google.com/ml?continue=https://news.google.com/rss/articles/CBMiV0FVX3lxTE16WnBubFZEaFh3aVlrNzJISjNuc2hMV1ozZlMtTjhDbDRZWEl4QmxQNnJDNk94MngyZVZKOHR3ZkYwSzNlQmlSeDd4YzE2SGJIUldjYlV2WQ?oc%3D5&gl=GB&hl=en-US&cm=2&pc=n&src=1&escs=AZ8E49AhDrJe4E9KhU55Wftr6o9LZ0XoLGosvHfnf9cMujim4rsvObT0FTEbtCL2zkRDwccjX5UqsV8b4l_GOetvTmcdto8mfd4x "HTTP/1.1 200 OK"
2026-04-09 21:44:57 - httpx - INFO - HTTP Request: GET https://news.google.com/rss/articles/CBMixwFBVV95cUxOUDNTcXdjSjlDNnowZUJfUzVhZzh2Q2VLbUVaYlBmcHJ5QTczbzFKOFBrbDYyM3QySHdSMlJWd184bVZmeHhSRFdYclJhWWt4TjM2bVhTeFZjQVNyT1JZVkgtUVRYZGQ3dmZNQk9pQS1mbHQ2Yk9JdWY4V2tlLTMyYmJFdXdaLW5EeUpETFV4V3VscU1rLVQ3c0dteWJuNFIzLUFKNzdtWk9zUDNxVlZyd0x0TC1EZURheXQ2SE5KM2NTc3BPTWZz?oc=5 "HTTP/1.1 302 Found"
2026-04-09 21:44:57 - httpx - INFO - HTTP Request: GET https://consent.google.com/m?continue=https://news.google.com/rss/articles/CBMixwFBVV95cUxOUDNTcXdjSjlDNnowZUJfUzVhZzh2Q2VLbUVaYlBmcHJ5QTczbzFKOFBrbDYyM3QySHdSMlJWd184bVZmeHhSRFdYclJhWWt4TjM2bVhTeFZjQVNyT1JZVkgtUVRYZGQ3dmZNQk9pQS1mbHQ2Yk9JdWY4V2tlLTMyYmJFdXdaLW5EeUpETFV4V3VscU1rLVQ3c0dteWJuNFIzLUFKNzdtWk9zUDNxVlZyd0x0TC1EZURheXQ2SE5KM2NTc3BPTWZz?oc%3D5&gl=GB&m=0&pc=n&cm=2&hl=en-US&src=1 "HTTP/1.1 302 Found"
2026-04-09 21:44:58 - httpx - INFO - HTTP Request: GET https://consent.google.com/ml?continue=https://news.google.com/rss/articles/CBMixwFBVV95cUxOUDNTcXdjSjlDNnowZUJfUzVhZzh2Q2VLbUVaYlBmcHJ5QTczbzFKOFBrbDYyM3QySHdSMlJWd184bVZmeHhSRFdYclJhWWt4TjM2bVhTeFZjQVNyT1JZVkgtUVRYZGQ3dmZNQk9pQS1mbHQ2Yk9JdWY4V2tlLTMyYmJFdXdaLW5EeUpETFV4V3VscU1rLVQ3c0dteWJuNFIzLUFKNzdtWk9zUDNxVlZyd0x0TC1EZURheXQ2SE5KM2NTc3BPTWZz?oc%3D5&gl=GB&hl=en-US&cm=2&pc=n&src=1&escs=AZ8E49D8RH7tLfxlzWeuACLgW2rh0WyWLjYhJPgGeU86cjUdzkmcCbLiQGjPVKiVPeA7KAPA4Laprv1OF9k5rpN19TVzhedAhB7p "HTTP/1.1 200 OK"
INFO:     ('127.0.0.1', 51888) - "WebSocket /api/ws/events" 403
INFO:     connection rejected (403 Forbidden)
INFO:     connection closed
2026-04-09 21:45:39 - httpx - INFO - HTTP Request: GET https://news.google.com/rss/search?q=latest+world+news&hl=en-GB&gl=GB&ceid=GB%3Aen "HTTP/1.1 200 OK"
Exception ignored in: <gzip on 0x1d5a9ada710>
Traceback (most recent call last):
  File "C:\Users\IshaanV\AppData\Local\Programs\Python\Python313\Lib\gzip.py", line 373, in close
    fileobj.write(self.compress.flush())
ValueError: I/O operation on closed file.
Exception ignored in: <gzip on 0x1d5a9ad9c60>
Traceback (most recent call last):
  File "C:\Users\IshaanV\AppData\Local\Programs\Python\Python313\Lib\gzip.py", line 373, in close
    fileobj.write(self.compress.flush())
ValueError: I/O operation on closed file.
Exception ignored in: <gzip on 0x1d5a9ad85e0>
Traceback (most recent call last):
  File "C:\Users\IshaanV\AppData\Local\Programs\Python\Python313\Lib\gzip.py", line 373, in close
    fileobj.write(self.compress.flush())
ValueError: I/O operation on closed file.
Exception ignored in: <gzip on 0x1d5a9ad8fa0>
Traceback (most recent call last):
  File "C:\Users\IshaanV\AppData\Local\Programs\Python\Python313\Lib\gzip.py", line 373, in close
    fileobj.write(self.compress.flush())
ValueError: I/O operation on closed file.
2026-04-09 21:45:39 - httpx - INFO - HTTP Request: GET https://news.google.com/rss/articles/CBMiV0FVX3lxTE45Y1huZzBQcHBtZ05aWGhsZWlNazZpbjhPNTN4MzdBcGxsWlEwclRXNlNSdWVaUDZtS2xOcHU2ZHo2TXdJSUU3Wk5zc05lNkVFQTRLUXdQSQ?oc=5 "HTTP/1.1 302 Found"
2026-04-09 21:45:40 - httpx - INFO - HTTP Request: GET https://consent.google.com/m?continue=https://news.google.com/rss/articles/CBMiV0FVX3lxTE45Y1huZzBQcHBtZ05aWGhsZWlNazZpbjhPNTN4MzdBcGxsWlEwclRXNlNSdWVaUDZtS2xOcHU2ZHo2TXdJSUU3Wk5zc05lNkVFQTRLUXdQSQ?oc%3D5&gl=GB&m=0&pc=n&cm=2&hl=en-US&src=1 "HTTP/1.1 302 Found"
2026-04-09 21:45:40 - httpx - INFO - HTTP Request: GET https://consent.google.com/ml?continue=https://news.google.com/rss/articles/CBMiV0FVX3lxTE45Y1huZzBQcHBtZ05aWGhsZWlNazZpbjhPNTN4MzdBcGxsWlEwclRXNlNSdWVaUDZtS2xOcHU2ZHo2TXdJSUU3Wk5zc05lNkVFQTRLUXdQSQ?oc%3D5&gl=GB&hl=en-US&cm=2&pc=n&src=1&escs=AZ8E49D9j2T0duafqdonHzxSRIlKQ8tbVRN-5P8JQOLCP3DlUkbDyu93evF20q3hPn4TGSAKPO47692NxZqtuyp3pdBe6tgXJLpg "HTTP/1.1 200 OK"
2026-04-09 21:45:41 - httpx - INFO - HTTP Request: GET https://news.google.com/rss/articles/CBMi0wFBVV95cUxPc3Ztakk5YnFMcXozdEdSaXRxU1RQYnZNTm5rMm1mWktkNzctVzRqQ0tNekRvb2VtTkJjYmdVTHJKeDFxRWZfQ1pSV1BiYThkaDI2cEc5d2cyek9wbVU4NEl0bGpNQUMxb2c3SEROUHAzZFhTaHBZR0REcjBQMTlpTUYyMXdRSW9KOXY5VFVRWFJfQ1o4V09ITGdyV3Q0U05nYk9qWTdNeTBwYkdCR0lycEFmekNWVUlCdFZ0dlFaY3RtMmQ2ZnFtcU5XVTRiamRIbEFr?oc=5 "HTTP/1.1 302 Found"
2026-04-09 21:45:41 - httpx - INFO - HTTP Request: GET https://consent.google.com/m?continue=https://news.google.com/rss/articles/CBMi0wFBVV95cUxPc3Ztakk5YnFMcXozdEdSaXRxU1RQYnZNTm5rMm1mWktkNzctVzRqQ0tNekRvb2VtTkJjYmdVTHJKeDFxRWZfQ1pSV1BiYThkaDI2cEc5d2cyek9wbVU4NEl0bGpNQUMxb2c3SEROUHAzZFhTaHBZR0REcjBQMTlpTUYyMXdRSW9KOXY5VFVRWFJfQ1o4V09ITGdyV3Q0U05nYk9qWTdNeTBwYkdCR0lycEFmekNWVUlCdFZ0dlFaY3RtMmQ2ZnFtcU5XVTRiamRIbEFr?oc%3D5&gl=GB&m=0&pc=n&cm=2&hl=en-US&src=1 "HTTP/1.1 302 Found"
2026-04-09 21:45:41 - httpx - INFO - HTTP Request: GET https://consent.google.com/ml?continue=https://news.google.com/rss/articles/CBMi0wFBVV95cUxPc3Ztakk5YnFMcXozdEdSaXRxU1RQYnZNTm5rMm1mWktkNzctVzRqQ0tNekRvb2VtTkJjYmdVTHJKeDFxRWZfQ1pSV1BiYThkaDI2cEc5d2cyek9wbVU4NEl0bGpNQUMxb2c3SEROUHAzZFhTaHBZR0REcjBQMTlpTUYyMXdRSW9KOXY5VFVRWFJfQ1o4V09ITGdyV3Q0U05nYk9qWTdNeTBwYkdCR0lycEFmekNWVUlCdFZ0dlFaY3RtMmQ2ZnFtcU5XVTRiamRIbEFr?oc%3D5&gl=GB&hl=en-US&cm=2&pc=n&src=1&escs=AZ8E49BfquswDpHcj4PHqP0XGegWXlD_Di6WAaWNT_oVC8VG1F7Ytk04gh2dfEHcfoaquHrjOS4zYIiAez54wv0hkkiqVf4hw0Uy "HTTP/1.1 200 OK"
2026-04-09 21:45:42 - httpx - INFO - HTTP Request: GET https://news.google.com/rss/articles/CBMiZ0FVX3lxTE9ZZjh6Q201bkk4bWZ2aGZXbEc0a0dkY0ZUNEFLcndKVTNGcmQ0dU9lVThIU0dfUXhEUzYxV2ZUdWRLd1hWTGJscXpnRlI1YkJqS014WTc2eFRTZFpvbXF0ejdNZGNycWc?oc=5 "HTTP/1.1 302 Found"
2026-04-09 21:45:43 - httpx - INFO - HTTP Request: GET https://consent.google.com/m?continue=https://news.google.com/rss/articles/CBMiZ0FVX3lxTE9ZZjh6Q201bkk4bWZ2aGZXbEc0a0dkY0ZUNEFLcndKVTNGcmQ0dU9lVThIU0dfUXhEUzYxV2ZUdWRLd1hWTGJscXpnRlI1YkJqS014WTc2eFRTZFpvbXF0ejdNZGNycWc?oc%3D5&gl=GB&m=0&pc=n&cm=2&hl=en-US&src=1 "HTTP/1.1 302 Found"
2026-04-09 21:45:43 - httpx - INFO - HTTP Request: GET https://consent.google.com/ml?continue=https://news.google.com/rss/articles/CBMiZ0FVX3lxTE9ZZjh6Q201bkk4bWZ2aGZXbEc0a0dkY0ZUNEFLcndKVTNGcmQ0dU9lVThIU0dfUXhEUzYxV2ZUdWRLd1hWTGJscXpnRlI1YkJqS014WTc2eFRTZFpvbXF0ejdNZGNycWc?oc%3D5&gl=GB&hl=en-US&cm=2&pc=n&src=1&escs=AZ8E49A8rQrrq07_CmQ1kyk2BJER7hay1s2lhPvcNypoWcsOQYOKd1Krd7o3qAj3cM0Z4S3ULGpxHJQ5W1Y9YZd2yQ-n3M8q29gN "HTTP/1.1 200 OK"
2026-04-09 21:45:43 - httpx - INFO - HTTP Request: GET https://news.google.com/rss/articles/CBMikAFBVV95cUxPbnNieEQxajVFcXpVMlRsLVZWVTNFdG1jbjFERFlnMGdYM3ozcG1pUnh2Um5BSEY2MUt6TTNIWk4xSWZkb3BUdjAzSFFqbkZyUmRJRk5pNUhmRzhoUy1Ealc4QnE4a0lib2V1VU5xUndQRkN3eTNEbmRvcGoxUUtpZU9WTW1abWh3azExaDJfcTg?oc=5 "HTTP/1.1 302 Found"
2026-04-09 21:45:44 - httpx - INFO - HTTP Request: GET https://consent.google.com/m?continue=https://news.google.com/rss/articles/CBMikAFBVV95cUxPbnNieEQxajVFcXpVMlRsLVZWVTNFdG1jbjFERFlnMGdYM3ozcG1pUnh2Um5BSEY2MUt6TTNIWk4xSWZkb3BUdjAzSFFqbkZyUmRJRk5pNUhmRzhoUy1Ealc4QnE4a0lib2V1VU5xUndQRkN3eTNEbmRvcGoxUUtpZU9WTW1abWh3azExaDJfcTg?oc%3D5&gl=GB&m=0&pc=n&cm=2&hl=en-US&src=1 "HTTP/1.1 302 Found"
2026-04-09 21:45:44 - httpx - INFO - HTTP Request: GET https://consent.google.com/ml?continue=https://news.google.com/rss/articles/CBMikAFBVV95cUxPbnNieEQxajVFcXpVMlRsLVZWVTNFdG1jbjFERFlnMGdYM3ozcG1pUnh2Um5BSEY2MUt6TTNIWk4xSWZkb3BUdjAzSFFqbkZyUmRJRk5pNUhmRzhoUy1Ealc4QnE4a0lib2V1VU5xUndQRkN3eTNEbmRvcGoxUUtpZU9WTW1abWh3azExaDJfcTg?oc%3D5&gl=GB&hl=en-US&cm=2&pc=n&src=1&escs=AZ8E49AiIp_QqPWWtEOUtlMkwHnJNfjb3FQkFPifjdFdKhxreXBBcyC5p18axqNaISiiZa-kVedVEvVim6Tu2abZvwcDlULBIWp- "HTTP/1.1 200 OK"
2026-04-09 21:45:45 - httpx - INFO - HTTP Request: GET https://news.google.com/rss/articles/CBMiV0FVX3lxTE16WnBubFZEaFh3aVlrNzJISjNuc2hMV1ozZlMtTjhDbDRZWEl4QmxQNnJDNk94MngyZVZKOHR3ZkYwSzNlQmlSeDd4YzE2SGJIUldjYlV2WQ?oc=5 "HTTP/1.1 302 Found"
2026-04-09 21:45:45 - httpx - INFO - HTTP Request: GET https://consent.google.com/m?continue=https://news.google.com/rss/articles/CBMiV0FVX3lxTE16WnBubFZEaFh3aVlrNzJISjNuc2hMV1ozZlMtTjhDbDRZWEl4QmxQNnJDNk94MngyZVZKOHR3ZkYwSzNlQmlSeDd4YzE2SGJIUldjYlV2WQ?oc%3D5&gl=GB&m=0&pc=n&cm=2&hl=en-US&src=1 "HTTP/1.1 302 Found"
2026-04-09 21:45:45 - httpx - INFO - HTTP Request: GET https://consent.google.com/ml?continue=https://news.google.com/rss/articles/CBMiV0FVX3lxTE16WnBubFZEaFh3aVlrNzJISjNuc2hMV1ozZlMtTjhDbDRZWEl4QmxQNnJDNk94MngyZVZKOHR3ZkYwSzNlQmlSeDd4YzE2SGJIUldjYlV2WQ?oc%3D5&gl=GB&hl=en-US&cm=2&pc=n&src=1&escs=AZ8E49BSGiW28tZKCRM3OM0JpNbtdZanag5ahgQM-uPK-1W7Huj1eFz1CMXZD_ASrzVzZAk_RYqm7r-Z6gw8XUb7_am6q-ikwBGO "HTTP/1.1 200 OK"
2026-04-09 21:45:46 - httpx - INFO - HTTP Request: GET https://news.google.com/rss/articles/CBMixwFBVV95cUxOUDNTcXdjSjlDNnowZUJfUzVhZzh2Q2VLbUVaYlBmcHJ5QTczbzFKOFBrbDYyM3QySHdSMlJWd184bVZmeHhSRFdYclJhWWt4TjM2bVhTeFZjQVNyT1JZVkgtUVRYZGQ3dmZNQk9pQS1mbHQ2Yk9JdWY4V2tlLTMyYmJFdXdaLW5EeUpETFV4V3VscU1rLVQ3c0dteWJuNFIzLUFKNzdtWk9zUDNxVlZyd0x0TC1EZURheXQ2SE5KM2NTc3BPTWZz?oc=5 "HTTP/1.1 302 Found"
2026-04-09 21:45:47 - httpx - INFO - HTTP Request: GET https://consent.google.com/m?continue=https://news.google.com/rss/articles/CBMixwFBVV95cUxOUDNTcXdjSjlDNnowZUJfUzVhZzh2Q2VLbUVaYlBmcHJ5QTczbzFKOFBrbDYyM3QySHdSMlJWd184bVZmeHhSRFdYclJhWWt4TjM2bVhTeFZjQVNyT1JZVkgtUVRYZGQ3dmZNQk9pQS1mbHQ2Yk9JdWY4V2tlLTMyYmJFdXdaLW5EeUpETFV4V3VscU1rLVQ3c0dteWJuNFIzLUFKNzdtWk9zUDNxVlZyd0x0TC1EZURheXQ2SE5KM2NTc3BPTWZz?oc%3D5&gl=GB&m=0&pc=n&cm=2&hl=en-US&src=1 "HTTP/1.1 302 Found"
2026-04-09 21:45:47 - httpx - INFO - HTTP Request: GET https://consent.google.com/ml?continue=https://news.google.com/rss/articles/CBMixwFBVV95cUxOUDNTcXdjSjlDNnowZUJfUzVhZzh2Q2VLbUVaYlBmcHJ5QTczbzFKOFBrbDYyM3QySHdSMlJWd184bVZmeHhSRFdYclJhWWt4TjM2bVhTeFZjQVNyT1JZVkgtUVRYZGQ3dmZNQk9pQS1mbHQ2Yk9JdWY4V2tlLTMyYmJFdXdaLW5EeUpETFV4V3VscU1rLVQ3c0dteWJuNFIzLUFKNzdtWk9zUDNxVlZyd0x0TC1EZURheXQ2SE5KM2NTc3BPTWZz?oc%3D5&gl=GB&hl=en-US&cm=2&pc=n&src=1&escs=AZ8E49CgzD-DKqmDotlNdsFMCq59AqEYCXB0SNvDlU7J4uX1-pd2ZzNJog6WBJujjkaA1pKuWVrb6V4dThaCmMWwoFwJ-GoJ3T4r "HTTP/1.1 200 OK"
2026-04-09 21:45:48 - httpx - INFO - HTTP Request: GET https://news.google.com/rss/search?q=latest+world+news&hl=en-GB&gl=GB&ceid=GB%3Aen "HTTP/1.1 200 OK"
2026-04-09 21:45:48 - httpx - INFO - HTTP Request: GET https://news.google.com/rss/articles/CBMiV0FVX3lxTE45Y1huZzBQcHBtZ05aWGhsZWlNazZpbjhPNTN4MzdBcGxsWlEwclRXNlNSdWVaUDZtS2xOcHU2ZHo2TXdJSUU3Wk5zc05lNkVFQTRLUXdQSQ?oc=5 "HTTP/1.1 302 Found"
2026-04-09 21:45:49 - httpx - INFO - HTTP Request: GET https://consent.google.com/m?continue=https://news.google.com/rss/articles/CBMiV0FVX3lxTE45Y1huZzBQcHBtZ05aWGhsZWlNazZpbjhPNTN4MzdBcGxsWlEwclRXNlNSdWVaUDZtS2xOcHU2ZHo2TXdJSUU3Wk5zc05lNkVFQTRLUXdQSQ?oc%3D5&gl=GB&m=0&pc=n&cm=2&hl=en-US&src=1 "HTTP/1.1 302 Found"
2026-04-09 21:45:49 - httpx - INFO - HTTP Request: GET https://consent.google.com/ml?continue=https://news.google.com/rss/articles/CBMiV0FVX3lxTE45Y1huZzBQcHBtZ05aWGhsZWlNazZpbjhPNTN4MzdBcGxsWlEwclRXNlNSdWVaUDZtS2xOcHU2ZHo2TXdJSUU3Wk5zc05lNkVFQTRLUXdQSQ?oc%3D5&gl=GB&hl=en-US&cm=2&pc=n&src=1&escs=AZ8E49AjYlWZzg4RhdNDqdlnHWBTnwWZ2zx4R3V6GGB0x-SG9bOCITKhnED1B2HbU0or4amn0fYTGstk3dMU5BdKtysUzou9RZ7T "HTTP/1.1 200 OK"
2026-04-09 21:45:50 - httpx - INFO - HTTP Request: GET https://news.google.com/rss/articles/CBMi0wFBVV95cUxPc3Ztakk5YnFMcXozdEdSaXRxU1RQYnZNTm5rMm1mWktkNzctVzRqQ0tNekRvb2VtTkJjYmdVTHJKeDFxRWZfQ1pSV1BiYThkaDI2cEc5d2cyek9wbVU4NEl0bGpNQUMxb2c3SEROUHAzZFhTaHBZR0REcjBQMTlpTUYyMXdRSW9KOXY5VFVRWFJfQ1o4V09ITGdyV3Q0U05nYk9qWTdNeTBwYkdCR0lycEFmekNWVUlCdFZ0dlFaY3RtMmQ2ZnFtcU5XVTRiamRIbEFr?oc=5 "HTTP/1.1 302 Found"
2026-04-09 21:45:50 - httpx - INFO - HTTP Request: GET https://consent.google.com/m?continue=https://news.google.com/rss/articles/CBMi0wFBVV95cUxPc3Ztakk5YnFMcXozdEdSaXRxU1RQYnZNTm5rMm1mWktkNzctVzRqQ0tNekRvb2VtTkJjYmdVTHJKeDFxRWZfQ1pSV1BiYThkaDI2cEc5d2cyek9wbVU4NEl0bGpNQUMxb2c3SEROUHAzZFhTaHBZR0REcjBQMTlpTUYyMXdRSW9KOXY5VFVRWFJfQ1o4V09ITGdyV3Q0U05nYk9qWTdNeTBwYkdCR0lycEFmekNWVUlCdFZ0dlFaY3RtMmQ2ZnFtcU5XVTRiamRIbEFr?oc%3D5&gl=GB&m=0&pc=n&cm=2&hl=en-US&src=1 "HTTP/1.1 302 Found"
2026-04-09 21:45:50 - httpx - INFO - HTTP Request: GET https://consent.google.com/ml?continue=https://news.google.com/rss/articles/CBMi0wFBVV95cUxPc3Ztakk5YnFMcXozdEdSaXRxU1RQYnZNTm5rMm1mWktkNzctVzRqQ0tNekRvb2VtTkJjYmdVTHJKeDFxRWZfQ1pSV1BiYThkaDI2cEc5d2cyek9wbVU4NEl0bGpNQUMxb2c3SEROUHAzZFhTaHBZR0REcjBQMTlpTUYyMXdRSW9KOXY5VFVRWFJfQ1o4V09ITGdyV3Q0U05nYk9qWTdNeTBwYkdCR0lycEFmekNWVUlCdFZ0dlFaY3RtMmQ2ZnFtcU5XVTRiamRIbEFr?oc%3D5&gl=GB&hl=en-US&cm=2&pc=n&src=1&escs=AZ8E49CjEQbdx5gaJt1t_XrjuDjvJRreIfWEdDE5yhaea25Uobeu9UG0VMMqOAysO3wIRAHM1PfYGoExNkoHo4RoLyy-Cr0ITDzH "HTTP/1.1 200 OK"
2026-04-09 21:45:51 - httpx - INFO - HTTP Request: GET https://news.google.com/rss/articles/CBMiZ0FVX3lxTE9ZZjh6Q201bkk4bWZ2aGZXbEc0a0dkY0ZUNEFLcndKVTNGcmQ0dU9lVThIU0dfUXhEUzYxV2ZUdWRLd1hWTGJscXpnRlI1YkJqS014WTc2eFRTZFpvbXF0ejdNZGNycWc?oc=5 "HTTP/1.1 302 Found"
2026-04-09 21:45:52 - httpx - INFO - HTTP Request: GET https://consent.google.com/m?continue=https://news.google.com/rss/articles/CBMiZ0FVX3lxTE9ZZjh6Q201bkk4bWZ2aGZXbEc0a0dkY0ZUNEFLcndKVTNGcmQ0dU9lVThIU0dfUXhEUzYxV2ZUdWRLd1hWTGJscXpnRlI1YkJqS014WTc2eFRTZFpvbXF0ejdNZGNycWc?oc%3D5&gl=GB&m=0&pc=n&cm=2&hl=en-US&src=1 "HTTP/1.1 302 Found"
2026-04-09 21:45:52 - httpx - INFO - HTTP Request: GET https://consent.google.com/ml?continue=https://news.google.com/rss/articles/CBMiZ0FVX3lxTE9ZZjh6Q201bkk4bWZ2aGZXbEc0a0dkY0ZUNEFLcndKVTNGcmQ0dU9lVThIU0dfUXhEUzYxV2ZUdWRLd1hWTGJscXpnRlI1YkJqS014WTc2eFRTZFpvbXF0ejdNZGNycWc?oc%3D5&gl=GB&hl=en-US&cm=2&pc=n&src=1&escs=AZ8E49BL3BZRmz5h98-hLSGqJV2LAs7KGsFdAYVc7ibQenBDpsX9WUPcegAdsnSB7IUiDwk9-h9_GI5cXX1P9HVPuetORUrJcJWo "HTTP/1.1 200 OK"
2026-04-09 21:45:53 - httpx - INFO - HTTP Request: GET https://news.google.com/rss/articles/CBMikAFBVV95cUxPbnNieEQxajVFcXpVMlRsLVZWVTNFdG1jbjFERFlnMGdYM3ozcG1pUnh2Um5BSEY2MUt6TTNIWk4xSWZkb3BUdjAzSFFqbkZyUmRJRk5pNUhmRzhoUy1Ealc4QnE4a0lib2V1VU5xUndQRkN3eTNEbmRvcGoxUUtpZU9WTW1abWh3azExaDJfcTg?oc=5 "HTTP/1.1 302 Found"
2026-04-09 21:45:53 - httpx - INFO - HTTP Request: GET https://consent.google.com/m?continue=https://news.google.com/rss/articles/CBMikAFBVV95cUxPbnNieEQxajVFcXpVMlRsLVZWVTNFdG1jbjFERFlnMGdYM3ozcG1pUnh2Um5BSEY2MUt6TTNIWk4xSWZkb3BUdjAzSFFqbkZyUmRJRk5pNUhmRzhoUy1Ealc4QnE4a0lib2V1VU5xUndQRkN3eTNEbmRvcGoxUUtpZU9WTW1abWh3azExaDJfcTg?oc%3D5&gl=GB&m=0&pc=n&cm=2&hl=en-US&src=1 "HTTP/1.1 302 Found"
2026-04-09 21:45:53 - httpx - INFO - HTTP Request: GET https://consent.google.com/ml?continue=https://news.google.com/rss/articles/CBMikAFBVV95cUxPbnNieEQxajVFcXpVMlRsLVZWVTNFdG1jbjFERFlnMGdYM3ozcG1pUnh2Um5BSEY2MUt6TTNIWk4xSWZkb3BUdjAzSFFqbkZyUmRJRk5pNUhmRzhoUy1Ealc4QnE4a0lib2V1VU5xUndQRkN3eTNEbmRvcGoxUUtpZU9WTW1abWh3azExaDJfcTg?oc%3D5&gl=GB&hl=en-US&cm=2&pc=n&src=1&escs=AZ8E49ATGr6vesv3gLl2C3KU3F9CSB1nPoODYzZkwx_3csNey7NXp104H9v1z_5mw63biXFWK6d7menkmNWttN1VrBy7bWXmZ6LO "HTTP/1.1 200 OK"
2026-04-09 21:45:54 - httpx - INFO - HTTP Request: GET https://news.google.com/rss/articles/CBMiV0FVX3lxTE16WnBubFZEaFh3aVlrNzJISjNuc2hMV1ozZlMtTjhDbDRZWEl4QmxQNnJDNk94MngyZVZKOHR3ZkYwSzNlQmlSeDd4YzE2SGJIUldjYlV2WQ?oc=5 "HTTP/1.1 302 Found"
2026-04-09 21:45:54 - httpx - INFO - HTTP Request: GET https://consent.google.com/m?continue=https://news.google.com/rss/articles/CBMiV0FVX3lxTE16WnBubFZEaFh3aVlrNzJISjNuc2hMV1ozZlMtTjhDbDRZWEl4QmxQNnJDNk94MngyZVZKOHR3ZkYwSzNlQmlSeDd4YzE2SGJIUldjYlV2WQ?oc%3D5&gl=GB&m=0&pc=n&cm=2&hl=en-US&src=1 "HTTP/1.1 302 Found"
2026-04-09 21:45:55 - httpx - INFO - HTTP Request: GET https://consent.google.com/ml?continue=https://news.google.com/rss/articles/CBMiV0FVX3lxTE16WnBubFZEaFh3aVlrNzJISjNuc2hMV1ozZlMtTjhDbDRZWEl4QmxQNnJDNk94MngyZVZKOHR3ZkYwSzNlQmlSeDd4YzE2SGJIUldjYlV2WQ?oc%3D5&gl=GB&hl=en-US&cm=2&pc=n&src=1&escs=AZ8E49CGQWLRFl1j1zNVVuNb1-cgjmj23qLfmhrv1m5OjhSDFOqOQ85ihkRD-DjrWt8DsK3C85Bdu7DWwVjiGqRukNLuLjI8M0sU "HTTP/1.1 200 OK"
2026-04-09 21:45:55 - httpx - INFO - HTTP Request: GET https://news.google.com/rss/articles/CBMixwFBVV95cUxOUDNTcXdjSjlDNnowZUJfUzVhZzh2Q2VLbUVaYlBmcHJ5QTczbzFKOFBrbDYyM3QySHdSMlJWd184bVZmeHhSRFdYclJhWWt4TjM2bVhTeFZjQVNyT1JZVkgtUVRYZGQ3dmZNQk9pQS1mbHQ2Yk9JdWY4V2tlLTMyYmJFdXdaLW5EeUpETFV4V3VscU1rLVQ3c0dteWJuNFIzLUFKNzdtWk9zUDNxVlZyd0x0TC1EZURheXQ2SE5KM2NTc3BPTWZz?oc=5 "HTTP/1.1 302 Found"
2026-04-09 21:45:56 - httpx - INFO - HTTP Request: GET https://consent.google.com/m?continue=https://news.google.com/rss/articles/CBMixwFBVV95cUxOUDNTcXdjSjlDNnowZUJfUzVhZzh2Q2VLbUVaYlBmcHJ5QTczbzFKOFBrbDYyM3QySHdSMlJWd184bVZmeHhSRFdYclJhWWt4TjM2bVhTeFZjQVNyT1JZVkgtUVRYZGQ3dmZNQk9pQS1mbHQ2Yk9JdWY4V2tlLTMyYmJFdXdaLW5EeUpETFV4V3VscU1rLVQ3c0dteWJuNFIzLUFKNzdtWk9zUDNxVlZyd0x0TC1EZURheXQ2SE5KM2NTc3BPTWZz?oc%3D5&gl=GB&m=0&pc=n&cm=2&hl=en-US&src=1 "HTTP/1.1 302 Found"
2026-04-09 21:45:56 - httpx - INFO - HTTP Request: GET https://consent.google.com/ml?continue=https://news.google.com/rss/articles/CBMixwFBVV95cUxOUDNTcXdjSjlDNnowZUJfUzVhZzh2Q2VLbUVaYlBmcHJ5QTczbzFKOFBrbDYyM3QySHdSMlJWd184bVZmeHhSRFdYclJhWWt4TjM2bVhTeFZjQVNyT1JZVkgtUVRYZGQ3dmZNQk9pQS1mbHQ2Yk9JdWY4V2tlLTMyYmJFdXdaLW5EeUpETFV4V3VscU1rLVQ3c0dteWJuNFIzLUFKNzdtWk9zUDNxVlZyd0x0TC1EZURheXQ2SE5KM2NTc3BPTWZz?oc%3D5&gl=GB&hl=en-US&cm=2&pc=n&src=1&escs=AZ8E49C9wlcASiD57R99U4YdKrLsnOdP6Min9PsafbvlFjKhfh2DOi-RTgqcgA2Gm3W3immHgOIQbTYR7Kh5gPjypC4u0NJ1EUDu "HTTP/1.1 200 OK"
INFO:     ('127.0.0.1', 50585) - "WebSocket /api/ws/events" 403
INFO:     connection rejected (403 Forbidden)
INFO:     connection closed
2026-04-09 21:48:57 - httpx - INFO - HTTP Request: GET https://news.google.com/rss/search?q=latest+world+news&hl=en-GB&gl=GB&ceid=GB%3Aen "HTTP/1.1 200 OK"
2026-04-09 21:48:57 - httpx - INFO - HTTP Request: GET https://news.google.com/rss/articles/CBMiV0FVX3lxTE45Y1huZzBQcHBtZ05aWGhsZWlNazZpbjhPNTN4MzdBcGxsWlEwclRXNlNSdWVaUDZtS2xOcHU2ZHo2TXdJSUU3Wk5zc05lNkVFQTRLUXdQSQ?oc=5 "HTTP/1.1 302 Found"
2026-04-09 21:48:58 - httpx - INFO - HTTP Request: GET https://consent.google.com/m?continue=https://news.google.com/rss/articles/CBMiV0FVX3lxTE45Y1huZzBQcHBtZ05aWGhsZWlNazZpbjhPNTN4MzdBcGxsWlEwclRXNlNSdWVaUDZtS2xOcHU2ZHo2TXdJSUU3Wk5zc05lNkVFQTRLUXdQSQ?oc%3D5&gl=GB&m=0&pc=n&cm=2&hl=en-US&src=1 "HTTP/1.1 302 Found"
2026-04-09 21:48:58 - httpx - INFO - HTTP Request: GET https://consent.google.com/ml?continue=https://news.google.com/rss/articles/CBMiV0FVX3lxTE45Y1huZzBQcHBtZ05aWGhsZWlNazZpbjhPNTN4MzdBcGxsWlEwclRXNlNSdWVaUDZtS2xOcHU2ZHo2TXdJSUU3Wk5zc05lNkVFQTRLUXdQSQ?oc%3D5&gl=GB&hl=en-US&cm=2&pc=n&src=1&escs=AZ8E49AjlaYCzlpM2nAzggRvvflIXHdk5t18D6jdmNslpwV_zFTXzTQbBjvb996_4FrvljqSo-nBLkhT3axmwBh-v4zlxn8LYlWJ "HTTP/1.1 200 OK"
Exception ignored in: <gzip on 0x1d5a9add8d0>
Traceback (most recent call last):
  File "C:\Users\IshaanV\AppData\Local\Programs\Python\Python313\Lib\gzip.py", line 373, in close
    fileobj.write(self.compress.flush())
ValueError: I/O operation on closed file.
Exception ignored in: <gzip on 0x1d5a9ad8820>
Traceback (most recent call last):
  File "C:\Users\IshaanV\AppData\Local\Programs\Python\Python313\Lib\gzip.py", line 373, in close
    fileobj.write(self.compress.flush())
ValueError: I/O operation on closed file.
2026-04-09 21:48:59 - httpx - INFO - HTTP Request: GET https://news.google.com/rss/articles/CBMi0wFBVV95cUxPc3Ztakk5YnFMcXozdEdSaXRxU1RQYnZNTm5rMm1mWktkNzctVzRqQ0tNekRvb2VtTkJjYmdVTHJKeDFxRWZfQ1pSV1BiYThkaDI2cEc5d2cyek9wbVU4NEl0bGpNQUMxb2c3SEROUHAzZFhTaHBZR0REcjBQMTlpTUYyMXdRSW9KOXY5VFVRWFJfQ1o4V09ITGdyV3Q0U05nYk9qWTdNeTBwYkdCR0lycEFmekNWVUlCdFZ0dlFaY3RtMmQ2ZnFtcU5XVTRiamRIbEFr?oc=5 "HTTP/1.1 302 Found"
2026-04-09 21:48:59 - httpx - INFO - HTTP Request: GET https://consent.google.com/m?continue=https://news.google.com/rss/articles/CBMi0wFBVV95cUxPc3Ztakk5YnFMcXozdEdSaXRxU1RQYnZNTm5rMm1mWktkNzctVzRqQ0tNekRvb2VtTkJjYmdVTHJKeDFxRWZfQ1pSV1BiYThkaDI2cEc5d2cyek9wbVU4NEl0bGpNQUMxb2c3SEROUHAzZFhTaHBZR0REcjBQMTlpTUYyMXdRSW9KOXY5VFVRWFJfQ1o4V09ITGdyV3Q0U05nYk9qWTdNeTBwYkdCR0lycEFmekNWVUlCdFZ0dlFaY3RtMmQ2ZnFtcU5XVTRiamRIbEFr?oc%3D5&gl=GB&m=0&pc=n&cm=2&hl=en-US&src=1 "HTTP/1.1 302 Found"
2026-04-09 21:49:00 - httpx - INFO - HTTP Request: GET https://consent.google.com/ml?continue=https://news.google.com/rss/articles/CBMi0wFBVV95cUxPc3Ztakk5YnFMcXozdEdSaXRxU1RQYnZNTm5rMm1mWktkNzctVzRqQ0tNekRvb2VtTkJjYmdVTHJKeDFxRWZfQ1pSV1BiYThkaDI2cEc5d2cyek9wbVU4NEl0bGpNQUMxb2c3SEROUHAzZFhTaHBZR0REcjBQMTlpTUYyMXdRSW9KOXY5VFVRWFJfQ1o4V09ITGdyV3Q0U05nYk9qWTdNeTBwYkdCR0lycEFmekNWVUlCdFZ0dlFaY3RtMmQ2ZnFtcU5XVTRiamRIbEFr?oc%3D5&gl=GB&hl=en-US&cm=2&pc=n&src=1&escs=AZ8E49D3NZFdiio5Ap5B_BF_0FCdrVO4ta8AgiS5MThIknFHTxqoxSLwCPZirLSbrV2VIGahWtnUgjrGdUGKfEniOI8waOI22-lx "HTTP/1.1 200 OK"
2026-04-09 21:49:00 - httpx - INFO - HTTP Request: GET https://news.google.com/rss/articles/CBMiZ0FVX3lxTE9ZZjh6Q201bkk4bWZ2aGZXbEc0a0dkY0ZUNEFLcndKVTNGcmQ0dU9lVThIU0dfUXhEUzYxV2ZUdWRLd1hWTGJscXpnRlI1YkJqS014WTc2eFRTZFpvbXF0ejdNZGNycWc?oc=5 "HTTP/1.1 302 Found"
2026-04-09 21:49:01 - httpx - INFO - HTTP Request: GET https://consent.google.com/m?continue=https://news.google.com/rss/articles/CBMiZ0FVX3lxTE9ZZjh6Q201bkk4bWZ2aGZXbEc0a0dkY0ZUNEFLcndKVTNGcmQ0dU9lVThIU0dfUXhEUzYxV2ZUdWRLd1hWTGJscXpnRlI1YkJqS014WTc2eFRTZFpvbXF0ejdNZGNycWc?oc%3D5&gl=GB&m=0&pc=n&cm=2&hl=en-US&src=1 "HTTP/1.1 302 Found"
2026-04-09 21:49:01 - httpx - INFO - HTTP Request: GET https://consent.google.com/ml?continue=https://news.google.com/rss/articles/CBMiZ0FVX3lxTE9ZZjh6Q201bkk4bWZ2aGZXbEc0a0dkY0ZUNEFLcndKVTNGcmQ0dU9lVThIU0dfUXhEUzYxV2ZUdWRLd1hWTGJscXpnRlI1YkJqS014WTc2eFRTZFpvbXF0ejdNZGNycWc?oc%3D5&gl=GB&hl=en-US&cm=2&pc=n&src=1&escs=AZ8E49B1x7tbzYEgmiEjQ6KNX2qSDuzdByOETTwJ7hw2RDt1b4lTkHpXHhr30_wRfjUuCMLCEM9szqlXgQGqgE7TP3gw-AZ6-BEd "HTTP/1.1 200 OK"
2026-04-09 21:49:02 - httpx - INFO - HTTP Request: GET https://news.google.com/rss/articles/CBMikAFBVV95cUxPbnNieEQxajVFcXpVMlRsLVZWVTNFdG1jbjFERFlnMGdYM3ozcG1pUnh2Um5BSEY2MUt6TTNIWk4xSWZkb3BUdjAzSFFqbkZyUmRJRk5pNUhmRzhoUy1Ealc4QnE4a0lib2V1VU5xUndQRkN3eTNEbmRvcGoxUUtpZU9WTW1abWh3azExaDJfcTg?oc=5 "HTTP/1.1 302 Found"
2026-04-09 21:49:02 - httpx - INFO - HTTP Request: GET https://consent.google.com/m?continue=https://news.google.com/rss/articles/CBMikAFBVV95cUxPbnNieEQxajVFcXpVMlRsLVZWVTNFdG1jbjFERFlnMGdYM3ozcG1pUnh2Um5BSEY2MUt6TTNIWk4xSWZkb3BUdjAzSFFqbkZyUmRJRk5pNUhmRzhoUy1Ealc4QnE4a0lib2V1VU5xUndQRkN3eTNEbmRvcGoxUUtpZU9WTW1abWh3azExaDJfcTg?oc%3D5&gl=GB&m=0&pc=n&cm=2&hl=en-US&src=1 "HTTP/1.1 302 Found"
2026-04-09 21:49:02 - httpx - INFO - HTTP Request: GET https://consent.google.com/ml?continue=https://news.google.com/rss/articles/CBMikAFBVV95cUxPbnNieEQxajVFcXpVMlRsLVZWVTNFdG1jbjFERFlnMGdYM3ozcG1pUnh2Um5BSEY2MUt6TTNIWk4xSWZkb3BUdjAzSFFqbkZyUmRJRk5pNUhmRzhoUy1Ealc4QnE4a0lib2V1VU5xUndQRkN3eTNEbmRvcGoxUUtpZU9WTW1abWh3azExaDJfcTg?oc%3D5&gl=GB&hl=en-US&cm=2&pc=n&src=1&escs=AZ8E49BcqHOwLmoTQIUZReJOlBfMf-nCCTVU6N5f7482DExdxUtebdZO8pe8TSO3Xf7xNn7ihaxDvlVtcnXOCYp_Tz2JmHlIbGPX "HTTP/1.1 200 OK"
2026-04-09 21:49:03 - httpx - INFO - HTTP Request: GET https://news.google.com/rss/articles/CBMiV0FVX3lxTE16WnBubFZEaFh3aVlrNzJISjNuc2hMV1ozZlMtTjhDbDRZWEl4QmxQNnJDNk94MngyZVZKOHR3ZkYwSzNlQmlSeDd4YzE2SGJIUldjYlV2WQ?oc=5 "HTTP/1.1 302 Found"
2026-04-09 21:49:03 - httpx - INFO - HTTP Request: GET https://consent.google.com/m?continue=https://news.google.com/rss/articles/CBMiV0FVX3lxTE16WnBubFZEaFh3aVlrNzJISjNuc2hMV1ozZlMtTjhDbDRZWEl4QmxQNnJDNk94MngyZVZKOHR3ZkYwSzNlQmlSeDd4YzE2SGJIUldjYlV2WQ?oc%3D5&gl=GB&m=0&pc=n&cm=2&hl=en-US&src=1 "HTTP/1.1 302 Found"
2026-04-09 21:49:04 - httpx - INFO - HTTP Request: GET https://consent.google.com/ml?continue=https://news.google.com/rss/articles/CBMiV0FVX3lxTE16WnBubFZEaFh3aVlrNzJISjNuc2hMV1ozZlMtTjhDbDRZWEl4QmxQNnJDNk94MngyZVZKOHR3ZkYwSzNlQmlSeDd4YzE2SGJIUldjYlV2WQ?oc%3D5&gl=GB&hl=en-US&cm=2&pc=n&src=1&escs=AZ8E49BpyqTu_rvWEMa2O9hAQ7BLoYg3VjKI4EHNaQk0XeIZ0GR9cYKpNn37DbcGmWVf44D8QaUwEo2Dlms-QvQ5vLputg_GF0MK "HTTP/1.1 200 OK"
2026-04-09 21:49:04 - httpx - INFO - HTTP Request: GET https://news.google.com/rss/articles/CBMixwFBVV95cUxOUDNTcXdjSjlDNnowZUJfUzVhZzh2Q2VLbUVaYlBmcHJ5QTczbzFKOFBrbDYyM3QySHdSMlJWd184bVZmeHhSRFdYclJhWWt4TjM2bVhTeFZjQVNyT1JZVkgtUVRYZGQ3dmZNQk9pQS1mbHQ2Yk9JdWY4V2tlLTMyYmJFdXdaLW5EeUpETFV4V3VscU1rLVQ3c0dteWJuNFIzLUFKNzdtWk9zUDNxVlZyd0x0TC1EZURheXQ2SE5KM2NTc3BPTWZz?oc=5 "HTTP/1.1 302 Found"
2026-04-09 21:49:05 - httpx - INFO - HTTP Request: GET https://consent.google.com/m?continue=https://news.google.com/rss/articles/CBMixwFBVV95cUxOUDNTcXdjSjlDNnowZUJfUzVhZzh2Q2VLbUVaYlBmcHJ5QTczbzFKOFBrbDYyM3QySHdSMlJWd184bVZmeHhSRFdYclJhWWt4TjM2bVhTeFZjQVNyT1JZVkgtUVRYZGQ3dmZNQk9pQS1mbHQ2Yk9JdWY4V2tlLTMyYmJFdXdaLW5EeUpETFV4V3VscU1rLVQ3c0dteWJuNFIzLUFKNzdtWk9zUDNxVlZyd0x0TC1EZURheXQ2SE5KM2NTc3BPTWZz?oc%3D5&gl=GB&m=0&pc=n&cm=2&hl=en-US&src=1 "HTTP/1.1 302 Found"
2026-04-09 21:49:05 - httpx - INFO - HTTP Request: GET https://consent.google.com/ml?continue=https://news.google.com/rss/articles/CBMixwFBVV95cUxOUDNTcXdjSjlDNnowZUJfUzVhZzh2Q2VLbUVaYlBmcHJ5QTczbzFKOFBrbDYyM3QySHdSMlJWd184bVZmeHhSRFdYclJhWWt4TjM2bVhTeFZjQVNyT1JZVkgtUVRYZGQ3dmZNQk9pQS1mbHQ2Yk9JdWY4V2tlLTMyYmJFdXdaLW5EeUpETFV4V3VscU1rLVQ3c0dteWJuNFIzLUFKNzdtWk9zUDNxVlZyd0x0TC1EZURheXQ2SE5KM2NTc3BPTWZz?oc%3D5&gl=GB&hl=en-US&cm=2&pc=n&src=1&escs=AZ8E49DelZ6nP_gO_hgxdkN3r6vdHjTlQSLljD8sUEItLLQ42Uiqb8mioOFBaexDEGsAGXpN5fEpWthosChwfKY6_k4bGJIztV54 "HTTP/1.1 200 OK"
