INFO:     Started server process [44188]
INFO:     Waiting for application startup.
2026-04-09 21:50:05 - backend.app.core.application - INFO - Assistant platform initialized
INFO:     Application startup complete.
INFO:     Uvicorn running on http://127.0.0.1:8000 (Press CTRL+C to quit)
2026-04-09 21:50:28 - httpx - INFO - HTTP Request: GET https://nominatim.openstreetmap.org/search?q=London&format=jsonv2&limit=1 "HTTP/1.1 200 OK"
2026-04-09 21:50:29 - httpx - INFO - HTTP Request: GET https://nominatim.openstreetmap.org/search?q=Cambridge&format=jsonv2&limit=1 "HTTP/1.1 200 OK"
2026-04-09 21:50:30 - httpx - INFO - HTTP Request: GET https://router.project-osrm.org/route/v1/driving/-0.1277653,51.5074456;0.1186637,52.2055314?overview=false "HTTP/1.1 200 OK"
2026-04-09 21:50:47 - httpx - INFO - HTTP Request: GET https://news.google.com/rss/search?q=latest+world+news&hl=en-GB&gl=GB&ceid=GB%3Aen "HTTP/1.1 200 OK"
2026-04-09 21:50:48 - httpx - INFO - HTTP Request: GET https://news.google.com/rss/articles/CBMiV0FVX3lxTE45Y1huZzBQcHBtZ05aWGhsZWlNazZpbjhPNTN4MzdBcGxsWlEwclRXNlNSdWVaUDZtS2xOcHU2ZHo2TXdJSUU3Wk5zc05lNkVFQTRLUXdQSQ?oc=5 "HTTP/1.1 302 Found"
2026-04-09 21:50:48 - httpx - INFO - HTTP Request: GET https://consent.google.com/m?continue=https://news.google.com/rss/articles/CBMiV0FVX3lxTE45Y1huZzBQcHBtZ05aWGhsZWlNazZpbjhPNTN4MzdBcGxsWlEwclRXNlNSdWVaUDZtS2xOcHU2ZHo2TXdJSUU3Wk5zc05lNkVFQTRLUXdQSQ?oc%3D5&gl=GB&m=0&pc=n&cm=2&hl=en-US&src=1 "HTTP/1.1 302 Found"
2026-04-09 21:50:48 - httpx - INFO - HTTP Request: GET https://consent.google.com/ml?continue=https://news.google.com/rss/articles/CBMiV0FVX3lxTE45Y1huZzBQcHBtZ05aWGhsZWlNazZpbjhPNTN4MzdBcGxsWlEwclRXNlNSdWVaUDZtS2xOcHU2ZHo2TXdJSUU3Wk5zc05lNkVFQTRLUXdQSQ?oc%3D5&gl=GB&hl=en-US&cm=2&pc=n&src=1&escs=AZ8E49DO5R303bl4bmn417dhvx2Z7p40E64LElglV0eZZC4PfDVyPz_JwUJs06tSasMrK-qInwwenz3UNA5pgjR5lebhusqA5P_4 "HTTP/1.1 200 OK"
2026-04-09 21:50:49 - httpx - INFO - HTTP Request: GET https://nominatim.openstreetmap.org/search?q=Israel&format=jsonv2&limit=1 "HTTP/1.1 200 OK"
2026-04-09 21:50:50 - httpx - INFO - HTTP Request: GET https://news.google.com/rss/articles/CBMi0wFBVV95cUxPc3Ztakk5YnFMcXozdEdSaXRxU1RQYnZNTm5rMm1mWktkNzctVzRqQ0tNekRvb2VtTkJjYmdVTHJKeDFxRWZfQ1pSV1BiYThkaDI2cEc5d2cyek9wbVU4NEl0bGpNQUMxb2c3SEROUHAzZFhTaHBZR0REcjBQMTlpTUYyMXdRSW9KOXY5VFVRWFJfQ1o4V09ITGdyV3Q0U05nYk9qWTdNeTBwYkdCR0lycEFmekNWVUlCdFZ0dlFaY3RtMmQ2ZnFtcU5XVTRiamRIbEFr?oc=5 "HTTP/1.1 302 Found"
2026-04-09 21:50:50 - httpx - INFO - HTTP Request: GET https://consent.google.com/m?continue=https://news.google.com/rss/articles/CBMi0wFBVV95cUxPc3Ztakk5YnFMcXozdEdSaXRxU1RQYnZNTm5rMm1mWktkNzctVzRqQ0tNekRvb2VtTkJjYmdVTHJKeDFxRWZfQ1pSV1BiYThkaDI2cEc5d2cyek9wbVU4NEl0bGpNQUMxb2c3SEROUHAzZFhTaHBZR0REcjBQMTlpTUYyMXdRSW9KOXY5VFVRWFJfQ1o4V09ITGdyV3Q0U05nYk9qWTdNeTBwYkdCR0lycEFmekNWVUlCdFZ0dlFaY3RtMmQ2ZnFtcU5XVTRiamRIbEFr?oc%3D5&gl=GB&m=0&pc=n&cm=2&hl=en-US&src=1 "HTTP/1.1 302 Found"
2026-04-09 21:50:50 - httpx - INFO - HTTP Request: GET https://consent.google.com/ml?continue=https://news.google.com/rss/articles/CBMi0wFBVV95cUxPc3Ztakk5YnFMcXozdEdSaXRxU1RQYnZNTm5rMm1mWktkNzctVzRqQ0tNekRvb2VtTkJjYmdVTHJKeDFxRWZfQ1pSV1BiYThkaDI2cEc5d2cyek9wbVU4NEl0bGpNQUMxb2c3SEROUHAzZFhTaHBZR0REcjBQMTlpTUYyMXdRSW9KOXY5VFVRWFJfQ1o4V09ITGdyV3Q0U05nYk9qWTdNeTBwYkdCR0lycEFmekNWVUlCdFZ0dlFaY3RtMmQ2ZnFtcU5XVTRiamRIbEFr?oc%3D5&gl=GB&hl=en-US&cm=2&pc=n&src=1&escs=AZ8E49Ds-OmI3z74Lz7HVW3hyeTskfzzz9ycjfjYxBefDVGJ6k_hIi_YWabZSUMavvLf-ZzUXa7N7iifllluo0MZdJ8-6Zu6qeDB "HTTP/1.1 200 OK"
2026-04-09 21:50:51 - httpx - INFO - HTTP Request: GET https://news.google.com/rss/articles/CBMiZ0FVX3lxTE9ZZjh6Q201bkk4bWZ2aGZXbEc0a0dkY0ZUNEFLcndKVTNGcmQ0dU9lVThIU0dfUXhEUzYxV2ZUdWRLd1hWTGJscXpnRlI1YkJqS014WTc2eFRTZFpvbXF0ejdNZGNycWc?oc=5 "HTTP/1.1 302 Found"
2026-04-09 21:50:51 - httpx - INFO - HTTP Request: GET https://consent.google.com/m?continue=https://news.google.com/rss/articles/CBMiZ0FVX3lxTE9ZZjh6Q201bkk4bWZ2aGZXbEc0a0dkY0ZUNEFLcndKVTNGcmQ0dU9lVThIU0dfUXhEUzYxV2ZUdWRLd1hWTGJscXpnRlI1YkJqS014WTc2eFRTZFpvbXF0ejdNZGNycWc?oc%3D5&gl=GB&m=0&pc=n&cm=2&hl=en-US&src=1 "HTTP/1.1 302 Found"
2026-04-09 21:50:51 - httpx - INFO - HTTP Request: GET https://consent.google.com/ml?continue=https://news.google.com/rss/articles/CBMiZ0FVX3lxTE9ZZjh6Q201bkk4bWZ2aGZXbEc0a0dkY0ZUNEFLcndKVTNGcmQ0dU9lVThIU0dfUXhEUzYxV2ZUdWRLd1hWTGJscXpnRlI1YkJqS014WTc2eFRTZFpvbXF0ejdNZGNycWc?oc%3D5&gl=GB&hl=en-US&cm=2&pc=n&src=1&escs=AZ8E49Bs4kKf9-DqKL_LmdXz3MbdiKClx72SNd1SiezcVHEp9M3svcXiP6erd9POgWKFFH0p9nzaRLki-kFO41i5DQoF13kRVdzN "HTTP/1.1 200 OK"
2026-04-09 21:50:52 - httpx - INFO - HTTP Request: GET https://news.google.com/rss/articles/CBMikAFBVV95cUxPbnNieEQxajVFcXpVMlRsLVZWVTNFdG1jbjFERFlnMGdYM3ozcG1pUnh2Um5BSEY2MUt6TTNIWk4xSWZkb3BUdjAzSFFqbkZyUmRJRk5pNUhmRzhoUy1Ealc4QnE4a0lib2V1VU5xUndQRkN3eTNEbmRvcGoxUUtpZU9WTW1abWh3azExaDJfcTg?oc=5 "HTTP/1.1 302 Found"
2026-04-09 21:50:53 - httpx - INFO - HTTP Request: GET https://consent.google.com/m?continue=https://news.google.com/rss/articles/CBMikAFBVV95cUxPbnNieEQxajVFcXpVMlRsLVZWVTNFdG1jbjFERFlnMGdYM3ozcG1pUnh2Um5BSEY2MUt6TTNIWk4xSWZkb3BUdjAzSFFqbkZyUmRJRk5pNUhmRzhoUy1Ealc4QnE4a0lib2V1VU5xUndQRkN3eTNEbmRvcGoxUUtpZU9WTW1abWh3azExaDJfcTg?oc%3D5&gl=GB&m=0&pc=n&cm=2&hl=en-US&src=1 "HTTP/1.1 302 Found"
2026-04-09 21:50:53 - httpx - INFO - HTTP Request: GET https://consent.google.com/ml?continue=https://news.google.com/rss/articles/CBMikAFBVV95cUxPbnNieEQxajVFcXpVMlRsLVZWVTNFdG1jbjFERFlnMGdYM3ozcG1pUnh2Um5BSEY2MUt6TTNIWk4xSWZkb3BUdjAzSFFqbkZyUmRJRk5pNUhmRzhoUy1Ealc4QnE4a0lib2V1VU5xUndQRkN3eTNEbmRvcGoxUUtpZU9WTW1abWh3azExaDJfcTg?oc%3D5&gl=GB&hl=en-US&cm=2&pc=n&src=1&escs=AZ8E49Ajw67aa0cSSJ-vCdYeiyfHlYs72tAYQaljJyVebKgX1JWuK3I7SfHoEWLspVzLbKSZxtEfqZ4eL8kA3kRikdf-8zt5BwWB "HTTP/1.1 200 OK"
2026-04-09 21:50:53 - httpx - INFO - HTTP Request: GET https://news.google.com/rss/articles/CBMiV0FVX3lxTE16WnBubFZEaFh3aVlrNzJISjNuc2hMV1ozZlMtTjhDbDRZWEl4QmxQNnJDNk94MngyZVZKOHR3ZkYwSzNlQmlSeDd4YzE2SGJIUldjYlV2WQ?oc=5 "HTTP/1.1 302 Found"
2026-04-09 21:50:54 - httpx - INFO - HTTP Request: GET https://consent.google.com/m?continue=https://news.google.com/rss/articles/CBMiV0FVX3lxTE16WnBubFZEaFh3aVlrNzJISjNuc2hMV1ozZlMtTjhDbDRZWEl4QmxQNnJDNk94MngyZVZKOHR3ZkYwSzNlQmlSeDd4YzE2SGJIUldjYlV2WQ?oc%3D5&gl=GB&m=0&pc=n&cm=2&hl=en-US&src=1 "HTTP/1.1 302 Found"
2026-04-09 21:50:54 - httpx - INFO - HTTP Request: GET https://consent.google.com/ml?continue=https://news.google.com/rss/articles/CBMiV0FVX3lxTE16WnBubFZEaFh3aVlrNzJISjNuc2hMV1ozZlMtTjhDbDRZWEl4QmxQNnJDNk94MngyZVZKOHR3ZkYwSzNlQmlSeDd4YzE2SGJIUldjYlV2WQ?oc%3D5&gl=GB&hl=en-US&cm=2&pc=n&src=1&escs=AZ8E49AyWvpS3gystM6fM9qlDdSWV5hFLYUVS2KmlihBpipZCdV5UM7JY9XcrK-Ihnb2sSt8tXuLVNcQ6Y2IlY0E34f-a14kCJFn "HTTP/1.1 200 OK"
2026-04-09 21:50:54 - httpx - INFO - HTTP Request: GET https://news.google.com/rss/articles/CBMixwFBVV95cUxOUDNTcXdjSjlDNnowZUJfUzVhZzh2Q2VLbUVaYlBmcHJ5QTczbzFKOFBrbDYyM3QySHdSMlJWd184bVZmeHhSRFdYclJhWWt4TjM2bVhTeFZjQVNyT1JZVkgtUVRYZGQ3dmZNQk9pQS1mbHQ2Yk9JdWY4V2tlLTMyYmJFdXdaLW5EeUpETFV4V3VscU1rLVQ3c0dteWJuNFIzLUFKNzdtWk9zUDNxVlZyd0x0TC1EZURheXQ2SE5KM2NTc3BPTWZz?oc=5 "HTTP/1.1 302 Found"
2026-04-09 21:50:55 - httpx - INFO - HTTP Request: GET https://consent.google.com/m?continue=https://news.google.com/rss/articles/CBMixwFBVV95cUxOUDNTcXdjSjlDNnowZUJfUzVhZzh2Q2VLbUVaYlBmcHJ5QTczbzFKOFBrbDYyM3QySHdSMlJWd184bVZmeHhSRFdYclJhWWt4TjM2bVhTeFZjQVNyT1JZVkgtUVRYZGQ3dmZNQk9pQS1mbHQ2Yk9JdWY4V2tlLTMyYmJFdXdaLW5EeUpETFV4V3VscU1rLVQ3c0dteWJuNFIzLUFKNzdtWk9zUDNxVlZyd0x0TC1EZURheXQ2SE5KM2NTc3BPTWZz?oc%3D5&gl=GB&m=0&pc=n&cm=2&hl=en-US&src=1 "HTTP/1.1 302 Found"
2026-04-09 21:50:55 - httpx - INFO - HTTP Request: GET https://consent.google.com/ml?continue=https://news.google.com/rss/articles/CBMixwFBVV95cUxOUDNTcXdjSjlDNnowZUJfUzVhZzh2Q2VLbUVaYlBmcHJ5QTczbzFKOFBrbDYyM3QySHdSMlJWd184bVZmeHhSRFdYclJhWWt4TjM2bVhTeFZjQVNyT1JZVkgtUVRYZGQ3dmZNQk9pQS1mbHQ2Yk9JdWY4V2tlLTMyYmJFdXdaLW5EeUpETFV4V3VscU1rLVQ3c0dteWJuNFIzLUFKNzdtWk9zUDNxVlZyd0x0TC1EZURheXQ2SE5KM2NTc3BPTWZz?oc%3D5&gl=GB&hl=en-US&cm=2&pc=n&src=1&escs=AZ8E49CRennDXNlED5OZ12BOmnoMKN5DQGRxUkng1yCuzbxba1ncA-U2nVIzvOxm5zQiweKABolDyCr0ypwBFglMnaK868rwI6gA "HTTP/1.1 200 OK"
