2026-04-09 20:02:49,801 - __main__ - INFO - [main.py:214] - Starting server with uvicorn...
2026-04-09 20:02:49,875 - __main__ - INFO - [main.py:39] - ============================================================
2026-04-09 20:02:49,951 - __main__ - INFO - [main.py:41] - ============================================================
2026-04-09 20:02:49,951 - backend.core.router - INFO - [router.py:82] - Registered mode: conversation
2026-04-09 20:02:49,951 - backend.core.router - INFO - [router.py:75] - AssistantRouter initialized
2026-04-09 20:02:49,951 - __main__ - INFO - [main.py:45] - Assistant router initialized
2026-04-09 20:02:49,951 - __main__ - INFO - [main.py:49] - Available modes: conversation
2026-04-09 20:03:14,142 - __main__ - INFO - [main.py:214] - Starting server with uvicorn...
2026-04-09 20:03:14,189 - __main__ - INFO - [main.py:39] - ============================================================
2026-04-09 20:03:14,189 - __main__ - INFO - [main.py:40] - Personal AI Assistant - Personal AI Command Center
2026-04-09 20:03:14,189 - __main__ - INFO - [main.py:41] - ============================================================
2026-04-09 20:03:14,189 - backend.core.router - INFO - [router.py:82] - Registered mode: conversation
2026-04-09 20:03:14,189 - backend.core.router - INFO - [router.py:75] - AssistantRouter initialized
2026-04-09 20:03:14,189 - __main__ - INFO - [main.py:45] - Assistant router initialized
2026-04-09 20:03:14,189 - __main__ - INFO - [main.py:49] - Available modes: conversation
2026-04-09 20:03:14,190 - __main__ - INFO - [main.py:61] - ------------------------------------------------------------
2026-04-09 20:03:14,190 - __main__ - INFO - [main.py:62] - Shutting down Personal AI Assistant
2026-04-09 20:03:14,190 - __main__ - INFO - [main.py:63] - ------------------------------------------------------------
2026-04-09 20:03:44,495 - __main__ - INFO - [main.py:214] - Starting server with uvicorn...
2026-04-09 20:03:44,533 - __main__ - INFO - [main.py:39] - ============================================================
2026-04-09 20:03:44,533 - __main__ - INFO - [main.py:40] - Personal AI Assistant - Personal AI Command Center
2026-04-09 20:03:44,533 - __main__ - INFO - [main.py:41] - ============================================================
2026-04-09 20:03:44,534 - backend.core.router - INFO - [router.py:82] - Registered mode: conversation
2026-04-09 20:03:44,534 - backend.core.router - INFO - [router.py:75] - AssistantRouter initialized
2026-04-09 20:03:44,534 - __main__ - INFO - [main.py:45] - Assistant router initialized
2026-04-09 20:03:44,534 - __main__ - INFO - [main.py:49] - Available modes: conversation
2026-04-09 20:04:24,496 - backend.modes.conversation.engine - INFO - [engine.py:137] - Conversation mode activated
2026-04-09 20:04:24,497 - backend.core.router - INFO - [router.py:129] - Active mode switched to: conversation
2026-04-09 20:06:00,897 - __main__ - INFO - [main.py:214] - Starting server with uvicorn...
2026-04-09 20:06:00,933 - __main__ - INFO - [main.py:39] - ============================================================
2026-04-09 20:06:00,933 - __main__ - INFO - [main.py:40] - Personal AI Assistant - Personal AI Command Center
2026-04-09 20:06:00,933 - __main__ - INFO - [main.py:41] - ============================================================
2026-04-09 20:06:00,933 - backend.core.router - INFO - [router.py:83] - Registered mode: conversation
2026-04-09 20:06:00,934 - backend.modes.decision.engine - INFO - [engine.py:60] - Decision engine initialized
2026-04-09 20:06:00,934 - backend.core.router - INFO - [router.py:88] - Registered mode: decision
2026-04-09 20:06:00,934 - backend.core.router - INFO - [router.py:76] - AssistantRouter initialized
2026-04-09 20:06:00,934 - __main__ - INFO - [main.py:45] - Assistant router initialized
2026-04-09 20:06:00,934 - __main__ - INFO - [main.py:49] - Available modes: conversation, decision
2026-04-09 20:06:00,935 - __main__ - INFO - [main.py:61] - ------------------------------------------------------------
2026-04-09 20:06:00,935 - __main__ - INFO - [main.py:62] - Shutting down Personal AI Assistant
2026-04-09 20:06:00,935 - __main__ - INFO - [main.py:63] - ------------------------------------------------------------
2026-04-09 20:06:47,979 - __main__ - INFO - [main.py:214] - Starting server with uvicorn...
2026-04-09 20:06:48,021 - __main__ - INFO - [main.py:39] - ============================================================
2026-04-09 20:06:48,021 - __main__ - INFO - [main.py:40] - Personal AI Assistant - Personal AI Command Center
2026-04-09 20:06:48,022 - __main__ - INFO - [main.py:41] - ============================================================
2026-04-09 20:06:48,022 - backend.core.router - INFO - [router.py:83] - Registered mode: conversation
2026-04-09 20:06:48,022 - backend.modes.decision.engine - INFO - [engine.py:60] - Decision engine initialized
2026-04-09 20:06:48,022 - backend.core.router - INFO - [router.py:88] - Registered mode: decision
2026-04-09 20:06:48,022 - backend.core.router - INFO - [router.py:76] - AssistantRouter initialized
2026-04-09 20:06:48,022 - __main__ - INFO - [main.py:45] - Assistant router initialized
2026-04-09 20:06:48,022 - __main__ - INFO - [main.py:49] - Available modes: conversation, decision
2026-04-09 20:07:40,239 - backend.modes.decision.engine - INFO - [engine.py:153] - MAGI decision mode activated
2026-04-09 20:07:40,239 - backend.core.router - INFO - [router.py:132] - Active mode switched to: decision
2026-04-09 20:07:40,240 - backend.core.router - ERROR - [router.py:239] - Error in decision mode processing
Traceback (most recent call last):
  File "C:\Users\IshaanV\Documents\GitHub\Assistant\backend\core\router.py", line 218, in _process_decision_mode
    decision_result = run_pipeline(magi_input)
  File "C:\Users\IshaanV\Documents\GitHub\Assistant\backend\modes\decision\orchestrator.py", line 39, in run_pipeline
    situation_model = generate_world_model(user_input)
  File "C:\Users\IshaanV\Documents\GitHub\Assistant\backend\modes\decision\world_model.py", line 15, in generate_world_model
    system_prompt=load_prompt(WORLD_MODEL_PROMPT),
                  ~~~~~~~~~~~^^^^^^^^^^^^^^^^^^^^
  File "C:\Users\IshaanV\Documents\GitHub\Assistant\backend\modes\decision\models.py", line 18, in load_prompt
    return Path(prompt_path).read_text(encoding="utf-8").strip()
           ~~~~~~~~~~~~~~~~~~~~~~~~~~~^^^^^^^^^^^^^^^^^^
  File "C:\Users\IshaanV\AppData\Local\Programs\Python\Python313\Lib\pathlib\_local.py", line 546, in read_text
    return PathBase.read_text(self, encoding, errors, newline)
           ~~~~~~~~~~~~~~~~~~^^^^^^^^^^^^^^^^^^^^^^^^^^^^^^^^^
  File "C:\Users\IshaanV\AppData\Local\Programs\Python\Python313\Lib\pathlib\_abc.py", line 632, in read_text
    with self.open(mode='r', encoding=encoding, errors=errors, newline=newline) as f:
         ~~~~~~~~~^^^^^^^^^^^^^^^^^^^^^^^^^^^^^^^^^^^^^^^^^^^^^^^^^^^^^^^^^^^^^
  File "C:\Users\IshaanV\AppData\Local\Programs\Python\Python313\Lib\pathlib\_local.py", line 537, in open
    return io.open(self, mode, buffering, encoding, errors, newline)
           ~~~~~~~^^^^^^^^^^^^^^^^^^^^^^^^^^^^^^^^^^^^^^^^^^^^^^^^^^
FileNotFoundError: [Errno 2] No such file or directory: 'C:\\Users\\IshaanV\\Documents\\GitHub\\Assistant\\backend\\prompts\\world_model.txt'
2026-04-09 20:08:00,252 - __main__ - INFO - [main.py:214] - Starting server with uvicorn...
2026-04-09 20:08:00,298 - __main__ - INFO - [main.py:39] - ============================================================
2026-04-09 20:08:00,298 - __main__ - INFO - [main.py:40] - Personal AI Assistant - Personal AI Command Center
2026-04-09 20:08:00,298 - __main__ - INFO - [main.py:41] - ============================================================
2026-04-09 20:08:00,298 - backend.core.router - INFO - [router.py:83] - Registered mode: conversation
2026-04-09 20:08:00,298 - backend.modes.decision.engine - INFO - [engine.py:61] - Decision engine initialized
2026-04-09 20:08:00,299 - backend.core.router - INFO - [router.py:88] - Registered mode: decision
2026-04-09 20:08:00,299 - backend.core.router - INFO - [router.py:76] - AssistantRouter initialized
2026-04-09 20:08:00,299 - __main__ - INFO - [main.py:45] - Assistant router initialized
2026-04-09 20:08:00,299 - __main__ - INFO - [main.py:49] - Available modes: conversation, decision
2026-04-09 20:08:13,496 - backend.modes.decision.engine - INFO - [engine.py:154] - MAGI decision mode activated
2026-04-09 20:08:13,497 - backend.core.router - INFO - [router.py:132] - Active mode switched to: decision
2026-04-09 20:08:20,152 - __main__ - INFO - [main.py:214] - Starting server with uvicorn...
2026-04-09 20:08:20,195 - __main__ - INFO - [main.py:39] - ============================================================
2026-04-09 20:08:20,195 - __main__ - INFO - [main.py:40] - Personal AI Assistant - Personal AI Command Center
2026-04-09 20:08:20,195 - __main__ - INFO - [main.py:41] - ============================================================
2026-04-09 20:08:20,196 - backend.core.router - INFO - [router.py:83] - Registered mode: conversation
2026-04-09 20:08:20,196 - backend.modes.decision.engine - INFO - [engine.py:61] - Decision engine initialized
2026-04-09 20:08:20,196 - backend.core.router - INFO - [router.py:88] - Registered mode: decision
2026-04-09 20:08:20,196 - backend.core.router - INFO - [router.py:76] - AssistantRouter initialized
2026-04-09 20:08:20,196 - __main__ - INFO - [main.py:45] - Assistant router initialized
2026-04-09 20:08:20,196 - __main__ - INFO - [main.py:49] - Available modes: conversation, decision
2026-04-09 20:08:32,497 - backend.modes.decision.engine - INFO - [engine.py:154] - MAGI decision mode activated
2026-04-09 20:08:32,497 - backend.core.router - INFO - [router.py:132] - Active mode switched to: decision
2026-04-09 20:10:34,896 - __main__ - INFO - [main.py:214] - Starting server with uvicorn...
2026-04-09 20:10:34,935 - __main__ - INFO - [main.py:39] - ============================================================
2026-04-09 20:10:34,935 - __main__ - INFO - [main.py:40] - Personal AI Assistant - Personal AI Command Center
2026-04-09 20:10:34,936 - __main__ - INFO - [main.py:41] - ============================================================
2026-04-09 20:10:34,936 - backend.core.router - INFO - [router.py:83] - Registered mode: conversation
2026-04-09 20:10:34,936 - backend.modes.decision.engine - INFO - [engine.py:61] - Decision engine initialized
2026-04-09 20:10:34,936 - backend.core.router - INFO - [router.py:88] - Registered mode: decision
2026-04-09 20:10:34,936 - backend.core.router - INFO - [router.py:76] - AssistantRouter initialized
2026-04-09 20:10:34,936 - __main__ - INFO - [main.py:45] - Assistant router initialized
2026-04-09 20:10:34,936 - __main__ - INFO - [main.py:49] - Available modes: conversation, decision
2026-04-09 20:10:34,937 - __main__ - INFO - [main.py:61] - ------------------------------------------------------------
2026-04-09 20:10:34,937 - __main__ - INFO - [main.py:62] - Shutting down Personal AI Assistant
2026-04-09 20:10:34,937 - __main__ - INFO - [main.py:63] - ------------------------------------------------------------
2026-04-09 20:10:43,322 - __main__ - INFO - [main.py:214] - Starting server with uvicorn...
2026-04-09 20:10:43,362 - __main__ - INFO - [main.py:39] - ============================================================
2026-04-09 20:10:43,362 - __main__ - INFO - [main.py:40] - Personal AI Assistant - Personal AI Command Center
2026-04-09 20:10:43,363 - __main__ - INFO - [main.py:41] - ============================================================
2026-04-09 20:10:43,363 - backend.core.router - INFO - [router.py:83] - Registered mode: conversation
2026-04-09 20:10:43,363 - backend.modes.decision.engine - INFO - [engine.py:61] - Decision engine initialized
2026-04-09 20:10:43,363 - backend.core.router - INFO - [router.py:88] - Registered mode: decision
2026-04-09 20:10:43,363 - backend.core.router - INFO - [router.py:76] - AssistantRouter initialized
2026-04-09 20:10:43,363 - __main__ - INFO - [main.py:45] - Assistant router initialized
2026-04-09 20:10:43,364 - __main__ - INFO - [main.py:49] - Available modes: conversation, decision
2026-04-09 21:09:11,316 - backend.app.core.application - INFO - [application.py:20] - Assistant platform initialized
2026-04-09 21:09:17,575 - httpx - INFO - [_client.py:1740] - HTTP Request: POST http://localhost:11434/api/chat "HTTP/1.1 200 OK"
2026-04-09 21:10:08,221 - backend.app.core.application - INFO - [application.py:20] - Assistant platform initialized
2026-04-09 21:10:08,227 - backend.app.core.application - INFO - [application.py:22] - Assistant platform shutdown
2026-04-09 21:10:15,082 - httpx - INFO - [_client.py:1740] - HTTP Request: POST http://localhost:11434/api/chat "HTTP/1.1 200 OK"
2026-04-09 21:21:21,671 - backend.app.core.application - INFO - [application.py:20] - Assistant platform initialized
2026-04-09 21:22:29,569 - httpx - INFO - [_client.py:1740] - HTTP Request: POST http://localhost:11434/api/chat "HTTP/1.1 200 OK"
2026-04-09 21:24:18,975 - httpx - INFO - [_client.py:1740] - HTTP Request: POST http://localhost:11434/api/chat "HTTP/1.1 200 OK"
2026-04-09 21:24:55,476 - httpx - INFO - [_client.py:1740] - HTTP Request: POST http://localhost:11434/api/chat "HTTP/1.1 200 OK"
2026-04-09 21:30:49,342 - backend.app.core.application - INFO - [application.py:20] - Assistant platform initialized
2026-04-09 21:30:54,109 - httpx - INFO - [_client.py:1740] - HTTP Request: GET https://news.google.com/rss/search?q=latest+AI+news&hl=en-GB&gl=GB&ceid=GB%3Aen "HTTP/1.1 200 OK"
2026-04-09 21:30:55,351 - httpx - INFO - [_client.py:1740] - HTTP Request: GET https://news.google.com/rss/search?q=latest+AI+news&hl=en-GB&gl=GB&ceid=GB%3Aen "HTTP/1.1 200 OK"
2026-04-09 21:31:11,331 - httpx - INFO - [_client.py:1740] - HTTP Request: GET https://news.google.com/rss/search?q=latest+AI+news&hl=en-GB&gl=GB&ceid=GB%3Aen "HTTP/1.1 200 OK"
2026-04-09 21:31:11,613 - httpx - INFO - [_client.py:1740] - HTTP Request: GET https://news.google.com/rss/search?q=latest+AI+news&hl=en-GB&gl=GB&ceid=GB%3Aen "HTTP/1.1 200 OK"
2026-04-09 21:31:50,931 - httpx - INFO - [_client.py:1740] - HTTP Request: GET https://news.google.com/rss/search?q=latest+glohbal+news&hl=en-GB&gl=GB&ceid=GB%3Aen "HTTP/1.1 200 OK"
2026-04-09 21:32:38,163 - httpx - INFO - [_client.py:1740] - HTTP Request: POST http://localhost:11434/api/chat "HTTP/1.1 200 OK"
2026-04-09 21:44:49,777 - httpx - INFO - [_client.py:1740] - HTTP Request: GET https://news.google.com/rss/search?q=latest+world+news&hl=en-GB&gl=GB&ceid=GB%3Aen "HTTP/1.1 200 OK"
2026-04-09 21:44:50,614 - httpx - INFO - [_client.py:1740] - HTTP Request: GET https://news.google.com/rss/articles/CBMiV0FVX3lxTE45Y1huZzBQcHBtZ05aWGhsZWlNazZpbjhPNTN4MzdBcGxsWlEwclRXNlNSdWVaUDZtS2xOcHU2ZHo2TXdJSUU3Wk5zc05lNkVFQTRLUXdQSQ?oc=5 "HTTP/1.1 302 Found"
2026-04-09 21:44:51,163 - httpx - INFO - [_client.py:1740] - HTTP Request: GET https://consent.google.com/m?continue=https://news.google.com/rss/articles/CBMiV0FVX3lxTE45Y1huZzBQcHBtZ05aWGhsZWlNazZpbjhPNTN4MzdBcGxsWlEwclRXNlNSdWVaUDZtS2xOcHU2ZHo2TXdJSUU3Wk5zc05lNkVFQTRLUXdQSQ?oc%3D5&gl=GB&m=0&pc=n&cm=2&hl=en-US&src=1 "HTTP/1.1 302 Found"
2026-04-09 21:44:51,242 - httpx - INFO - [_client.py:1740] - HTTP Request: GET https://consent.google.com/ml?continue=https://news.google.com/rss/articles/CBMiV0FVX3lxTE45Y1huZzBQcHBtZ05aWGhsZWlNazZpbjhPNTN4MzdBcGxsWlEwclRXNlNSdWVaUDZtS2xOcHU2ZHo2TXdJSUU3Wk5zc05lNkVFQTRLUXdQSQ?oc%3D5&gl=GB&hl=en-US&cm=2&pc=n&src=1&escs=AZ8E49BWZ7itGgFUufLFInf71WJSb63GCsv4lcvb2mKOrLQqY5OtfV7mSdNzgrpkbfJxc-gyhpJaaUUtlUvLvFTOYQt8C3h3i3H2 "HTTP/1.1 200 OK"
2026-04-09 21:44:52,072 - httpx - INFO - [_client.py:1740] - HTTP Request: GET https://news.google.com/rss/articles/CBMi0wFBVV95cUxPc3Ztakk5YnFMcXozdEdSaXRxU1RQYnZNTm5rMm1mWktkNzctVzRqQ0tNekRvb2VtTkJjYmdVTHJKeDFxRWZfQ1pSV1BiYThkaDI2cEc5d2cyek9wbVU4NEl0bGpNQUMxb2c3SEROUHAzZFhTaHBZR0REcjBQMTlpTUYyMXdRSW9KOXY5VFVRWFJfQ1o4V09ITGdyV3Q0U05nYk9qWTdNeTBwYkdCR0lycEFmekNWVUlCdFZ0dlFaY3RtMmQ2ZnFtcU5XVTRiamRIbEFr?oc=5 "HTTP/1.1 302 Found"
2026-04-09 21:44:52,537 - httpx - INFO - [_client.py:1740] - HTTP Request: GET https://consent.google.com/m?continue=https://news.google.com/rss/articles/CBMi0wFBVV95cUxPc3Ztakk5YnFMcXozdEdSaXRxU1RQYnZNTm5rMm1mWktkNzctVzRqQ0tNekRvb2VtTkJjYmdVTHJKeDFxRWZfQ1pSV1BiYThkaDI2cEc5d2cyek9wbVU4NEl0bGpNQUMxb2c3SEROUHAzZFhTaHBZR0REcjBQMTlpTUYyMXdRSW9KOXY5VFVRWFJfQ1o4V09ITGdyV3Q0U05nYk9qWTdNeTBwYkdCR0lycEFmekNWVUlCdFZ0dlFaY3RtMmQ2ZnFtcU5XVTRiamRIbEFr?oc%3D5&gl=GB&m=0&pc=n&cm=2&hl=en-US&src=1 "HTTP/1.1 302 Found"
2026-04-09 21:44:52,622 - httpx - INFO - [_client.py:1740] - HTTP Request: GET https://consent.google.com/ml?continue=https://news.google.com/rss/articles/CBMi0wFBVV95cUxPc3Ztakk5YnFMcXozdEdSaXRxU1RQYnZNTm5rMm1mWktkNzctVzRqQ0tNekRvb2VtTkJjYmdVTHJKeDFxRWZfQ1pSV1BiYThkaDI2cEc5d2cyek9wbVU4NEl0bGpNQUMxb2c3SEROUHAzZFhTaHBZR0REcjBQMTlpTUYyMXdRSW9KOXY5VFVRWFJfQ1o4V09ITGdyV3Q0U05nYk9qWTdNeTBwYkdCR0lycEFmekNWVUlCdFZ0dlFaY3RtMmQ2ZnFtcU5XVTRiamRIbEFr?oc%3D5&gl=GB&hl=en-US&cm=2&pc=n&src=1&escs=AZ8E49BHEEvXUs6lX8eyKQTuH6VcMI_zRkcArR2FxnyehyieLphK_JqTPry2ZPID5RsfGMkaVnrU1QjoTn5xq7jq0xS5ffnP6lXS "HTTP/1.1 200 OK"
2026-04-09 21:44:53,496 - httpx - INFO - [_client.py:1740] - HTTP Request: GET https://news.google.com/rss/articles/CBMiZ0FVX3lxTE9ZZjh6Q201bkk4bWZ2aGZXbEc0a0dkY0ZUNEFLcndKVTNGcmQ0dU9lVThIU0dfUXhEUzYxV2ZUdWRLd1hWTGJscXpnRlI1YkJqS014WTc2eFRTZFpvbXF0ejdNZGNycWc?oc=5 "HTTP/1.1 302 Found"
2026-04-09 21:44:53,968 - httpx - INFO - [_client.py:1740] - HTTP Request: GET https://consent.google.com/m?continue=https://news.google.com/rss/articles/CBMiZ0FVX3lxTE9ZZjh6Q201bkk4bWZ2aGZXbEc0a0dkY0ZUNEFLcndKVTNGcmQ0dU9lVThIU0dfUXhEUzYxV2ZUdWRLd1hWTGJscXpnRlI1YkJqS014WTc2eFRTZFpvbXF0ejdNZGNycWc?oc%3D5&gl=GB&m=0&pc=n&cm=2&hl=en-US&src=1 "HTTP/1.1 302 Found"
2026-04-09 21:44:54,046 - httpx - INFO - [_client.py:1740] - HTTP Request: GET https://consent.google.com/ml?continue=https://news.google.com/rss/articles/CBMiZ0FVX3lxTE9ZZjh6Q201bkk4bWZ2aGZXbEc0a0dkY0ZUNEFLcndKVTNGcmQ0dU9lVThIU0dfUXhEUzYxV2ZUdWRLd1hWTGJscXpnRlI1YkJqS014WTc2eFRTZFpvbXF0ejdNZGNycWc?oc%3D5&gl=GB&hl=en-US&cm=2&pc=n&src=1&escs=AZ8E49Dc6zz7YZI8byssoBTmcKgfqkcZJeia3rb52Bk_z4P9C0U5oseNsGlx9SXaR2wX6Tx1huTkzlF4HzynuCLd0wU7q3ou2B1w "HTTP/1.1 200 OK"
2026-04-09 21:44:54,845 - httpx - INFO - [_client.py:1740] - HTTP Request: GET https://news.google.com/rss/articles/CBMikAFBVV95cUxPbnNieEQxajVFcXpVMlRsLVZWVTNFdG1jbjFERFlnMGdYM3ozcG1pUnh2Um5BSEY2MUt6TTNIWk4xSWZkb3BUdjAzSFFqbkZyUmRJRk5pNUhmRzhoUy1Ealc4QnE4a0lib2V1VU5xUndQRkN3eTNEbmRvcGoxUUtpZU9WTW1abWh3azExaDJfcTg?oc=5 "HTTP/1.1 302 Found"
2026-04-09 21:44:55,314 - httpx - INFO - [_client.py:1740] - HTTP Request: GET https://consent.google.com/m?continue=https://news.google.com/rss/articles/CBMikAFBVV95cUxPbnNieEQxajVFcXpVMlRsLVZWVTNFdG1jbjFERFlnMGdYM3ozcG1pUnh2Um5BSEY2MUt6TTNIWk4xSWZkb3BUdjAzSFFqbkZyUmRJRk5pNUhmRzhoUy1Ealc4QnE4a0lib2V1VU5xUndQRkN3eTNEbmRvcGoxUUtpZU9WTW1abWh3azExaDJfcTg?oc%3D5&gl=GB&m=0&pc=n&cm=2&hl=en-US&src=1 "HTTP/1.1 302 Found"
2026-04-09 21:44:55,393 - httpx - INFO - [_client.py:1740] - HTTP Request: GET https://consent.google.com/ml?continue=https://news.google.com/rss/articles/CBMikAFBVV95cUxPbnNieEQxajVFcXpVMlRsLVZWVTNFdG1jbjFERFlnMGdYM3ozcG1pUnh2Um5BSEY2MUt6TTNIWk4xSWZkb3BUdjAzSFFqbkZyUmRJRk5pNUhmRzhoUy1Ealc4QnE4a0lib2V1VU5xUndQRkN3eTNEbmRvcGoxUUtpZU9WTW1abWh3azExaDJfcTg?oc%3D5&gl=GB&hl=en-US&cm=2&pc=n&src=1&escs=AZ8E49DIKfkQx3naRXRASr5qCRGVWZDKhYA6Oi3KEWqWkBKS7w_B51PTdeBlhbd2GYjheQBaWEF0mzzyoOeuXCvwL4WIXCvjoQyy "HTTP/1.1 200 OK"
2026-04-09 21:44:56,178 - httpx - INFO - [_client.py:1740] - HTTP Request: GET https://news.google.com/rss/articles/CBMiV0FVX3lxTE16WnBubFZEaFh3aVlrNzJISjNuc2hMV1ozZlMtTjhDbDRZWEl4QmxQNnJDNk94MngyZVZKOHR3ZkYwSzNlQmlSeDd4YzE2SGJIUldjYlV2WQ?oc=5 "HTTP/1.1 302 Found"
2026-04-09 21:44:56,660 - httpx - INFO - [_client.py:1740] - HTTP Request: GET https://consent.google.com/m?continue=https://news.google.com/rss/articles/CBMiV0FVX3lxTE16WnBubFZEaFh3aVlrNzJISjNuc2hMV1ozZlMtTjhDbDRZWEl4QmxQNnJDNk94MngyZVZKOHR3ZkYwSzNlQmlSeDd4YzE2SGJIUldjYlV2WQ?oc%3D5&gl=GB&m=0&pc=n&cm=2&hl=en-US&src=1 "HTTP/1.1 302 Found"
2026-04-09 21:44:56,743 - httpx - INFO - [_client.py:1740] - HTTP Request: GET https://consent.google.com/ml?continue=https://news.google.com/rss/articles/CBMiV0FVX3lxTE16WnBubFZEaFh3aVlrNzJISjNuc2hMV1ozZlMtTjhDbDRZWEl4QmxQNnJDNk94MngyZVZKOHR3ZkYwSzNlQmlSeDd4YzE2SGJIUldjYlV2WQ?oc%3D5&gl=GB&hl=en-US&cm=2&pc=n&src=1&escs=AZ8E49AhDrJe4E9KhU55Wftr6o9LZ0XoLGosvHfnf9cMujim4rsvObT0FTEbtCL2zkRDwccjX5UqsV8b4l_GOetvTmcdto8mfd4x "HTTP/1.1 200 OK"
2026-04-09 21:44:57,540 - httpx - INFO - [_client.py:1740] - HTTP Request: GET https://news.google.com/rss/articles/CBMixwFBVV95cUxOUDNTcXdjSjlDNnowZUJfUzVhZzh2Q2VLbUVaYlBmcHJ5QTczbzFKOFBrbDYyM3QySHdSMlJWd184bVZmeHhSRFdYclJhWWt4TjM2bVhTeFZjQVNyT1JZVkgtUVRYZGQ3dmZNQk9pQS1mbHQ2Yk9JdWY4V2tlLTMyYmJFdXdaLW5EeUpETFV4V3VscU1rLVQ3c0dteWJuNFIzLUFKNzdtWk9zUDNxVlZyd0x0TC1EZURheXQ2SE5KM2NTc3BPTWZz?oc=5 "HTTP/1.1 302 Found"
2026-04-09 21:44:57,987 - httpx - INFO - [_client.py:1740] - HTTP Request: GET https://consent.google.com/m?continue=https://news.google.com/rss/articles/CBMixwFBVV95cUxOUDNTcXdjSjlDNnowZUJfUzVhZzh2Q2VLbUVaYlBmcHJ5QTczbzFKOFBrbDYyM3QySHdSMlJWd184bVZmeHhSRFdYclJhWWt4TjM2bVhTeFZjQVNyT1JZVkgtUVRYZGQ3dmZNQk9pQS1mbHQ2Yk9JdWY4V2tlLTMyYmJFdXdaLW5EeUpETFV4V3VscU1rLVQ3c0dteWJuNFIzLUFKNzdtWk9zUDNxVlZyd0x0TC1EZURheXQ2SE5KM2NTc3BPTWZz?oc%3D5&gl=GB&m=0&pc=n&cm=2&hl=en-US&src=1 "HTTP/1.1 302 Found"
2026-04-09 21:44:58,065 - httpx - INFO - [_client.py:1740] - HTTP Request: GET https://consent.google.com/ml?continue=https://news.google.com/rss/articles/CBMixwFBVV95cUxOUDNTcXdjSjlDNnowZUJfUzVhZzh2Q2VLbUVaYlBmcHJ5QTczbzFKOFBrbDYyM3QySHdSMlJWd184bVZmeHhSRFdYclJhWWt4TjM2bVhTeFZjQVNyT1JZVkgtUVRYZGQ3dmZNQk9pQS1mbHQ2Yk9JdWY4V2tlLTMyYmJFdXdaLW5EeUpETFV4V3VscU1rLVQ3c0dteWJuNFIzLUFKNzdtWk9zUDNxVlZyd0x0TC1EZURheXQ2SE5KM2NTc3BPTWZz?oc%3D5&gl=GB&hl=en-US&cm=2&pc=n&src=1&escs=AZ8E49D8RH7tLfxlzWeuACLgW2rh0WyWLjYhJPgGeU86cjUdzkmcCbLiQGjPVKiVPeA7KAPA4Laprv1OF9k5rpN19TVzhedAhB7p "HTTP/1.1 200 OK"
2026-04-09 21:45:39,120 - httpx - INFO - [_client.py:1740] - HTTP Request: GET https://news.google.com/rss/search?q=latest+world+news&hl=en-GB&gl=GB&ceid=GB%3Aen "HTTP/1.1 200 OK"
2026-04-09 21:45:39,990 - httpx - INFO - [_client.py:1740] - HTTP Request: GET https://news.google.com/rss/articles/CBMiV0FVX3lxTE45Y1huZzBQcHBtZ05aWGhsZWlNazZpbjhPNTN4MzdBcGxsWlEwclRXNlNSdWVaUDZtS2xOcHU2ZHo2TXdJSUU3Wk5zc05lNkVFQTRLUXdQSQ?oc=5 "HTTP/1.1 302 Found"
2026-04-09 21:45:40,455 - httpx - INFO - [_client.py:1740] - HTTP Request: GET https://consent.google.com/m?continue=https://news.google.com/rss/articles/CBMiV0FVX3lxTE45Y1huZzBQcHBtZ05aWGhsZWlNazZpbjhPNTN4MzdBcGxsWlEwclRXNlNSdWVaUDZtS2xOcHU2ZHo2TXdJSUU3Wk5zc05lNkVFQTRLUXdQSQ?oc%3D5&gl=GB&m=0&pc=n&cm=2&hl=en-US&src=1 "HTTP/1.1 302 Found"
2026-04-09 21:45:40,530 - httpx - INFO - [_client.py:1740] - HTTP Request: GET https://consent.google.com/ml?continue=https://news.google.com/rss/articles/CBMiV0FVX3lxTE45Y1huZzBQcHBtZ05aWGhsZWlNazZpbjhPNTN4MzdBcGxsWlEwclRXNlNSdWVaUDZtS2xOcHU2ZHo2TXdJSUU3Wk5zc05lNkVFQTRLUXdQSQ?oc%3D5&gl=GB&hl=en-US&cm=2&pc=n&src=1&escs=AZ8E49D9j2T0duafqdonHzxSRIlKQ8tbVRN-5P8JQOLCP3DlUkbDyu93evF20q3hPn4TGSAKPO47692NxZqtuyp3pdBe6tgXJLpg "HTTP/1.1 200 OK"
2026-04-09 21:45:41,306 - httpx - INFO - [_client.py:1740] - HTTP Request: GET https://news.google.com/rss/articles/CBMi0wFBVV95cUxPc3Ztakk5YnFMcXozdEdSaXRxU1RQYnZNTm5rMm1mWktkNzctVzRqQ0tNekRvb2VtTkJjYmdVTHJKeDFxRWZfQ1pSV1BiYThkaDI2cEc5d2cyek9wbVU4NEl0bGpNQUMxb2c3SEROUHAzZFhTaHBZR0REcjBQMTlpTUYyMXdRSW9KOXY5VFVRWFJfQ1o4V09ITGdyV3Q0U05nYk9qWTdNeTBwYkdCR0lycEFmekNWVUlCdFZ0dlFaY3RtMmQ2ZnFtcU5XVTRiamRIbEFr?oc=5 "HTTP/1.1 302 Found"
2026-04-09 21:45:41,791 - httpx - INFO - [_client.py:1740] - HTTP Request: GET https://consent.google.com/m?continue=https://news.google.com/rss/articles/CBMi0wFBVV95cUxPc3Ztakk5YnFMcXozdEdSaXRxU1RQYnZNTm5rMm1mWktkNzctVzRqQ0tNekRvb2VtTkJjYmdVTHJKeDFxRWZfQ1pSV1BiYThkaDI2cEc5d2cyek9wbVU4NEl0bGpNQUMxb2c3SEROUHAzZFhTaHBZR0REcjBQMTlpTUYyMXdRSW9KOXY5VFVRWFJfQ1o4V09ITGdyV3Q0U05nYk9qWTdNeTBwYkdCR0lycEFmekNWVUlCdFZ0dlFaY3RtMmQ2ZnFtcU5XVTRiamRIbEFr?oc%3D5&gl=GB&m=0&pc=n&cm=2&hl=en-US&src=1 "HTTP/1.1 302 Found"
2026-04-09 21:45:41,870 - httpx - INFO - [_client.py:1740] - HTTP Request: GET https://consent.google.com/ml?continue=https://news.google.com/rss/articles/CBMi0wFBVV95cUxPc3Ztakk5YnFMcXozdEdSaXRxU1RQYnZNTm5rMm1mWktkNzctVzRqQ0tNekRvb2VtTkJjYmdVTHJKeDFxRWZfQ1pSV1BiYThkaDI2cEc5d2cyek9wbVU4NEl0bGpNQUMxb2c3SEROUHAzZFhTaHBZR0REcjBQMTlpTUYyMXdRSW9KOXY5VFVRWFJfQ1o4V09ITGdyV3Q0U05nYk9qWTdNeTBwYkdCR0lycEFmekNWVUlCdFZ0dlFaY3RtMmQ2ZnFtcU5XVTRiamRIbEFr?oc%3D5&gl=GB&hl=en-US&cm=2&pc=n&src=1&escs=AZ8E49BfquswDpHcj4PHqP0XGegWXlD_Di6WAaWNT_oVC8VG1F7Ytk04gh2dfEHcfoaquHrjOS4zYIiAez54wv0hkkiqVf4hw0Uy "HTTP/1.1 200 OK"
2026-04-09 21:45:42,624 - httpx - INFO - [_client.py:1740] - HTTP Request: GET https://news.google.com/rss/articles/CBMiZ0FVX3lxTE9ZZjh6Q201bkk4bWZ2aGZXbEc0a0dkY0ZUNEFLcndKVTNGcmQ0dU9lVThIU0dfUXhEUzYxV2ZUdWRLd1hWTGJscXpnRlI1YkJqS014WTc2eFRTZFpvbXF0ejdNZGNycWc?oc=5 "HTTP/1.1 302 Found"
2026-04-09 21:45:43,082 - httpx - INFO - [_client.py:1740] - HTTP Request: GET https://consent.google.com/m?continue=https://news.google.com/rss/articles/CBMiZ0FVX3lxTE9ZZjh6Q201bkk4bWZ2aGZXbEc0a0dkY0ZUNEFLcndKVTNGcmQ0dU9lVThIU0dfUXhEUzYxV2ZUdWRLd1hWTGJscXpnRlI1YkJqS014WTc2eFRTZFpvbXF0ejdNZGNycWc?oc%3D5&gl=GB&m=0&pc=n&cm=2&hl=en-US&src=1 "HTTP/1.1 302 Found"
2026-04-09 21:45:43,168 - httpx - INFO - [_client.py:1740] - HTTP Request: GET https://consent.google.com/ml?continue=https://news.google.com/rss/articles/CBMiZ0FVX3lxTE9ZZjh6Q201bkk4bWZ2aGZXbEc0a0dkY0ZUNEFLcndKVTNGcmQ0dU9lVThIU0dfUXhEUzYxV2ZUdWRLd1hWTGJscXpnRlI1YkJqS014WTc2eFRTZFpvbXF0ejdNZGNycWc?oc%3D5&gl=GB&hl=en-US&cm=2&pc=n&src=1&escs=AZ8E49A8rQrrq07_CmQ1kyk2BJER7hay1s2lhPvcNypoWcsOQYOKd1Krd7o3qAj3cM0Z4S3ULGpxHJQ5W1Y9YZd2yQ-n3M8q29gN "HTTP/1.1 200 OK"
2026-04-09 21:45:43,977 - httpx - INFO - [_client.py:1740] - HTTP Request: GET https://news.google.com/rss/articles/CBMikAFBVV95cUxPbnNieEQxajVFcXpVMlRsLVZWVTNFdG1jbjFERFlnMGdYM3ozcG1pUnh2Um5BSEY2MUt6TTNIWk4xSWZkb3BUdjAzSFFqbkZyUmRJRk5pNUhmRzhoUy1Ealc4QnE4a0lib2V1VU5xUndQRkN3eTNEbmRvcGoxUUtpZU9WTW1abWh3azExaDJfcTg?oc=5 "HTTP/1.1 302 Found"
2026-04-09 21:45:44,454 - httpx - INFO - [_client.py:1740] - HTTP Request: GET https://consent.google.com/m?continue=https://news.google.com/rss/articles/CBMikAFBVV95cUxPbnNieEQxajVFcXpVMlRsLVZWVTNFdG1jbjFERFlnMGdYM3ozcG1pUnh2Um5BSEY2MUt6TTNIWk4xSWZkb3BUdjAzSFFqbkZyUmRJRk5pNUhmRzhoUy1Ealc4QnE4a0lib2V1VU5xUndQRkN3eTNEbmRvcGoxUUtpZU9WTW1abWh3azExaDJfcTg?oc%3D5&gl=GB&m=0&pc=n&cm=2&hl=en-US&src=1 "HTTP/1.1 302 Found"
2026-04-09 21:45:44,537 - httpx - INFO - [_client.py:1740] - HTTP Request: GET https://consent.google.com/ml?continue=https://news.google.com/rss/articles/CBMikAFBVV95cUxPbnNieEQxajVFcXpVMlRsLVZWVTNFdG1jbjFERFlnMGdYM3ozcG1pUnh2Um5BSEY2MUt6TTNIWk4xSWZkb3BUdjAzSFFqbkZyUmRJRk5pNUhmRzhoUy1Ealc4QnE4a0lib2V1VU5xUndQRkN3eTNEbmRvcGoxUUtpZU9WTW1abWh3azExaDJfcTg?oc%3D5&gl=GB&hl=en-US&cm=2&pc=n&src=1&escs=AZ8E49AiIp_QqPWWtEOUtlMkwHnJNfjb3FQkFPifjdFdKhxreXBBcyC5p18axqNaISiiZa-kVedVEvVim6Tu2abZvwcDlULBIWp- "HTTP/1.1 200 OK"
2026-04-09 21:45:45,320 - httpx - INFO - [_client.py:1740] - HTTP Request: GET https://news.google.com/rss/articles/CBMiV0FVX3lxTE16WnBubFZEaFh3aVlrNzJISjNuc2hMV1ozZlMtTjhDbDRZWEl4QmxQNnJDNk94MngyZVZKOHR3ZkYwSzNlQmlSeDd4YzE2SGJIUldjYlV2WQ?oc=5 "HTTP/1.1 302 Found"
2026-04-09 21:45:45,805 - httpx - INFO - [_client.py:1740] - HTTP Request: GET https://consent.google.com/m?continue=https://news.google.com/rss/articles/CBMiV0FVX3lxTE16WnBubFZEaFh3aVlrNzJISjNuc2hMV1ozZlMtTjhDbDRZWEl4QmxQNnJDNk94MngyZVZKOHR3ZkYwSzNlQmlSeDd4YzE2SGJIUldjYlV2WQ?oc%3D5&gl=GB&m=0&pc=n&cm=2&hl=en-US&src=1 "HTTP/1.1 302 Found"
2026-04-09 21:45:45,891 - httpx - INFO - [_client.py:1740] - HTTP Request: GET https://consent.google.com/ml?continue=https://news.google.com/rss/articles/CBMiV0FVX3lxTE16WnBubFZEaFh3aVlrNzJISjNuc2hMV1ozZlMtTjhDbDRZWEl4QmxQNnJDNk94MngyZVZKOHR3ZkYwSzNlQmlSeDd4YzE2SGJIUldjYlV2WQ?oc%3D5&gl=GB&hl=en-US&cm=2&pc=n&src=1&escs=AZ8E49BSGiW28tZKCRM3OM0JpNbtdZanag5ahgQM-uPK-1W7Huj1eFz1CMXZD_ASrzVzZAk_RYqm7r-Z6gw8XUb7_am6q-ikwBGO "HTTP/1.1 200 OK"
2026-04-09 21:45:46,704 - httpx - INFO - [_client.py:1740] - HTTP Request: GET https://news.google.com/rss/articles/CBMixwFBVV95cUxOUDNTcXdjSjlDNnowZUJfUzVhZzh2Q2VLbUVaYlBmcHJ5QTczbzFKOFBrbDYyM3QySHdSMlJWd184bVZmeHhSRFdYclJhWWt4TjM2bVhTeFZjQVNyT1JZVkgtUVRYZGQ3dmZNQk9pQS1mbHQ2Yk9JdWY4V2tlLTMyYmJFdXdaLW5EeUpETFV4V3VscU1rLVQ3c0dteWJuNFIzLUFKNzdtWk9zUDNxVlZyd0x0TC1EZURheXQ2SE5KM2NTc3BPTWZz?oc=5 "HTTP/1.1 302 Found"
2026-04-09 21:45:47,156 - httpx - INFO - [_client.py:1740] - HTTP Request: GET https://consent.google.com/m?continue=https://news.google.com/rss/articles/CBMixwFBVV95cUxOUDNTcXdjSjlDNnowZUJfUzVhZzh2Q2VLbUVaYlBmcHJ5QTczbzFKOFBrbDYyM3QySHdSMlJWd184bVZmeHhSRFdYclJhWWt4TjM2bVhTeFZjQVNyT1JZVkgtUVRYZGQ3dmZNQk9pQS1mbHQ2Yk9JdWY4V2tlLTMyYmJFdXdaLW5EeUpETFV4V3VscU1rLVQ3c0dteWJuNFIzLUFKNzdtWk9zUDNxVlZyd0x0TC1EZURheXQ2SE5KM2NTc3BPTWZz?oc%3D5&gl=GB&m=0&pc=n&cm=2&hl=en-US&src=1 "HTTP/1.1 302 Found"
2026-04-09 21:45:47,234 - httpx - INFO - [_client.py:1740] - HTTP Request: GET https://consent.google.com/ml?continue=https://news.google.com/rss/articles/CBMixwFBVV95cUxOUDNTcXdjSjlDNnowZUJfUzVhZzh2Q2VLbUVaYlBmcHJ5QTczbzFKOFBrbDYyM3QySHdSMlJWd184bVZmeHhSRFdYclJhWWt4TjM2bVhTeFZjQVNyT1JZVkgtUVRYZGQ3dmZNQk9pQS1mbHQ2Yk9JdWY4V2tlLTMyYmJFdXdaLW5EeUpETFV4V3VscU1rLVQ3c0dteWJuNFIzLUFKNzdtWk9zUDNxVlZyd0x0TC1EZURheXQ2SE5KM2NTc3BPTWZz?oc%3D5&gl=GB&hl=en-US&cm=2&pc=n&src=1&escs=AZ8E49CgzD-DKqmDotlNdsFMCq59AqEYCXB0SNvDlU7J4uX1-pd2ZzNJog6WBJujjkaA1pKuWVrb6V4dThaCmMWwoFwJ-GoJ3T4r "HTTP/1.1 200 OK"
2026-04-09 21:45:48,065 - httpx - INFO - [_client.py:1740] - HTTP Request: GET https://news.google.com/rss/search?q=latest+world+news&hl=en-GB&gl=GB&ceid=GB%3Aen "HTTP/1.1 200 OK"
2026-04-09 21:45:48,994 - httpx - INFO - [_client.py:1740] - HTTP Request: GET https://news.google.com/rss/articles/CBMiV0FVX3lxTE45Y1huZzBQcHBtZ05aWGhsZWlNazZpbjhPNTN4MzdBcGxsWlEwclRXNlNSdWVaUDZtS2xOcHU2ZHo2TXdJSUU3Wk5zc05lNkVFQTRLUXdQSQ?oc=5 "HTTP/1.1 302 Found"
2026-04-09 21:45:49,477 - httpx - INFO - [_client.py:1740] - HTTP Request: GET https://consent.google.com/m?continue=https://news.google.com/rss/articles/CBMiV0FVX3lxTE45Y1huZzBQcHBtZ05aWGhsZWlNazZpbjhPNTN4MzdBcGxsWlEwclRXNlNSdWVaUDZtS2xOcHU2ZHo2TXdJSUU3Wk5zc05lNkVFQTRLUXdQSQ?oc%3D5&gl=GB&m=0&pc=n&cm=2&hl=en-US&src=1 "HTTP/1.1 302 Found"
2026-04-09 21:45:49,552 - httpx - INFO - [_client.py:1740] - HTTP Request: GET https://consent.google.com/ml?continue=https://news.google.com/rss/articles/CBMiV0FVX3lxTE45Y1huZzBQcHBtZ05aWGhsZWlNazZpbjhPNTN4MzdBcGxsWlEwclRXNlNSdWVaUDZtS2xOcHU2ZHo2TXdJSUU3Wk5zc05lNkVFQTRLUXdQSQ?oc%3D5&gl=GB&hl=en-US&cm=2&pc=n&src=1&escs=AZ8E49AjYlWZzg4RhdNDqdlnHWBTnwWZ2zx4R3V6GGB0x-SG9bOCITKhnED1B2HbU0or4amn0fYTGstk3dMU5BdKtysUzou9RZ7T "HTTP/1.1 200 OK"
2026-04-09 21:45:50,409 - httpx - INFO - [_client.py:1740] - HTTP Request: GET https://news.google.com/rss/articles/CBMi0wFBVV95cUxPc3Ztakk5YnFMcXozdEdSaXRxU1RQYnZNTm5rMm1mWktkNzctVzRqQ0tNekRvb2VtTkJjYmdVTHJKeDFxRWZfQ1pSV1BiYThkaDI2cEc5d2cyek9wbVU4NEl0bGpNQUMxb2c3SEROUHAzZFhTaHBZR0REcjBQMTlpTUYyMXdRSW9KOXY5VFVRWFJfQ1o4V09ITGdyV3Q0U05nYk9qWTdNeTBwYkdCR0lycEFmekNWVUlCdFZ0dlFaY3RtMmQ2ZnFtcU5XVTRiamRIbEFr?oc=5 "HTTP/1.1 302 Found"
2026-04-09 21:45:50,874 - httpx - INFO - [_client.py:1740] - HTTP Request: GET https://consent.google.com/m?continue=https://news.google.com/rss/articles/CBMi0wFBVV95cUxPc3Ztakk5YnFMcXozdEdSaXRxU1RQYnZNTm5rMm1mWktkNzctVzRqQ0tNekRvb2VtTkJjYmdVTHJKeDFxRWZfQ1pSV1BiYThkaDI2cEc5d2cyek9wbVU4NEl0bGpNQUMxb2c3SEROUHAzZFhTaHBZR0REcjBQMTlpTUYyMXdRSW9KOXY5VFVRWFJfQ1o4V09ITGdyV3Q0U05nYk9qWTdNeTBwYkdCR0lycEFmekNWVUlCdFZ0dlFaY3RtMmQ2ZnFtcU5XVTRiamRIbEFr?oc%3D5&gl=GB&m=0&pc=n&cm=2&hl=en-US&src=1 "HTTP/1.1 302 Found"
2026-04-09 21:45:50,967 - httpx - INFO - [_client.py:1740] - HTTP Request: GET https://consent.google.com/ml?continue=https://news.google.com/rss/articles/CBMi0wFBVV95cUxPc3Ztakk5YnFMcXozdEdSaXRxU1RQYnZNTm5rMm1mWktkNzctVzRqQ0tNekRvb2VtTkJjYmdVTHJKeDFxRWZfQ1pSV1BiYThkaDI2cEc5d2cyek9wbVU4NEl0bGpNQUMxb2c3SEROUHAzZFhTaHBZR0REcjBQMTlpTUYyMXdRSW9KOXY5VFVRWFJfQ1o4V09ITGdyV3Q0U05nYk9qWTdNeTBwYkdCR0lycEFmekNWVUlCdFZ0dlFaY3RtMmQ2ZnFtcU5XVTRiamRIbEFr?oc%3D5&gl=GB&hl=en-US&cm=2&pc=n&src=1&escs=AZ8E49CjEQbdx5gaJt1t_XrjuDjvJRreIfWEdDE5yhaea25Uobeu9UG0VMMqOAysO3wIRAHM1PfYGoExNkoHo4RoLyy-Cr0ITDzH "HTTP/1.1 200 OK"
2026-04-09 21:45:51,755 - httpx - INFO - [_client.py:1740] - HTTP Request: GET https://news.google.com/rss/articles/CBMiZ0FVX3lxTE9ZZjh6Q201bkk4bWZ2aGZXbEc0a0dkY0ZUNEFLcndKVTNGcmQ0dU9lVThIU0dfUXhEUzYxV2ZUdWRLd1hWTGJscXpnRlI1YkJqS014WTc2eFRTZFpvbXF0ejdNZGNycWc?oc=5 "HTTP/1.1 302 Found"
2026-04-09 21:45:52,236 - httpx - INFO - [_client.py:1740] - HTTP Request: GET https://consent.google.com/m?continue=https://news.google.com/rss/articles/CBMiZ0FVX3lxTE9ZZjh6Q201bkk4bWZ2aGZXbEc0a0dkY0ZUNEFLcndKVTNGcmQ0dU9lVThIU0dfUXhEUzYxV2ZUdWRLd1hWTGJscXpnRlI1YkJqS014WTc2eFRTZFpvbXF0ejdNZGNycWc?oc%3D5&gl=GB&m=0&pc=n&cm=2&hl=en-US&src=1 "HTTP/1.1 302 Found"
2026-04-09 21:45:52,314 - httpx - INFO - [_client.py:1740] - HTTP Request: GET https://consent.google.com/ml?continue=https://news.google.com/rss/articles/CBMiZ0FVX3lxTE9ZZjh6Q201bkk4bWZ2aGZXbEc0a0dkY0ZUNEFLcndKVTNGcmQ0dU9lVThIU0dfUXhEUzYxV2ZUdWRLd1hWTGJscXpnRlI1YkJqS014WTc2eFRTZFpvbXF0ejdNZGNycWc?oc%3D5&gl=GB&hl=en-US&cm=2&pc=n&src=1&escs=AZ8E49BL3BZRmz5h98-hLSGqJV2LAs7KGsFdAYVc7ibQenBDpsX9WUPcegAdsnSB7IUiDwk9-h9_GI5cXX1P9HVPuetORUrJcJWo "HTTP/1.1 200 OK"
2026-04-09 21:45:53,155 - httpx - INFO - [_client.py:1740] - HTTP Request: GET https://news.google.com/rss/articles/CBMikAFBVV95cUxPbnNieEQxajVFcXpVMlRsLVZWVTNFdG1jbjFERFlnMGdYM3ozcG1pUnh2Um5BSEY2MUt6TTNIWk4xSWZkb3BUdjAzSFFqbkZyUmRJRk5pNUhmRzhoUy1Ealc4QnE4a0lib2V1VU5xUndQRkN3eTNEbmRvcGoxUUtpZU9WTW1abWh3azExaDJfcTg?oc=5 "HTTP/1.1 302 Found"
2026-04-09 21:45:53,613 - httpx - INFO - [_client.py:1740] - HTTP Request: GET https://consent.google.com/m?continue=https://news.google.com/rss/articles/CBMikAFBVV95cUxPbnNieEQxajVFcXpVMlRsLVZWVTNFdG1jbjFERFlnMGdYM3ozcG1pUnh2Um5BSEY2MUt6TTNIWk4xSWZkb3BUdjAzSFFqbkZyUmRJRk5pNUhmRzhoUy1Ealc4QnE4a0lib2V1VU5xUndQRkN3eTNEbmRvcGoxUUtpZU9WTW1abWh3azExaDJfcTg?oc%3D5&gl=GB&m=0&pc=n&cm=2&hl=en-US&src=1 "HTTP/1.1 302 Found"
2026-04-09 21:45:53,685 - httpx - INFO - [_client.py:1740] - HTTP Request: GET https://consent.google.com/ml?continue=https://news.google.com/rss/articles/CBMikAFBVV95cUxPbnNieEQxajVFcXpVMlRsLVZWVTNFdG1jbjFERFlnMGdYM3ozcG1pUnh2Um5BSEY2MUt6TTNIWk4xSWZkb3BUdjAzSFFqbkZyUmRJRk5pNUhmRzhoUy1Ealc4QnE4a0lib2V1VU5xUndQRkN3eTNEbmRvcGoxUUtpZU9WTW1abWh3azExaDJfcTg?oc%3D5&gl=GB&hl=en-US&cm=2&pc=n&src=1&escs=AZ8E49ATGr6vesv3gLl2C3KU3F9CSB1nPoODYzZkwx_3csNey7NXp104H9v1z_5mw63biXFWK6d7menkmNWttN1VrBy7bWXmZ6LO "HTTP/1.1 200 OK"
2026-04-09 21:45:54,462 - httpx - INFO - [_client.py:1740] - HTTP Request: GET https://news.google.com/rss/articles/CBMiV0FVX3lxTE16WnBubFZEaFh3aVlrNzJISjNuc2hMV1ozZlMtTjhDbDRZWEl4QmxQNnJDNk94MngyZVZKOHR3ZkYwSzNlQmlSeDd4YzE2SGJIUldjYlV2WQ?oc=5 "HTTP/1.1 302 Found"
2026-04-09 21:45:54,949 - httpx - INFO - [_client.py:1740] - HTTP Request: GET https://consent.google.com/m?continue=https://news.google.com/rss/articles/CBMiV0FVX3lxTE16WnBubFZEaFh3aVlrNzJISjNuc2hMV1ozZlMtTjhDbDRZWEl4QmxQNnJDNk94MngyZVZKOHR3ZkYwSzNlQmlSeDd4YzE2SGJIUldjYlV2WQ?oc%3D5&gl=GB&m=0&pc=n&cm=2&hl=en-US&src=1 "HTTP/1.1 302 Found"
2026-04-09 21:45:55,025 - httpx - INFO - [_client.py:1740] - HTTP Request: GET https://consent.google.com/ml?continue=https://news.google.com/rss/articles/CBMiV0FVX3lxTE16WnBubFZEaFh3aVlrNzJISjNuc2hMV1ozZlMtTjhDbDRZWEl4QmxQNnJDNk94MngyZVZKOHR3ZkYwSzNlQmlSeDd4YzE2SGJIUldjYlV2WQ?oc%3D5&gl=GB&hl=en-US&cm=2&pc=n&src=1&escs=AZ8E49CGQWLRFl1j1zNVVuNb1-cgjmj23qLfmhrv1m5OjhSDFOqOQ85ihkRD-DjrWt8DsK3C85Bdu7DWwVjiGqRukNLuLjI8M0sU "HTTP/1.1 200 OK"
2026-04-09 21:45:55,800 - httpx - INFO - [_client.py:1740] - HTTP Request: GET https://news.google.com/rss/articles/CBMixwFBVV95cUxOUDNTcXdjSjlDNnowZUJfUzVhZzh2Q2VLbUVaYlBmcHJ5QTczbzFKOFBrbDYyM3QySHdSMlJWd184bVZmeHhSRFdYclJhWWt4TjM2bVhTeFZjQVNyT1JZVkgtUVRYZGQ3dmZNQk9pQS1mbHQ2Yk9JdWY4V2tlLTMyYmJFdXdaLW5EeUpETFV4V3VscU1rLVQ3c0dteWJuNFIzLUFKNzdtWk9zUDNxVlZyd0x0TC1EZURheXQ2SE5KM2NTc3BPTWZz?oc=5 "HTTP/1.1 302 Found"
2026-04-09 21:45:56,261 - httpx - INFO - [_client.py:1740] - HTTP Request: GET https://consent.google.com/m?continue=https://news.google.com/rss/articles/CBMixwFBVV95cUxOUDNTcXdjSjlDNnowZUJfUzVhZzh2Q2VLbUVaYlBmcHJ5QTczbzFKOFBrbDYyM3QySHdSMlJWd184bVZmeHhSRFdYclJhWWt4TjM2bVhTeFZjQVNyT1JZVkgtUVRYZGQ3dmZNQk9pQS1mbHQ2Yk9JdWY4V2tlLTMyYmJFdXdaLW5EeUpETFV4V3VscU1rLVQ3c0dteWJuNFIzLUFKNzdtWk9zUDNxVlZyd0x0TC1EZURheXQ2SE5KM2NTc3BPTWZz?oc%3D5&gl=GB&m=0&pc=n&cm=2&hl=en-US&src=1 "HTTP/1.1 302 Found"
2026-04-09 21:45:56,338 - httpx - INFO - [_client.py:1740] - HTTP Request: GET https://consent.google.com/ml?continue=https://news.google.com/rss/articles/CBMixwFBVV95cUxOUDNTcXdjSjlDNnowZUJfUzVhZzh2Q2VLbUVaYlBmcHJ5QTczbzFKOFBrbDYyM3QySHdSMlJWd184bVZmeHhSRFdYclJhWWt4TjM2bVhTeFZjQVNyT1JZVkgtUVRYZGQ3dmZNQk9pQS1mbHQ2Yk9JdWY4V2tlLTMyYmJFdXdaLW5EeUpETFV4V3VscU1rLVQ3c0dteWJuNFIzLUFKNzdtWk9zUDNxVlZyd0x0TC1EZURheXQ2SE5KM2NTc3BPTWZz?oc%3D5&gl=GB&hl=en-US&cm=2&pc=n&src=1&escs=AZ8E49C9wlcASiD57R99U4YdKrLsnOdP6Min9PsafbvlFjKhfh2DOi-RTgqcgA2Gm3W3immHgOIQbTYR7Kh5gPjypC4u0NJ1EUDu "HTTP/1.1 200 OK"
2026-04-09 21:48:57,169 - httpx - INFO - [_client.py:1740] - HTTP Request: GET https://news.google.com/rss/search?q=latest+world+news&hl=en-GB&gl=GB&ceid=GB%3Aen "HTTP/1.1 200 OK"
2026-04-09 21:48:57,986 - httpx - INFO - [_client.py:1740] - HTTP Request: GET https://news.google.com/rss/articles/CBMiV0FVX3lxTE45Y1huZzBQcHBtZ05aWGhsZWlNazZpbjhPNTN4MzdBcGxsWlEwclRXNlNSdWVaUDZtS2xOcHU2ZHo2TXdJSUU3Wk5zc05lNkVFQTRLUXdQSQ?oc=5 "HTTP/1.1 302 Found"
2026-04-09 21:48:58,475 - httpx - INFO - [_client.py:1740] - HTTP Request: GET https://consent.google.com/m?continue=https://news.google.com/rss/articles/CBMiV0FVX3lxTE45Y1huZzBQcHBtZ05aWGhsZWlNazZpbjhPNTN4MzdBcGxsWlEwclRXNlNSdWVaUDZtS2xOcHU2ZHo2TXdJSUU3Wk5zc05lNkVFQTRLUXdQSQ?oc%3D5&gl=GB&m=0&pc=n&cm=2&hl=en-US&src=1 "HTTP/1.1 302 Found"
2026-04-09 21:48:58,551 - httpx - INFO - [_client.py:1740] - HTTP Request: GET https://consent.google.com/ml?continue=https://news.google.com/rss/articles/CBMiV0FVX3lxTE45Y1huZzBQcHBtZ05aWGhsZWlNazZpbjhPNTN4MzdBcGxsWlEwclRXNlNSdWVaUDZtS2xOcHU2ZHo2TXdJSUU3Wk5zc05lNkVFQTRLUXdQSQ?oc%3D5&gl=GB&hl=en-US&cm=2&pc=n&src=1&escs=AZ8E49AjlaYCzlpM2nAzggRvvflIXHdk5t18D6jdmNslpwV_zFTXzTQbBjvb996_4FrvljqSo-nBLkhT3axmwBh-v4zlxn8LYlWJ "HTTP/1.1 200 OK"
2026-04-09 21:48:59,331 - httpx - INFO - [_client.py:1740] - HTTP Request: GET https://news.google.com/rss/articles/CBMi0wFBVV95cUxPc3Ztakk5YnFMcXozdEdSaXRxU1RQYnZNTm5rMm1mWktkNzctVzRqQ0tNekRvb2VtTkJjYmdVTHJKeDFxRWZfQ1pSV1BiYThkaDI2cEc5d2cyek9wbVU4NEl0bGpNQUMxb2c3SEROUHAzZFhTaHBZR0REcjBQMTlpTUYyMXdRSW9KOXY5VFVRWFJfQ1o4V09ITGdyV3Q0U05nYk9qWTdNeTBwYkdCR0lycEFmekNWVUlCdFZ0dlFaY3RtMmQ2ZnFtcU5XVTRiamRIbEFr?oc=5 "HTTP/1.1 302 Found"
2026-04-09 21:48:59,801 - httpx - INFO - [_client.py:1740] - HTTP Request: GET https://consent.google.com/m?continue=https://news.google.com/rss/articles/CBMi0wFBVV95cUxPc3Ztakk5YnFMcXozdEdSaXRxU1RQYnZNTm5rMm1mWktkNzctVzRqQ0tNekRvb2VtTkJjYmdVTHJKeDFxRWZfQ1pSV1BiYThkaDI2cEc5d2cyek9wbVU4NEl0bGpNQUMxb2c3SEROUHAzZFhTaHBZR0REcjBQMTlpTUYyMXdRSW9KOXY5VFVRWFJfQ1o4V09ITGdyV3Q0U05nYk9qWTdNeTBwYkdCR0lycEFmekNWVUlCdFZ0dlFaY3RtMmQ2ZnFtcU5XVTRiamRIbEFr?oc%3D5&gl=GB&m=0&pc=n&cm=2&hl=en-US&src=1 "HTTP/1.1 302 Found"
2026-04-09 21:49:00,004 - httpx - INFO - [_client.py:1740] - HTTP Request: GET https://consent.google.com/ml?continue=https://news.google.com/rss/articles/CBMi0wFBVV95cUxPc3Ztakk5YnFMcXozdEdSaXRxU1RQYnZNTm5rMm1mWktkNzctVzRqQ0tNekRvb2VtTkJjYmdVTHJKeDFxRWZfQ1pSV1BiYThkaDI2cEc5d2cyek9wbVU4NEl0bGpNQUMxb2c3SEROUHAzZFhTaHBZR0REcjBQMTlpTUYyMXdRSW9KOXY5VFVRWFJfQ1o4V09ITGdyV3Q0U05nYk9qWTdNeTBwYkdCR0lycEFmekNWVUlCdFZ0dlFaY3RtMmQ2ZnFtcU5XVTRiamRIbEFr?oc%3D5&gl=GB&hl=en-US&cm=2&pc=n&src=1&escs=AZ8E49D3NZFdiio5Ap5B_BF_0FCdrVO4ta8AgiS5MThIknFHTxqoxSLwCPZirLSbrV2VIGahWtnUgjrGdUGKfEniOI8waOI22-lx "HTTP/1.1 200 OK"
2026-04-09 21:49:00,836 - httpx - INFO - [_client.py:1740] - HTTP Request: GET https://news.google.com/rss/articles/CBMiZ0FVX3lxTE9ZZjh6Q201bkk4bWZ2aGZXbEc0a0dkY0ZUNEFLcndKVTNGcmQ0dU9lVThIU0dfUXhEUzYxV2ZUdWRLd1hWTGJscXpnRlI1YkJqS014WTc2eFRTZFpvbXF0ejdNZGNycWc?oc=5 "HTTP/1.1 302 Found"
2026-04-09 21:49:01,317 - httpx - INFO - [_client.py:1740] - HTTP Request: GET https://consent.google.com/m?continue=https://news.google.com/rss/articles/CBMiZ0FVX3lxTE9ZZjh6Q201bkk4bWZ2aGZXbEc0a0dkY0ZUNEFLcndKVTNGcmQ0dU9lVThIU0dfUXhEUzYxV2ZUdWRLd1hWTGJscXpnRlI1YkJqS014WTc2eFRTZFpvbXF0ejdNZGNycWc?oc%3D5&gl=GB&m=0&pc=n&cm=2&hl=en-US&src=1 "HTTP/1.1 302 Found"
2026-04-09 21:49:01,404 - httpx - INFO - [_client.py:1740] - HTTP Request: GET https://consent.google.com/ml?continue=https://news.google.com/rss/articles/CBMiZ0FVX3lxTE9ZZjh6Q201bkk4bWZ2aGZXbEc0a0dkY0ZUNEFLcndKVTNGcmQ0dU9lVThIU0dfUXhEUzYxV2ZUdWRLd1hWTGJscXpnRlI1YkJqS014WTc2eFRTZFpvbXF0ejdNZGNycWc?oc%3D5&gl=GB&hl=en-US&cm=2&pc=n&src=1&escs=AZ8E49B1x7tbzYEgmiEjQ6KNX2qSDuzdByOETTwJ7hw2RDt1b4lTkHpXHhr30_wRfjUuCMLCEM9szqlXgQGqgE7TP3gw-AZ6-BEd "HTTP/1.1 200 OK"
2026-04-09 21:49:02,228 - httpx - INFO - [_client.py:1740] - HTTP Request: GET https://news.google.com/rss/articles/CBMikAFBVV95cUxPbnNieEQxajVFcXpVMlRsLVZWVTNFdG1jbjFERFlnMGdYM3ozcG1pUnh2Um5BSEY2MUt6TTNIWk4xSWZkb3BUdjAzSFFqbkZyUmRJRk5pNUhmRzhoUy1Ealc4QnE4a0lib2V1VU5xUndQRkN3eTNEbmRvcGoxUUtpZU9WTW1abWh3azExaDJfcTg?oc=5 "HTTP/1.1 302 Found"
2026-04-09 21:49:02,690 - httpx - INFO - [_client.py:1740] - HTTP Request: GET https://consent.google.com/m?continue=https://news.google.com/rss/articles/CBMikAFBVV95cUxPbnNieEQxajVFcXpVMlRsLVZWVTNFdG1jbjFERFlnMGdYM3ozcG1pUnh2Um5BSEY2MUt6TTNIWk4xSWZkb3BUdjAzSFFqbkZyUmRJRk5pNUhmRzhoUy1Ealc4QnE4a0lib2V1VU5xUndQRkN3eTNEbmRvcGoxUUtpZU9WTW1abWh3azExaDJfcTg?oc%3D5&gl=GB&m=0&pc=n&cm=2&hl=en-US&src=1 "HTTP/1.1 302 Found"
2026-04-09 21:49:02,757 - httpx - INFO - [_client.py:1740] - HTTP Request: GET https://consent.google.com/ml?continue=https://news.google.com/rss/articles/CBMikAFBVV95cUxPbnNieEQxajVFcXpVMlRsLVZWVTNFdG1jbjFERFlnMGdYM3ozcG1pUnh2Um5BSEY2MUt6TTNIWk4xSWZkb3BUdjAzSFFqbkZyUmRJRk5pNUhmRzhoUy1Ealc4QnE4a0lib2V1VU5xUndQRkN3eTNEbmRvcGoxUUtpZU9WTW1abWh3azExaDJfcTg?oc%3D5&gl=GB&hl=en-US&cm=2&pc=n&src=1&escs=AZ8E49BcqHOwLmoTQIUZReJOlBfMf-nCCTVU6N5f7482DExdxUtebdZO8pe8TSO3Xf7xNn7ihaxDvlVtcnXOCYp_Tz2JmHlIbGPX "HTTP/1.1 200 OK"
2026-04-09 21:49:03,500 - httpx - INFO - [_client.py:1740] - HTTP Request: GET https://news.google.com/rss/articles/CBMiV0FVX3lxTE16WnBubFZEaFh3aVlrNzJISjNuc2hMV1ozZlMtTjhDbDRZWEl4QmxQNnJDNk94MngyZVZKOHR3ZkYwSzNlQmlSeDd4YzE2SGJIUldjYlV2WQ?oc=5 "HTTP/1.1 302 Found"
2026-04-09 21:49:03,962 - httpx - INFO - [_client.py:1740] - HTTP Request: GET https://consent.google.com/m?continue=https://news.google.com/rss/articles/CBMiV0FVX3lxTE16WnBubFZEaFh3aVlrNzJISjNuc2hMV1ozZlMtTjhDbDRZWEl4QmxQNnJDNk94MngyZVZKOHR3ZkYwSzNlQmlSeDd4YzE2SGJIUldjYlV2WQ?oc%3D5&gl=GB&m=0&pc=n&cm=2&hl=en-US&src=1 "HTTP/1.1 302 Found"
2026-04-09 21:49:04,030 - httpx - INFO - [_client.py:1740] - HTTP Request: GET https://consent.google.com/ml?continue=https://news.google.com/rss/articles/CBMiV0FVX3lxTE16WnBubFZEaFh3aVlrNzJISjNuc2hMV1ozZlMtTjhDbDRZWEl4QmxQNnJDNk94MngyZVZKOHR3ZkYwSzNlQmlSeDd4YzE2SGJIUldjYlV2WQ?oc%3D5&gl=GB&hl=en-US&cm=2&pc=n&src=1&escs=AZ8E49BpyqTu_rvWEMa2O9hAQ7BLoYg3VjKI4EHNaQk0XeIZ0GR9cYKpNn37DbcGmWVf44D8QaUwEo2Dlms-QvQ5vLputg_GF0MK "HTTP/1.1 200 OK"
2026-04-09 21:49:04,811 - httpx - INFO - [_client.py:1740] - HTTP Request: GET https://news.google.com/rss/articles/CBMixwFBVV95cUxOUDNTcXdjSjlDNnowZUJfUzVhZzh2Q2VLbUVaYlBmcHJ5QTczbzFKOFBrbDYyM3QySHdSMlJWd184bVZmeHhSRFdYclJhWWt4TjM2bVhTeFZjQVNyT1JZVkgtUVRYZGQ3dmZNQk9pQS1mbHQ2Yk9JdWY4V2tlLTMyYmJFdXdaLW5EeUpETFV4V3VscU1rLVQ3c0dteWJuNFIzLUFKNzdtWk9zUDNxVlZyd0x0TC1EZURheXQ2SE5KM2NTc3BPTWZz?oc=5 "HTTP/1.1 302 Found"
2026-04-09 21:49:05,260 - httpx - INFO - [_client.py:1740] - HTTP Request: GET https://consent.google.com/m?continue=https://news.google.com/rss/articles/CBMixwFBVV95cUxOUDNTcXdjSjlDNnowZUJfUzVhZzh2Q2VLbUVaYlBmcHJ5QTczbzFKOFBrbDYyM3QySHdSMlJWd184bVZmeHhSRFdYclJhWWt4TjM2bVhTeFZjQVNyT1JZVkgtUVRYZGQ3dmZNQk9pQS1mbHQ2Yk9JdWY4V2tlLTMyYmJFdXdaLW5EeUpETFV4V3VscU1rLVQ3c0dteWJuNFIzLUFKNzdtWk9zUDNxVlZyd0x0TC1EZURheXQ2SE5KM2NTc3BPTWZz?oc%3D5&gl=GB&m=0&pc=n&cm=2&hl=en-US&src=1 "HTTP/1.1 302 Found"
2026-04-09 21:49:05,337 - httpx - INFO - [_client.py:1740] - HTTP Request: GET https://consent.google.com/ml?continue=https://news.google.com/rss/articles/CBMixwFBVV95cUxOUDNTcXdjSjlDNnowZUJfUzVhZzh2Q2VLbUVaYlBmcHJ5QTczbzFKOFBrbDYyM3QySHdSMlJWd184bVZmeHhSRFdYclJhWWt4TjM2bVhTeFZjQVNyT1JZVkgtUVRYZGQ3dmZNQk9pQS1mbHQ2Yk9JdWY4V2tlLTMyYmJFdXdaLW5EeUpETFV4V3VscU1rLVQ3c0dteWJuNFIzLUFKNzdtWk9zUDNxVlZyd0x0TC1EZURheXQ2SE5KM2NTc3BPTWZz?oc%3D5&gl=GB&hl=en-US&cm=2&pc=n&src=1&escs=AZ8E49DelZ6nP_gO_hgxdkN3r6vdHjTlQSLljD8sUEItLLQ42Uiqb8mioOFBaexDEGsAGXpN5fEpWthosChwfKY6_k4bGJIztV54 "HTTP/1.1 200 OK"
2026-04-09 21:50:05,028 - backend.app.core.application - INFO - [application.py:20] - Assistant platform initialized
2026-04-09 21:50:28,684 - httpx - INFO - [_client.py:1740] - HTTP Request: GET https://nominatim.openstreetmap.org/search?q=London&format=jsonv2&limit=1 "HTTP/1.1 200 OK"
2026-04-09 21:50:29,619 - httpx - INFO - [_client.py:1740] - HTTP Request: GET https://nominatim.openstreetmap.org/search?q=Cambridge&format=jsonv2&limit=1 "HTTP/1.1 200 OK"
2026-04-09 21:50:30,644 - httpx - INFO - [_client.py:1740] - HTTP Request: GET https://router.project-osrm.org/route/v1/driving/-0.1277653,51.5074456;0.1186637,52.2055314?overview=false "HTTP/1.1 200 OK"
2026-04-09 21:50:47,538 - httpx - INFO - [_client.py:1740] - HTTP Request: GET https://news.google.com/rss/search?q=latest+world+news&hl=en-GB&gl=GB&ceid=GB%3Aen "HTTP/1.1 200 OK"
2026-04-09 21:50:48,235 - httpx - INFO - [_client.py:1740] - HTTP Request: GET https://news.google.com/rss/articles/CBMiV0FVX3lxTE45Y1huZzBQcHBtZ05aWGhsZWlNazZpbjhPNTN4MzdBcGxsWlEwclRXNlNSdWVaUDZtS2xOcHU2ZHo2TXdJSUU3Wk5zc05lNkVFQTRLUXdQSQ?oc=5 "HTTP/1.1 302 Found"
2026-04-09 21:50:48,814 - httpx - INFO - [_client.py:1740] - HTTP Request: GET https://consent.google.com/m?continue=https://news.google.com/rss/articles/CBMiV0FVX3lxTE45Y1huZzBQcHBtZ05aWGhsZWlNazZpbjhPNTN4MzdBcGxsWlEwclRXNlNSdWVaUDZtS2xOcHU2ZHo2TXdJSUU3Wk5zc05lNkVFQTRLUXdQSQ?oc%3D5&gl=GB&m=0&pc=n&cm=2&hl=en-US&src=1 "HTTP/1.1 302 Found"
2026-04-09 21:50:48,893 - httpx - INFO - [_client.py:1740] - HTTP Request: GET https://consent.google.com/ml?continue=https://news.google.com/rss/articles/CBMiV0FVX3lxTE45Y1huZzBQcHBtZ05aWGhsZWlNazZpbjhPNTN4MzdBcGxsWlEwclRXNlNSdWVaUDZtS2xOcHU2ZHo2TXdJSUU3Wk5zc05lNkVFQTRLUXdQSQ?oc%3D5&gl=GB&hl=en-US&cm=2&pc=n&src=1&escs=AZ8E49DO5R303bl4bmn417dhvx2Z7p40E64LElglV0eZZC4PfDVyPz_JwUJs06tSasMrK-qInwwenz3UNA5pgjR5lebhusqA5P_4 "HTTP/1.1 200 OK"
2026-04-09 21:50:49,522 - httpx - INFO - [_client.py:1740] - HTTP Request: GET https://nominatim.openstreetmap.org/search?q=Israel&format=jsonv2&limit=1 "HTTP/1.1 200 OK"
2026-04-09 21:50:50,156 - httpx - INFO - [_client.py:1740] - HTTP Request: GET https://news.google.com/rss/articles/CBMi0wFBVV95cUxPc3Ztakk5YnFMcXozdEdSaXRxU1RQYnZNTm5rMm1mWktkNzctVzRqQ0tNekRvb2VtTkJjYmdVTHJKeDFxRWZfQ1pSV1BiYThkaDI2cEc5d2cyek9wbVU4NEl0bGpNQUMxb2c3SEROUHAzZFhTaHBZR0REcjBQMTlpTUYyMXdRSW9KOXY5VFVRWFJfQ1o4V09ITGdyV3Q0U05nYk9qWTdNeTBwYkdCR0lycEFmekNWVUlCdFZ0dlFaY3RtMmQ2ZnFtcU5XVTRiamRIbEFr?oc=5 "HTTP/1.1 302 Found"
2026-04-09 21:50:50,692 - httpx - INFO - [_client.py:1740] - HTTP Request: GET https://consent.google.com/m?continue=https://news.google.com/rss/articles/CBMi0wFBVV95cUxPc3Ztakk5YnFMcXozdEdSaXRxU1RQYnZNTm5rMm1mWktkNzctVzRqQ0tNekRvb2VtTkJjYmdVTHJKeDFxRWZfQ1pSV1BiYThkaDI2cEc5d2cyek9wbVU4NEl0bGpNQUMxb2c3SEROUHAzZFhTaHBZR0REcjBQMTlpTUYyMXdRSW9KOXY5VFVRWFJfQ1o4V09ITGdyV3Q0U05nYk9qWTdNeTBwYkdCR0lycEFmekNWVUlCdFZ0dlFaY3RtMmQ2ZnFtcU5XVTRiamRIbEFr?oc%3D5&gl=GB&m=0&pc=n&cm=2&hl=en-US&src=1 "HTTP/1.1 302 Found"
2026-04-09 21:50:50,778 - httpx - INFO - [_client.py:1740] - HTTP Request: GET https://consent.google.com/ml?continue=https://news.google.com/rss/articles/CBMi0wFBVV95cUxPc3Ztakk5YnFMcXozdEdSaXRxU1RQYnZNTm5rMm1mWktkNzctVzRqQ0tNekRvb2VtTkJjYmdVTHJKeDFxRWZfQ1pSV1BiYThkaDI2cEc5d2cyek9wbVU4NEl0bGpNQUMxb2c3SEROUHAzZFhTaHBZR0REcjBQMTlpTUYyMXdRSW9KOXY5VFVRWFJfQ1o4V09ITGdyV3Q0U05nYk9qWTdNeTBwYkdCR0lycEFmekNWVUlCdFZ0dlFaY3RtMmQ2ZnFtcU5XVTRiamRIbEFr?oc%3D5&gl=GB&hl=en-US&cm=2&pc=n&src=1&escs=AZ8E49Ds-OmI3z74Lz7HVW3hyeTskfzzz9ycjfjYxBefDVGJ6k_hIi_YWabZSUMavvLf-ZzUXa7N7iifllluo0MZdJ8-6Zu6qeDB "HTTP/1.1 200 OK"
2026-04-09 21:50:51,418 - httpx - INFO - [_client.py:1740] - HTTP Request: GET https://news.google.com/rss/articles/CBMiZ0FVX3lxTE9ZZjh6Q201bkk4bWZ2aGZXbEc0a0dkY0ZUNEFLcndKVTNGcmQ0dU9lVThIU0dfUXhEUzYxV2ZUdWRLd1hWTGJscXpnRlI1YkJqS014WTc2eFRTZFpvbXF0ejdNZGNycWc?oc=5 "HTTP/1.1 302 Found"
2026-04-09 21:50:51,873 - httpx - INFO - [_client.py:1740] - HTTP Request: GET https://consent.google.com/m?continue=https://news.google.com/rss/articles/CBMiZ0FVX3lxTE9ZZjh6Q201bkk4bWZ2aGZXbEc0a0dkY0ZUNEFLcndKVTNGcmQ0dU9lVThIU0dfUXhEUzYxV2ZUdWRLd1hWTGJscXpnRlI1YkJqS014WTc2eFRTZFpvbXF0ejdNZGNycWc?oc%3D5&gl=GB&m=0&pc=n&cm=2&hl=en-US&src=1 "HTTP/1.1 302 Found"
2026-04-09 21:50:51,953 - httpx - INFO - [_client.py:1740] - HTTP Request: GET https://consent.google.com/ml?continue=https://news.google.com/rss/articles/CBMiZ0FVX3lxTE9ZZjh6Q201bkk4bWZ2aGZXbEc0a0dkY0ZUNEFLcndKVTNGcmQ0dU9lVThIU0dfUXhEUzYxV2ZUdWRLd1hWTGJscXpnRlI1YkJqS014WTc2eFRTZFpvbXF0ejdNZGNycWc?oc%3D5&gl=GB&hl=en-US&cm=2&pc=n&src=1&escs=AZ8E49Bs4kKf9-DqKL_LmdXz3MbdiKClx72SNd1SiezcVHEp9M3svcXiP6erd9POgWKFFH0p9nzaRLki-kFO41i5DQoF13kRVdzN "HTTP/1.1 200 OK"
2026-04-09 21:50:52,579 - httpx - INFO - [_client.py:1740] - HTTP Request: GET https://news.google.com/rss/articles/CBMikAFBVV95cUxPbnNieEQxajVFcXpVMlRsLVZWVTNFdG1jbjFERFlnMGdYM3ozcG1pUnh2Um5BSEY2MUt6TTNIWk4xSWZkb3BUdjAzSFFqbkZyUmRJRk5pNUhmRzhoUy1Ealc4QnE4a0lib2V1VU5xUndQRkN3eTNEbmRvcGoxUUtpZU9WTW1abWh3azExaDJfcTg?oc=5 "HTTP/1.1 302 Found"
2026-04-09 21:50:53,054 - httpx - INFO - [_client.py:1740] - HTTP Request: GET https://consent.google.com/m?continue=https://news.google.com/rss/articles/CBMikAFBVV95cUxPbnNieEQxajVFcXpVMlRsLVZWVTNFdG1jbjFERFlnMGdYM3ozcG1pUnh2Um5BSEY2MUt6TTNIWk4xSWZkb3BUdjAzSFFqbkZyUmRJRk5pNUhmRzhoUy1Ealc4QnE4a0lib2V1VU5xUndQRkN3eTNEbmRvcGoxUUtpZU9WTW1abWh3azExaDJfcTg?oc%3D5&gl=GB&m=0&pc=n&cm=2&hl=en-US&src=1 "HTTP/1.1 302 Found"
2026-04-09 21:50:53,125 - httpx - INFO - [_client.py:1740] - HTTP Request: GET https://consent.google.com/ml?continue=https://news.google.com/rss/articles/CBMikAFBVV95cUxPbnNieEQxajVFcXpVMlRsLVZWVTNFdG1jbjFERFlnMGdYM3ozcG1pUnh2Um5BSEY2MUt6TTNIWk4xSWZkb3BUdjAzSFFqbkZyUmRJRk5pNUhmRzhoUy1Ealc4QnE4a0lib2V1VU5xUndQRkN3eTNEbmRvcGoxUUtpZU9WTW1abWh3azExaDJfcTg?oc%3D5&gl=GB&hl=en-US&cm=2&pc=n&src=1&escs=AZ8E49Ajw67aa0cSSJ-vCdYeiyfHlYs72tAYQaljJyVebKgX1JWuK3I7SfHoEWLspVzLbKSZxtEfqZ4eL8kA3kRikdf-8zt5BwWB "HTTP/1.1 200 OK"
2026-04-09 21:50:53,776 - httpx - INFO - [_client.py:1740] - HTTP Request: GET https://news.google.com/rss/articles/CBMiV0FVX3lxTE16WnBubFZEaFh3aVlrNzJISjNuc2hMV1ozZlMtTjhDbDRZWEl4QmxQNnJDNk94MngyZVZKOHR3ZkYwSzNlQmlSeDd4YzE2SGJIUldjYlV2WQ?oc=5 "HTTP/1.1 302 Found"
2026-04-09 21:50:54,231 - httpx - INFO - [_client.py:1740] - HTTP Request: GET https://consent.google.com/m?continue=https://news.google.com/rss/articles/CBMiV0FVX3lxTE16WnBubFZEaFh3aVlrNzJISjNuc2hMV1ozZlMtTjhDbDRZWEl4QmxQNnJDNk94MngyZVZKOHR3ZkYwSzNlQmlSeDd4YzE2SGJIUldjYlV2WQ?oc%3D5&gl=GB&m=0&pc=n&cm=2&hl=en-US&src=1 "HTTP/1.1 302 Found"
2026-04-09 21:50:54,307 - httpx - INFO - [_client.py:1740] - HTTP Request: GET https://consent.google.com/ml?continue=https://news.google.com/rss/articles/CBMiV0FVX3lxTE16WnBubFZEaFh3aVlrNzJISjNuc2hMV1ozZlMtTjhDbDRZWEl4QmxQNnJDNk94MngyZVZKOHR3ZkYwSzNlQmlSeDd4YzE2SGJIUldjYlV2WQ?oc%3D5&gl=GB&hl=en-US&cm=2&pc=n&src=1&escs=AZ8E49AyWvpS3gystM6fM9qlDdSWV5hFLYUVS2KmlihBpipZCdV5UM7JY9XcrK-Ihnb2sSt8tXuLVNcQ6Y2IlY0E34f-a14kCJFn "HTTP/1.1 200 OK"
2026-04-09 21:50:54,944 - httpx - INFO - [_client.py:1740] - HTTP Request: GET https://news.google.com/rss/articles/CBMixwFBVV95cUxOUDNTcXdjSjlDNnowZUJfUzVhZzh2Q2VLbUVaYlBmcHJ5QTczbzFKOFBrbDYyM3QySHdSMlJWd184bVZmeHhSRFdYclJhWWt4TjM2bVhTeFZjQVNyT1JZVkgtUVRYZGQ3dmZNQk9pQS1mbHQ2Yk9JdWY4V2tlLTMyYmJFdXdaLW5EeUpETFV4V3VscU1rLVQ3c0dteWJuNFIzLUFKNzdtWk9zUDNxVlZyd0x0TC1EZURheXQ2SE5KM2NTc3BPTWZz?oc=5 "HTTP/1.1 302 Found"
2026-04-09 21:50:55,416 - httpx - INFO - [_client.py:1740] - HTTP Request: GET https://consent.google.com/m?continue=https://news.google.com/rss/articles/CBMixwFBVV95cUxOUDNTcXdjSjlDNnowZUJfUzVhZzh2Q2VLbUVaYlBmcHJ5QTczbzFKOFBrbDYyM3QySHdSMlJWd184bVZmeHhSRFdYclJhWWt4TjM2bVhTeFZjQVNyT1JZVkgtUVRYZGQ3dmZNQk9pQS1mbHQ2Yk9JdWY4V2tlLTMyYmJFdXdaLW5EeUpETFV4V3VscU1rLVQ3c0dteWJuNFIzLUFKNzdtWk9zUDNxVlZyd0x0TC1EZURheXQ2SE5KM2NTc3BPTWZz?oc%3D5&gl=GB&m=0&pc=n&cm=2&hl=en-US&src=1 "HTTP/1.1 302 Found"
2026-04-09 21:50:55,493 - httpx - INFO - [_client.py:1740] - HTTP Request: GET https://consent.google.com/ml?continue=https://news.google.com/rss/articles/CBMixwFBVV95cUxOUDNTcXdjSjlDNnowZUJfUzVhZzh2Q2VLbUVaYlBmcHJ5QTczbzFKOFBrbDYyM3QySHdSMlJWd184bVZmeHhSRFdYclJhWWt4TjM2bVhTeFZjQVNyT1JZVkgtUVRYZGQ3dmZNQk9pQS1mbHQ2Yk9JdWY4V2tlLTMyYmJFdXdaLW5EeUpETFV4V3VscU1rLVQ3c0dteWJuNFIzLUFKNzdtWk9zUDNxVlZyd0x0TC1EZURheXQ2SE5KM2NTc3BPTWZz?oc%3D5&gl=GB&hl=en-US&cm=2&pc=n&src=1&escs=AZ8E49CRennDXNlED5OZ12BOmnoMKN5DQGRxUkng1yCuzbxba1ncA-U2nVIzvOxm5zQiweKABolDyCr0ypwBFglMnaK868rwI6gA "HTTP/1.1 200 OK"
2026-04-09 21:51:40,857 - backend.app.core.application - INFO - [application.py:20] - Assistant platform initialized
2026-04-09 21:51:58,240 - httpx - INFO - [_client.py:1740] - HTTP Request: GET https://news.google.com/rss/search?q=latest+world+news&hl=en-GB&gl=GB&ceid=GB%3Aen "HTTP/1.1 200 OK"
2026-04-09 21:51:58,986 - httpx - INFO - [_client.py:1740] - HTTP Request: GET https://nominatim.openstreetmap.org/search?q=Israel&format=jsonv2&limit=1 "HTTP/1.1 200 OK"
2026-04-09 22:27:59,465 - httpx - INFO - [_client.py:1740] - HTTP Request: GET https://nominatim.openstreetmap.org/search?q=London&format=jsonv2&limit=1 "HTTP/1.1 200 OK"
2026-04-09 22:27:59,676 - httpx - INFO - [_client.py:1740] - HTTP Request: GET https://nominatim.openstreetmap.org/search?q=London&format=jsonv2&limit=1 "HTTP/1.1 200 OK"
2026-04-09 22:27:59,872 - httpx - INFO - [_client.py:1740] - HTTP Request: GET https://news.google.com/rss/search?q=latest+world+news&hl=en-GB&gl=GB&ceid=GB%3Aen "HTTP/1.1 200 OK"
2026-04-09 22:28:00,276 - httpx - INFO - [_client.py:1740] - HTTP Request: GET https://nominatim.openstreetmap.org/search?q=Cambridge&format=jsonv2&limit=1 "HTTP/1.1 200 OK"
2026-04-09 22:28:00,277 - httpx - INFO - [_client.py:1740] - HTTP Request: GET https://nominatim.openstreetmap.org/search?q=Cambridge&format=jsonv2&limit=1 "HTTP/1.1 200 OK"
2026-04-09 22:28:00,954 - httpx - INFO - [_client.py:1740] - HTTP Request: GET https://news.google.com/rss/search?q=latest+world+news&hl=en-GB&gl=GB&ceid=GB%3Aen "HTTP/1.1 200 OK"
2026-04-09 22:28:01,242 - httpx - INFO - [_client.py:1740] - HTTP Request: GET https://router.project-osrm.org/route/v1/driving/-0.1277653,51.5074456;0.1186637,52.2055314?overview=false "HTTP/1.1 200 OK"
2026-04-09 22:28:01,248 - httpx - INFO - [_client.py:1740] - HTTP Request: GET https://news.google.com/rss/search?q=latest+world+news&hl=en-GB&gl=GB&ceid=GB%3Aen "HTTP/1.1 200 OK"
2026-04-09 22:28:02,110 - httpx - INFO - [_client.py:1740] - HTTP Request: GET https://news.google.com/rss/search?q=latest+world+news&hl=en-GB&gl=GB&ceid=GB%3Aen "HTTP/1.1 200 OK"
2026-04-09 22:28:02,245 - httpx - INFO - [_client.py:1740] - HTTP Request: GET https://router.project-osrm.org/route/v1/driving/-0.1277653,51.5074456;0.1186637,52.2055314?overview=false "HTTP/1.1 200 OK"
2026-04-09 22:28:15,362 - httpx - INFO - [_client.py:1740] - HTTP Request: GET https://nominatim.openstreetmap.org/search?q=London&format=jsonv2&limit=1 "HTTP/1.1 200 OK"
2026-04-09 22:28:15,572 - httpx - INFO - [_client.py:1740] - HTTP Request: GET https://nominatim.openstreetmap.org/search?q=London&format=jsonv2&limit=1 "HTTP/1.1 200 OK"
2026-04-09 22:28:15,895 - httpx - INFO - [_client.py:1740] - HTTP Request: GET https://news.google.com/rss/search?q=latest+world+news&hl=en-GB&gl=GB&ceid=GB%3Aen "HTTP/1.1 200 OK"
2026-04-09 22:28:16,307 - httpx - INFO - [_client.py:1740] - HTTP Request: GET https://nominatim.openstreetmap.org/search?q=Cambridge&format=jsonv2&limit=1 "HTTP/1.1 200 OK"
2026-04-09 22:28:16,506 - httpx - INFO - [_client.py:1740] - HTTP Request: GET https://nominatim.openstreetmap.org/search?q=Cambridge&format=jsonv2&limit=1 "HTTP/1.1 200 OK"
2026-04-09 22:28:16,801 - httpx - INFO - [_client.py:1740] - HTTP Request: GET https://news.google.com/rss/search?q=latest+world+news&hl=en-GB&gl=GB&ceid=GB%3Aen "HTTP/1.1 200 OK"
2026-04-09 22:28:17,094 - httpx - INFO - [_client.py:1740] - HTTP Request: GET https://router.project-osrm.org/route/v1/driving/-0.1277653,51.5074456;0.1186637,52.2055314?overview=false "HTTP/1.1 200 OK"
2026-04-09 22:28:18,098 - httpx - INFO - [_client.py:1740] - HTTP Request: GET https://router.project-osrm.org/route/v1/driving/-0.1277653,51.5074456;0.1186637,52.2055314?overview=false "HTTP/1.1 200 OK"
2026-04-09 22:28:20,489 - httpx - INFO - [_client.py:1740] - HTTP Request: GET https://news.google.com/rss/search?q=latest+world+news&hl=en-GB&gl=GB&ceid=GB%3Aen "HTTP/1.1 200 OK"
2026-04-09 22:28:21,154 - httpx - INFO - [_client.py:1740] - HTTP Request: GET https://news.google.com/rss/search?q=latest+world+news&hl=en-GB&gl=GB&ceid=GB%3Aen "HTTP/1.1 200 OK"
2026-04-09 22:28:21,819 - httpx - INFO - [_client.py:1740] - HTTP Request: GET https://news.google.com/rss/search?q=latest+world+news&hl=en-GB&gl=GB&ceid=GB%3Aen "HTTP/1.1 200 OK"
2026-04-09 22:48:02,866 - httpx - INFO - [_client.py:1740] - HTTP Request: GET https://news.google.com/rss/search?q=latest+world+news&hl=en-GB&gl=GB&ceid=GB%3Aen "HTTP/1.1 200 OK"
2026-04-09 22:48:03,349 - httpx - INFO - [_client.py:1740] - HTTP Request: GET https://nominatim.openstreetmap.org/search?q=London&format=jsonv2&limit=1 "HTTP/1.1 200 OK"
2026-04-09 22:48:03,350 - httpx - INFO - [_client.py:1740] - HTTP Request: GET https://nominatim.openstreetmap.org/search?q=London&format=jsonv2&limit=1 "HTTP/1.1 200 OK"
2026-04-09 22:48:04,367 - httpx - INFO - [_client.py:1740] - HTTP Request: GET https://news.google.com/rss/search?q=latest+world+news&hl=en-GB&gl=GB&ceid=GB%3Aen "HTTP/1.1 200 OK"
2026-04-09 22:48:04,606 - httpx - INFO - [_client.py:1740] - HTTP Request: GET https://nominatim.openstreetmap.org/search?q=Cambridge&format=jsonv2&limit=1 "HTTP/1.1 200 OK"
2026-04-09 22:48:04,608 - httpx - INFO - [_client.py:1740] - HTTP Request: GET https://nominatim.openstreetmap.org/search?q=Cambridge&format=jsonv2&limit=1 "HTTP/1.1 200 OK"
2026-04-09 22:48:05,780 - httpx - INFO - [_client.py:1740] - HTTP Request: GET https://router.project-osrm.org/route/v1/driving/-0.1277653,51.5074456;0.1186637,52.2055314?overview=false "HTTP/1.1 200 OK"
2026-04-09 22:48:06,781 - httpx - INFO - [_client.py:1740] - HTTP Request: GET https://router.project-osrm.org/route/v1/driving/-0.1277653,51.5074456;0.1186637,52.2055314?overview=false "HTTP/1.1 200 OK"
2026-04-09 22:48:27,792 - httpx - INFO - [_client.py:1740] - HTTP Request: GET https://nominatim.openstreetmap.org/search?q=London&format=jsonv2&limit=1 "HTTP/1.1 200 OK"
2026-04-09 22:48:28,317 - httpx - INFO - [_client.py:1740] - HTTP Request: GET https://nominatim.openstreetmap.org/search?q=London&format=jsonv2&limit=1 "HTTP/1.1 200 OK"
2026-04-09 22:48:28,843 - httpx - INFO - [_client.py:1740] - HTTP Request: GET https://nominatim.openstreetmap.org/search?q=Cambridge&format=jsonv2&limit=1 "HTTP/1.1 200 OK"
2026-04-09 22:48:29,383 - httpx - INFO - [_client.py:1740] - HTTP Request: GET https://nominatim.openstreetmap.org/search?q=Cambridge&format=jsonv2&limit=1 "HTTP/1.1 200 OK"
2026-04-09 22:48:29,916 - httpx - INFO - [_client.py:1740] - HTTP Request: GET https://router.project-osrm.org/route/v1/driving/-0.1277653,51.5074456;0.1186637,52.2055314?overview=false "HTTP/1.1 200 OK"
2026-04-09 22:48:30,920 - httpx - INFO - [_client.py:1740] - HTTP Request: GET https://router.project-osrm.org/route/v1/driving/-0.1277653,51.5074456;0.1186637,52.2055314?overview=false "HTTP/1.1 200 OK"
2026-04-09 22:51:04,550 - httpx - INFO - [_client.py:1740] - HTTP Request: GET https://nominatim.openstreetmap.org/search?q=Cambridge&format=jsonv2&limit=1 "HTTP/1.1 200 OK"
2026-04-09 22:51:04,937 - httpx - INFO - [_client.py:1740] - HTTP Request: GET https://news.google.com/rss/search?q=latest+world+news&hl=en-GB&gl=GB&ceid=GB%3Aen "HTTP/1.1 200 OK"
2026-04-09 22:51:05,326 - httpx - INFO - [_client.py:1740] - HTTP Request: GET https://router.project-osrm.org/route/v1/driving/-0.1278,51.5074;0.1186637,52.2055314?overview=false "HTTP/1.1 200 OK"
2026-04-09 22:59:44,895 - httpx - INFO - [_client.py:1740] - HTTP Request: GET https://nominatim.openstreetmap.org/search?q=London&format=jsonv2&limit=1 "HTTP/1.1 200 OK"
2026-04-09 22:59:45,309 - httpx - INFO - [_client.py:1740] - HTTP Request: GET https://nominatim.openstreetmap.org/search?q=London&format=jsonv2&limit=1 "HTTP/1.1 200 OK"
2026-04-09 22:59:45,851 - httpx - INFO - [_client.py:1740] - HTTP Request: GET https://nominatim.openstreetmap.org/search?q=Cambridge&format=jsonv2&limit=1 "HTTP/1.1 200 OK"
2026-04-09 22:59:46,483 - httpx - INFO - [_client.py:1740] - HTTP Request: GET https://nominatim.openstreetmap.org/search?q=Cambridge&format=jsonv2&limit=1 "HTTP/1.1 200 OK"
2026-04-09 22:59:47,012 - httpx - INFO - [_client.py:1740] - HTTP Request: GET https://router.project-osrm.org/route/v1/driving/-0.1277653,51.5074456;0.1186637,52.2055314?overview=false "HTTP/1.1 200 OK"
2026-04-09 22:59:48,010 - httpx - INFO - [_client.py:1740] - HTTP Request: GET https://router.project-osrm.org/route/v1/driving/-0.1277653,51.5074456;0.1186637,52.2055314?overview=false "HTTP/1.1 200 OK"
2026-04-09 23:00:46,211 - httpx - INFO - [_client.py:1740] - HTTP Request: GET https://news.google.com/rss/search?q=latest+world+news&hl=en-GB&gl=GB&ceid=GB%3Aen "HTTP/1.1 200 OK"
2026-04-09 23:00:47,079 - httpx - INFO - [_client.py:1740] - HTTP Request: GET https://news.google.com/rss/search?q=latest+world+news&hl=en-GB&gl=GB&ceid=GB%3Aen "HTTP/1.1 200 OK"
2026-04-09 23:06:35,251 - httpx - INFO - [_client.py:1740] - HTTP Request: GET https://nominatim.openstreetmap.org/search?q=London&format=jsonv2&limit=1 "HTTP/1.1 200 OK"
2026-04-09 23:06:35,252 - httpx - INFO - [_client.py:1740] - HTTP Request: GET https://nominatim.openstreetmap.org/search?q=London&format=jsonv2&limit=1 "HTTP/1.1 200 OK"
2026-04-09 23:06:36,440 - httpx - INFO - [_client.py:1740] - HTTP Request: GET https://nominatim.openstreetmap.org/search?q=Cambridge&format=jsonv2&limit=1 "HTTP/1.1 200 OK"
2026-04-09 23:06:36,840 - httpx - INFO - [_client.py:1740] - HTTP Request: GET https://nominatim.openstreetmap.org/search?q=Cambridge&format=jsonv2&limit=1 "HTTP/1.1 200 OK"
2026-04-09 23:06:37,839 - httpx - INFO - [_client.py:1740] - HTTP Request: GET https://router.project-osrm.org/route/v1/driving/-0.1277653,51.5074456;0.1186637,52.2055314?overview=false "HTTP/1.1 200 OK"
2026-04-09 23:06:38,463 - httpx - INFO - [_client.py:1740] - HTTP Request: GET https://news.google.com/rss/search?q=latest+world+news&hl=en-GB&gl=GB&ceid=GB%3Aen "HTTP/1.1 200 OK"
2026-04-09 23:06:38,922 - httpx - INFO - [_client.py:1740] - HTTP Request: GET https://router.project-osrm.org/route/v1/driving/-0.1277653,51.5074456;0.1186637,52.2055314?overview=false "HTTP/1.1 200 OK"
2026-04-09 23:06:39,325 - httpx - INFO - [_client.py:1740] - HTTP Request: GET https://news.google.com/rss/search?q=latest+world+news&hl=en-GB&gl=GB&ceid=GB%3Aen "HTTP/1.1 200 OK"
2026-04-09 23:06:43,256 - httpx - INFO - [_client.py:1740] - HTTP Request: GET https://news.google.com/rss/search?q=latest+world+news&hl=en-GB&gl=GB&ceid=GB%3Aen "HTTP/1.1 200 OK"
2026-04-09 23:06:44,186 - httpx - INFO - [_client.py:1740] - HTTP Request: GET https://news.google.com/rss/search?q=latest+world+news&hl=en-GB&gl=GB&ceid=GB%3Aen "HTTP/1.1 200 OK"
2026-04-09 23:06:46,878 - httpx - INFO - [_client.py:1740] - HTTP Request: GET https://news.google.com/rss/search?q=latest+world+news&hl=en-GB&gl=GB&ceid=GB%3Aen "HTTP/1.1 200 OK"
2026-04-09 23:06:48,248 - httpx - INFO - [_client.py:1740] - HTTP Request: GET https://news.google.com/rss/search?q=latest+world+news&hl=en-GB&gl=GB&ceid=GB%3Aen "HTTP/1.1 200 OK"
2026-04-09 23:07:52,328 - httpx - INFO - [_client.py:1740] - HTTP Request: GET https://news.google.com/rss/search?q=latest+world+news&hl=en-GB&gl=GB&ceid=GB%3Aen "HTTP/1.1 200 OK"
2026-04-09 23:07:54,413 - httpx - INFO - [_client.py:1740] - HTTP Request: GET https://news.google.com/rss/search?q=latest+world+news&hl=en-GB&gl=GB&ceid=GB%3Aen "HTTP/1.1 200 OK"
2026-04-09 23:07:57,875 - httpx - INFO - [_client.py:1740] - HTTP Request: GET https://news.google.com/rss/search?q=latest+world+news&hl=en-GB&gl=GB&ceid=GB%3Aen "HTTP/1.1 200 OK"
2026-04-09 23:08:00,336 - httpx - INFO - [_client.py:1740] - HTTP Request: GET https://news.google.com/rss/search?q=latest+world+news&hl=en-GB&gl=GB&ceid=GB%3Aen "HTTP/1.1 200 OK"
2026-04-09 23:08:01,239 - httpx - INFO - [_client.py:1740] - HTTP Request: GET https://news.google.com/rss/search?q=latest+world+news&hl=en-GB&gl=GB&ceid=GB%3Aen "HTTP/1.1 200 OK"
2026-04-09 23:08:03,739 - httpx - INFO - [_client.py:1740] - HTTP Request: GET https://nominatim.openstreetmap.org/search?q=London&format=jsonv2&limit=1 "HTTP/1.1 200 OK"
2026-04-09 23:08:04,134 - httpx - INFO - [_client.py:1740] - HTTP Request: GET https://nominatim.openstreetmap.org/search?q=London&format=jsonv2&limit=1 "HTTP/1.1 200 OK"
2026-04-09 23:08:04,703 - httpx - INFO - [_client.py:1740] - HTTP Request: GET https://nominatim.openstreetmap.org/search?q=London&format=jsonv2&limit=1 "HTTP/1.1 200 OK"
2026-04-09 23:08:04,706 - httpx - INFO - [_client.py:1740] - HTTP Request: GET https://nominatim.openstreetmap.org/search?q=London&format=jsonv2&limit=1 "HTTP/1.1 200 OK"
2026-04-09 23:08:05,134 - httpx - INFO - [_client.py:1740] - HTTP Request: GET https://nominatim.openstreetmap.org/search?q=Cambridge&format=jsonv2&limit=1 "HTTP/1.1 200 OK"
2026-04-09 23:08:06,134 - httpx - INFO - [_client.py:1740] - HTTP Request: GET https://nominatim.openstreetmap.org/search?q=Cambridge&format=jsonv2&limit=1 "HTTP/1.1 200 OK"
2026-04-09 23:08:06,135 - httpx - INFO - [_client.py:1740] - HTTP Request: GET https://nominatim.openstreetmap.org/search?q=Cambridge&format=jsonv2&limit=1 "HTTP/1.1 200 OK"
2026-04-09 23:08:07,130 - httpx - INFO - [_client.py:1740] - HTTP Request: GET https://router.project-osrm.org/route/v1/driving/-0.1277653,51.5074456;0.1186637,52.2055314?overview=false "HTTP/1.1 200 OK"
2026-04-09 23:08:07,143 - httpx - INFO - [_client.py:1740] - HTTP Request: GET https://nominatim.openstreetmap.org/search?q=Cambridge&format=jsonv2&limit=1 "HTTP/1.1 200 OK"
2026-04-09 23:08:08,135 - httpx - INFO - [_client.py:1740] - HTTP Request: GET https://router.project-osrm.org/route/v1/driving/-0.1277653,51.5074456;0.1186637,52.2055314?overview=false "HTTP/1.1 200 OK"
2026-04-09 23:08:09,135 - httpx - INFO - [_client.py:1740] - HTTP Request: GET https://router.project-osrm.org/route/v1/driving/-0.1277653,51.5074456;0.1186637,52.2055314?overview=false "HTTP/1.1 200 OK"
2026-04-09 23:08:10,134 - httpx - INFO - [_client.py:1740] - HTTP Request: GET https://router.project-osrm.org/route/v1/driving/-0.1277653,51.5074456;0.1186637,52.2055314?overview=false "HTTP/1.1 200 OK"
2026-04-09 23:08:13,239 - httpx - INFO - [_client.py:1740] - HTTP Request: GET https://news.google.com/rss/search?q=latest+world+news&hl=en-GB&gl=GB&ceid=GB%3Aen "HTTP/1.1 200 OK"
2026-04-09 23:08:14,122 - httpx - INFO - [_client.py:1740] - HTTP Request: GET https://news.google.com/rss/search?q=latest+world+news&hl=en-GB&gl=GB&ceid=GB%3Aen "HTTP/1.1 200 OK"
2026-04-09 23:08:15,923 - httpx - INFO - [_client.py:1740] - HTTP Request: GET https://news.google.com/rss/search?q=latest+world+news&hl=en-GB&gl=GB&ceid=GB%3Aen "HTTP/1.1 200 OK"
2026-04-09 23:08:17,026 - httpx - INFO - [_client.py:1740] - HTTP Request: GET https://news.google.com/rss/search?q=latest+world+news&hl=en-GB&gl=GB&ceid=GB%3Aen "HTTP/1.1 200 OK"
2026-04-09 23:08:21,056 - httpx - INFO - [_client.py:1740] - HTTP Request: GET https://news.google.com/rss/search?q=latest+world+news&hl=en-GB&gl=GB&ceid=GB%3Aen "HTTP/1.1 200 OK"
2026-04-09 23:08:23,130 - httpx - INFO - [_client.py:1740] - HTTP Request: GET https://news.google.com/rss/search?q=latest+world+news&hl=en-GB&gl=GB&ceid=GB%3Aen "HTTP/1.1 200 OK"
2026-04-09 23:08:23,236 - httpx - INFO - [_client.py:1740] - HTTP Request: GET https://nominatim.openstreetmap.org/search?q=London&format=jsonv2&limit=1 "HTTP/1.1 200 OK"
2026-04-09 23:08:23,615 - httpx - INFO - [_client.py:1740] - HTTP Request: GET https://nominatim.openstreetmap.org/search?q=London&format=jsonv2&limit=1 "HTTP/1.1 200 OK"
2026-04-09 23:08:23,618 - httpx - INFO - [_client.py:1740] - HTTP Request: GET https://nominatim.openstreetmap.org/search?q=London&format=jsonv2&limit=1 "HTTP/1.1 200 OK"
2026-04-09 23:08:24,484 - httpx - INFO - [_client.py:1740] - HTTP Request: GET https://nominatim.openstreetmap.org/search?q=London&format=jsonv2&limit=1 "HTTP/1.1 200 OK"
2026-04-09 23:08:24,932 - httpx - INFO - [_client.py:1740] - HTTP Request: GET https://nominatim.openstreetmap.org/search?q=Cambridge&format=jsonv2&limit=1 "HTTP/1.1 200 OK"
2026-04-09 23:08:25,445 - httpx - INFO - [_client.py:1740] - HTTP Request: GET https://nominatim.openstreetmap.org/search?q=Cambridge&format=jsonv2&limit=1 "HTTP/1.1 200 OK"
2026-04-09 23:08:25,447 - httpx - INFO - [_client.py:1740] - HTTP Request: GET https://nominatim.openstreetmap.org/search?q=Cambridge&format=jsonv2&limit=1 "HTTP/1.1 200 OK"
2026-04-09 23:08:26,314 - httpx - INFO - [_client.py:1740] - HTTP Request: GET https://nominatim.openstreetmap.org/search?q=Cambridge&format=jsonv2&limit=1 "HTTP/1.1 200 OK"
2026-04-09 23:08:26,836 - httpx - INFO - [_client.py:1740] - HTTP Request: GET https://router.project-osrm.org/route/v1/driving/-0.1277653,51.5074456;0.1186637,52.2055314?overview=false "HTTP/1.1 200 OK"
2026-04-09 23:08:27,841 - httpx - INFO - [_client.py:1740] - HTTP Request: GET https://router.project-osrm.org/route/v1/driving/-0.1277653,51.5074456;0.1186637,52.2055314?overview=false "HTTP/1.1 200 OK"
2026-04-09 23:08:28,843 - httpx - INFO - [_client.py:1740] - HTTP Request: GET https://router.project-osrm.org/route/v1/driving/-0.1277653,51.5074456;0.1186637,52.2055314?overview=false "HTTP/1.1 200 OK"
2026-04-09 23:08:29,836 - httpx - INFO - [_client.py:1740] - HTTP Request: GET https://router.project-osrm.org/route/v1/driving/-0.1277653,51.5074456;0.1186637,52.2055314?overview=false "HTTP/1.1 200 OK"
2026-04-09 23:09:35,225 - httpx - INFO - [_client.py:1740] - HTTP Request: GET https://news.google.com/rss/search?q=latest+world+news&hl=en-GB&gl=GB&ceid=GB%3Aen "HTTP/1.1 200 OK"
2026-04-09 23:09:36,186 - httpx - INFO - [_client.py:1740] - HTTP Request: GET https://news.google.com/rss/search?q=latest+world+news&hl=en-GB&gl=GB&ceid=GB%3Aen "HTTP/1.1 200 OK"
2026-04-09 23:09:56,178 - httpx - INFO - [_client.py:1740] - HTTP Request: GET https://nominatim.openstreetmap.org/search?q=London&format=jsonv2&limit=1 "HTTP/1.1 200 OK"
2026-04-09 23:09:56,180 - httpx - INFO - [_client.py:1740] - HTTP Request: GET https://nominatim.openstreetmap.org/search?q=London&format=jsonv2&limit=1 "HTTP/1.1 200 OK"
2026-04-09 23:09:57,608 - httpx - INFO - [_client.py:1740] - HTTP Request: GET https://nominatim.openstreetmap.org/search?q=Cambridge&format=jsonv2&limit=1 "HTTP/1.1 200 OK"
2026-04-09 23:09:57,948 - httpx - INFO - [_client.py:1740] - HTTP Request: GET https://nominatim.openstreetmap.org/search?q=Cambridge&format=jsonv2&limit=1 "HTTP/1.1 200 OK"
2026-04-09 23:09:58,468 - httpx - INFO - [_client.py:1740] - HTTP Request: GET https://news.google.com/rss/search?q=latest+world+news&hl=en-GB&gl=GB&ceid=GB%3Aen "HTTP/1.1 200 OK"
2026-04-09 23:09:59,089 - httpx - INFO - [_client.py:1740] - HTTP Request: GET https://router.project-osrm.org/route/v1/driving/-0.1277653,51.5074456;0.1186637,52.2055314?overview=false "HTTP/1.1 200 OK"
2026-04-09 23:09:59,358 - httpx - INFO - [_client.py:1740] - HTTP Request: GET https://news.google.com/rss/search?q=latest+world+news&hl=en-GB&gl=GB&ceid=GB%3Aen "HTTP/1.1 200 OK"
2026-04-09 23:10:00,083 - httpx - INFO - [_client.py:1740] - HTTP Request: GET https://router.project-osrm.org/route/v1/driving/-0.1277653,51.5074456;0.1186637,52.2055314?overview=false "HTTP/1.1 200 OK"
2026-04-09 23:10:34,381 - httpx - INFO - [_client.py:1740] - HTTP Request: GET https://news.google.com/rss/search?q=latest+world+news&hl=en-GB&gl=GB&ceid=GB%3Aen "HTTP/1.1 200 OK"
2026-04-09 23:10:35,958 - httpx - INFO - [_client.py:1740] - HTTP Request: GET https://news.google.com/rss/search?q=latest+world+news&hl=en-GB&gl=GB&ceid=GB%3Aen "HTTP/1.1 200 OK"
2026-04-09 23:10:38,874 - httpx - INFO - [_client.py:1740] - HTTP Request: GET https://news.google.com/rss/search?q=latest+world+news&hl=en-GB&gl=GB&ceid=GB%3Aen "HTTP/1.1 200 OK"
2026-04-09 23:11:36,877 - httpx - INFO - [_client.py:1740] - HTTP Request: GET https://news.google.com/rss/search?q=latest+world+news&hl=en-GB&gl=GB&ceid=GB%3Aen "HTTP/1.1 200 OK"
2026-04-09 23:11:37,745 - httpx - INFO - [_client.py:1740] - HTTP Request: GET https://news.google.com/rss/search?q=latest+world+news&hl=en-GB&gl=GB&ceid=GB%3Aen "HTTP/1.1 200 OK"
2026-04-09 23:17:43,537 - httpx - INFO - [_client.py:1740] - HTTP Request: GET https://nominatim.openstreetmap.org/search?q=London&format=jsonv2&limit=1 "HTTP/1.1 200 OK"
2026-04-09 23:17:43,929 - httpx - INFO - [_client.py:1740] - HTTP Request: GET https://news.google.com/rss/search?q=latest+world+news&hl=en-GB&gl=GB&ceid=GB%3Aen "HTTP/1.1 200 OK"
2026-04-09 23:17:44,322 - httpx - INFO - [_client.py:1740] - HTTP Request: GET https://nominatim.openstreetmap.org/search?q=Cambridge&format=jsonv2&limit=1 "HTTP/1.1 200 OK"
2026-04-09 23:17:45,104 - httpx - INFO - [_client.py:1740] - HTTP Request: GET https://router.project-osrm.org/route/v1/driving/-0.1277653,51.5074456;0.1186637,52.2055314?overview=false "HTTP/1.1 200 OK"
2026-04-09 23:17:54,321 - httpx - INFO - [_client.py:1740] - HTTP Request: GET https://nominatim.openstreetmap.org/search?q=London&format=jsonv2&limit=1 "HTTP/1.1 200 OK"
2026-04-09 23:17:55,083 - httpx - INFO - [_client.py:1740] - HTTP Request: GET https://nominatim.openstreetmap.org/search?q=Cambridge&format=jsonv2&limit=1 "HTTP/1.1 200 OK"
2026-04-09 23:17:55,892 - httpx - INFO - [_client.py:1740] - HTTP Request: GET https://router.project-osrm.org/route/v1/driving/-0.1277653,51.5074456;0.1186637,52.2055314?overview=false "HTTP/1.1 200 OK"
2026-04-09 23:18:47,352 - httpx - INFO - [_client.py:1740] - HTTP Request: GET https://news.google.com/rss/search?q=latest+world+news&hl=en-GB&gl=GB&ceid=GB%3Aen "HTTP/1.1 200 OK"
2026-04-09 23:18:48,320 - httpx - INFO - [_client.py:1740] - HTTP Request: GET https://news.google.com/rss/search?q=latest+world+news&hl=en-GB&gl=GB&ceid=GB%3Aen "HTTP/1.1 200 OK"
2026-04-09 23:18:50,514 - httpx - INFO - [_client.py:1740] - HTTP Request: GET https://news.google.com/rss/search?q=latest+world+news&hl=en-GB&gl=GB&ceid=GB%3Aen "HTTP/1.1 200 OK"
2026-04-09 23:18:51,369 - httpx - INFO - [_client.py:1740] - HTTP Request: GET https://news.google.com/rss/search?q=latest+world+news&hl=en-GB&gl=GB&ceid=GB%3Aen "HTTP/1.1 200 OK"
2026-04-09 23:18:53,058 - httpx - INFO - [_client.py:1740] - HTTP Request: GET https://nominatim.openstreetmap.org/search?q=London&format=jsonv2&limit=1 "HTTP/1.1 200 OK"
2026-04-09 23:18:53,058 - httpx - INFO - [_client.py:1740] - HTTP Request: GET https://nominatim.openstreetmap.org/search?q=London&format=jsonv2&limit=1 "HTTP/1.1 200 OK"
2026-04-09 23:18:53,956 - httpx - INFO - [_client.py:1740] - HTTP Request: GET https://news.google.com/rss/search?q=latest+world+news&hl=en-GB&gl=GB&ceid=GB%3Aen "HTTP/1.1 200 OK"
2026-04-09 23:18:54,520 - httpx - INFO - [_client.py:1740] - HTTP Request: GET https://nominatim.openstreetmap.org/search?q=Cambridge&format=jsonv2&limit=1 "HTTP/1.1 200 OK"
2026-04-09 23:18:54,931 - httpx - INFO - [_client.py:1740] - HTTP Request: GET https://nominatim.openstreetmap.org/search?q=Cambridge&format=jsonv2&limit=1 "HTTP/1.1 200 OK"
2026-04-09 23:18:55,473 - httpx - INFO - [_client.py:1740] - HTTP Request: GET https://news.google.com/rss/search?q=latest+world+news&hl=en-GB&gl=GB&ceid=GB%3Aen "HTTP/1.1 200 OK"
2026-04-09 23:18:55,712 - httpx - INFO - [_client.py:1740] - HTTP Request: GET https://router.project-osrm.org/route/v1/driving/-0.1277653,51.5074456;0.1186637,52.2055314?overview=false "HTTP/1.1 200 OK"
2026-04-09 23:18:56,705 - httpx - INFO - [_client.py:1740] - HTTP Request: GET https://router.project-osrm.org/route/v1/driving/-0.1277653,51.5074456;0.1186637,52.2055314?overview=false "HTTP/1.1 200 OK"
2026-04-09 23:21:39,109 - httpx - INFO - [_client.py:1740] - HTTP Request: GET https://news.google.com/rss/search?q=latest+world+news&hl=en-GB&gl=GB&ceid=GB%3Aen "HTTP/1.1 200 OK"
2026-04-09 23:21:39,970 - httpx - INFO - [_client.py:1740] - HTTP Request: GET https://news.google.com/rss/search?q=latest+world+news&hl=en-GB&gl=GB&ceid=GB%3Aen "HTTP/1.1 200 OK"
2026-04-09 23:21:48,123 - httpx - INFO - [_client.py:1740] - HTTP Request: GET https://news.google.com/rss/search?q=latest+world+news&hl=en-GB&gl=GB&ceid=GB%3Aen "HTTP/1.1 200 OK"
2026-04-09 23:22:19,889 - httpx - INFO - [_client.py:1740] - HTTP Request: GET https://news.google.com/rss/search?q=latest+world+news&hl=en-GB&gl=GB&ceid=GB%3Aen "HTTP/1.1 200 OK"
2026-04-09 23:22:27,170 - httpx - INFO - [_client.py:1740] - HTTP Request: GET https://news.google.com/rss/search?q=latest+world+news&hl=en-GB&gl=GB&ceid=GB%3Aen "HTTP/1.1 200 OK"
2026-04-09 23:33:00,009 - httpx - INFO - [_client.py:1740] - HTTP Request: GET https://nominatim.openstreetmap.org/search?q=London&format=jsonv2&limit=1 "HTTP/1.1 200 OK"
2026-04-09 23:33:00,793 - httpx - INFO - [_client.py:1740] - HTTP Request: GET https://nominatim.openstreetmap.org/search?q=Cambridge&format=jsonv2&limit=1 "HTTP/1.1 200 OK"
2026-04-09 23:33:01,737 - httpx - INFO - [_client.py:1740] - HTTP Request: GET https://router.project-osrm.org/route/v1/driving/-0.1277653,51.5074456;0.1186637,52.2055314?overview=false "HTTP/1.1 200 OK"
2026-04-09 23:34:02,620 - httpx - INFO - [_client.py:1740] - HTTP Request: GET https://news.google.com/rss/search?q=latest+world+news&hl=en-GB&gl=GB&ceid=GB%3Aen "HTTP/1.1 200 OK"
2026-04-09 23:34:03,502 - httpx - INFO - [_client.py:1740] - HTTP Request: GET https://news.google.com/rss/search?q=latest+world+news&hl=en-GB&gl=GB&ceid=GB%3Aen "HTTP/1.1 200 OK"
2026-04-09 23:37:17,215 - httpx - INFO - [_client.py:1740] - HTTP Request: GET https://news.google.com/rss/search?q=latest+world+news&hl=en-GB&gl=GB&ceid=GB%3Aen "HTTP/1.1 200 OK"
2026-04-09 23:37:18,071 - httpx - INFO - [_client.py:1740] - HTTP Request: GET https://news.google.com/rss/search?q=latest+world+news&hl=en-GB&gl=GB&ceid=GB%3Aen "HTTP/1.1 200 OK"
2026-04-09 23:37:23,673 - httpx - INFO - [_client.py:1740] - HTTP Request: GET https://news.google.com/rss/search?q=latest+world+news&hl=en-GB&gl=GB&ceid=GB%3Aen "HTTP/1.1 200 OK"
2026-04-09 23:37:26,621 - httpx - INFO - [_client.py:1740] - HTTP Request: GET https://news.google.com/rss/search?q=latest+world+news&hl=en-GB&gl=GB&ceid=GB%3Aen "HTTP/1.1 200 OK"
2026-04-09 23:38:04,832 - httpx - INFO - [_client.py:1740] - HTTP Request: GET https://news.google.com/rss/search?q=latest+world+news&hl=en-GB&gl=GB&ceid=GB%3Aen "HTTP/1.1 200 OK"
2026-04-09 23:38:05,876 - httpx - INFO - [_client.py:1740] - HTTP Request: GET https://news.google.com/rss/search?q=latest+world+news&hl=en-GB&gl=GB&ceid=GB%3Aen "HTTP/1.1 200 OK"
2026-04-09 23:38:14,270 - httpx - INFO - [_client.py:1740] - HTTP Request: GET https://news.google.com/rss/search?q=latest+world+news&hl=en-GB&gl=GB&ceid=GB%3Aen "HTTP/1.1 200 OK"
2026-04-09 23:40:18,705 - httpx - INFO - [_client.py:1740] - HTTP Request: GET https://news.google.com/rss/search?q=latest+world+news&hl=en-GB&gl=GB&ceid=GB%3Aen "HTTP/1.1 200 OK"
2026-04-09 23:40:23,847 - httpx - INFO - [_client.py:1740] - HTTP Request: GET https://news.google.com/rss/search?q=latest+world+news&hl=en-GB&gl=GB&ceid=GB%3Aen "HTTP/1.1 200 OK"
2026-04-09 23:40:32,475 - httpx - INFO - [_client.py:1740] - HTTP Request: GET https://news.google.com/rss/search?q=latest+world+news&hl=en-GB&gl=GB&ceid=GB%3Aen "HTTP/1.1 200 OK"
2026-04-09 23:49:35,152 - httpx - INFO - [_client.py:1740] - HTTP Request: GET https://nominatim.openstreetmap.org/search?q=London&format=jsonv2&limit=1 "HTTP/1.1 200 OK"
2026-04-09 23:49:35,153 - httpx - INFO - [_client.py:1740] - HTTP Request: GET https://nominatim.openstreetmap.org/search?q=London&format=jsonv2&limit=1 "HTTP/1.1 200 OK"
2026-04-09 23:49:36,233 - httpx - INFO - [_client.py:1740] - HTTP Request: GET https://nominatim.openstreetmap.org/search?q=Cambridge&format=jsonv2&limit=1 "HTTP/1.1 200 OK"
2026-04-09 23:49:36,234 - httpx - INFO - [_client.py:1740] - HTTP Request: GET https://nominatim.openstreetmap.org/search?q=Cambridge&format=jsonv2&limit=1 "HTTP/1.1 200 OK"
2026-04-09 23:49:37,406 - httpx - INFO - [_client.py:1740] - HTTP Request: GET https://router.project-osrm.org/route/v1/driving/-0.1277653,51.5074456;0.1186637,52.2055314?overview=false "HTTP/1.1 200 OK"
2026-04-09 23:49:38,411 - httpx - INFO - [_client.py:1740] - HTTP Request: GET https://router.project-osrm.org/route/v1/driving/-0.1277653,51.5074456;0.1186637,52.2055314?overview=false "HTTP/1.1 200 OK"
2026-04-09 23:50:41,679 - httpx - INFO - [_client.py:1740] - HTTP Request: GET https://nominatim.openstreetmap.org/search?q=London&format=jsonv2&limit=1 "HTTP/1.1 200 OK"
2026-04-09 23:50:42,135 - httpx - INFO - [_client.py:1740] - HTTP Request: GET https://nominatim.openstreetmap.org/search?q=London&format=jsonv2&limit=1 "HTTP/1.1 200 OK"
2026-04-09 23:50:42,698 - httpx - INFO - [_client.py:1740] - HTTP Request: GET https://nominatim.openstreetmap.org/search?q=Cambridge&format=jsonv2&limit=1 "HTTP/1.1 200 OK"
2026-04-09 23:50:43,250 - httpx - INFO - [_client.py:1740] - HTTP Request: GET https://nominatim.openstreetmap.org/search?q=Cambridge&format=jsonv2&limit=1 "HTTP/1.1 200 OK"
2026-04-09 23:50:43,826 - httpx - INFO - [_client.py:1740] - HTTP Request: GET https://router.project-osrm.org/route/v1/driving/-0.1277653,51.5074456;0.1186637,52.2055314?overview=false "HTTP/1.1 200 OK"
2026-04-09 23:50:44,832 - httpx - INFO - [_client.py:1740] - HTTP Request: GET https://router.project-osrm.org/route/v1/driving/-0.1277653,51.5074456;0.1186637,52.2055314?overview=false "HTTP/1.1 200 OK"
2026-04-09 23:51:50,406 - httpx - INFO - [_client.py:1740] - HTTP Request: GET https://news.google.com/rss/search?q=latest+world+news&hl=en-GB&gl=GB&ceid=GB%3Aen "HTTP/1.1 200 OK"
2026-04-09 23:51:51,365 - httpx - INFO - [_client.py:1740] - HTTP Request: GET https://news.google.com/rss/search?q=latest+world+news&hl=en-GB&gl=GB&ceid=GB%3Aen "HTTP/1.1 200 OK"
2026-04-10 00:15:04,564 - httpx - INFO - [_client.py:1740] - HTTP Request: GET https://news.google.com/rss/search?q=latest+world+news&hl=en-GB&gl=GB&ceid=GB%3Aen "HTTP/1.1 200 OK"
2026-04-10 00:15:05,432 - httpx - INFO - [_client.py:1740] - HTTP Request: GET https://news.google.com/rss/search?q=latest+world+news&hl=en-GB&gl=GB&ceid=GB%3Aen "HTTP/1.1 200 OK"
2026-04-10 00:15:08,892 - httpx - INFO - [_client.py:1740] - HTTP Request: GET https://news.google.com/rss/search?q=latest+world+news&hl=en-GB&gl=GB&ceid=GB%3Aen "HTTP/1.1 200 OK"
2026-04-10 00:15:11,496 - httpx - INFO - [_client.py:1740] - HTTP Request: GET https://news.google.com/rss/search?q=latest+world+news&hl=en-GB&gl=GB&ceid=GB%3Aen "HTTP/1.1 200 OK"
2026-04-10 00:15:14,628 - httpx - INFO - [_client.py:1740] - HTTP Request: GET https://news.google.com/rss/search?q=latest+world+news&hl=en-GB&gl=GB&ceid=GB%3Aen "HTTP/1.1 200 OK"
2026-04-10 00:15:15,512 - httpx - INFO - [_client.py:1740] - HTTP Request: GET https://news.google.com/rss/search?q=latest+world+news&hl=en-GB&gl=GB&ceid=GB%3Aen "HTTP/1.1 200 OK"
2026-04-10 00:15:17,225 - httpx - INFO - [_client.py:1740] - HTTP Request: GET https://nominatim.openstreetmap.org/search?q=London&format=jsonv2&limit=1 "HTTP/1.1 200 OK"
2026-04-10 00:15:17,226 - httpx - INFO - [_client.py:1740] - HTTP Request: GET https://nominatim.openstreetmap.org/search?q=London&format=jsonv2&limit=1 "HTTP/1.1 200 OK"
2026-04-10 00:15:19,100 - httpx - INFO - [_client.py:1740] - HTTP Request: GET https://nominatim.openstreetmap.org/search?q=Cambridge&format=jsonv2&limit=1 "HTTP/1.1 200 OK"
2026-04-10 00:15:19,101 - httpx - INFO - [_client.py:1740] - HTTP Request: GET https://nominatim.openstreetmap.org/search?q=Cambridge&format=jsonv2&limit=1 "HTTP/1.1 200 OK"
2026-04-10 00:15:20,400 - httpx - INFO - [_client.py:1740] - HTTP Request: GET https://router.project-osrm.org/route/v1/driving/-0.1277653,51.5074456;0.1186637,52.2055314?overview=false "HTTP/1.1 200 OK"
2026-04-10 00:15:21,509 - httpx - INFO - [_client.py:1740] - HTTP Request: GET https://router.project-osrm.org/route/v1/driving/-0.1277653,51.5074456;0.1186637,52.2055314?overview=false "HTTP/1.1 200 OK"
2026-04-10 00:15:28,726 - httpx - INFO - [_client.py:1740] - HTTP Request: GET https://news.google.com/rss/search?q=latest+world+news&hl=en-GB&gl=GB&ceid=GB%3Aen "HTTP/1.1 200 OK"
2026-04-10 00:15:29,720 - httpx - INFO - [_client.py:1740] - HTTP Request: GET https://news.google.com/rss/search?q=latest+world+news&hl=en-GB&gl=GB&ceid=GB%3Aen "HTTP/1.1 200 OK"
2026-04-10 00:15:30,926 - httpx - INFO - [_client.py:1740] - HTTP Request: GET https://news.google.com/rss/search?q=latest+world+news&hl=en-GB&gl=GB&ceid=GB%3Aen "HTTP/1.1 200 OK"
2026-04-10 00:15:33,481 - httpx - INFO - [_client.py:1740] - HTTP Request: GET https://news.google.com/rss/search?q=latest+world+news&hl=en-GB&gl=GB&ceid=GB%3Aen "HTTP/1.1 200 OK"
2026-04-10 00:17:33,405 - backend.app.core.application - INFO - [application.py:20] - Assistant platform initialized
2026-04-10 00:17:50,215 - httpx - INFO - [_client.py:1740] - HTTP Request: GET https://nominatim.openstreetmap.org/search?q=London&format=jsonv2&limit=1 "HTTP/1.1 200 OK"
2026-04-10 00:17:50,615 - httpx - INFO - [_client.py:1740] - HTTP Request: GET https://nominatim.openstreetmap.org/search?q=London&format=jsonv2&limit=1 "HTTP/1.1 200 OK"
2026-04-10 00:17:51,178 - httpx - INFO - [_client.py:1740] - HTTP Request: GET https://nominatim.openstreetmap.org/search?q=Cambridge&format=jsonv2&limit=1 "HTTP/1.1 200 OK"
2026-04-10 00:17:51,769 - httpx - INFO - [_client.py:1740] - HTTP Request: GET https://nominatim.openstreetmap.org/search?q=Cambridge&format=jsonv2&limit=1 "HTTP/1.1 200 OK"
2026-04-10 00:17:52,326 - httpx - INFO - [_client.py:1740] - HTTP Request: GET https://router.project-osrm.org/route/v1/driving/-0.1277653,51.5074456;0.1186637,52.2055314?overview=false "HTTP/1.1 200 OK"
2026-04-10 00:17:53,524 - httpx - INFO - [_client.py:1740] - HTTP Request: GET https://router.project-osrm.org/route/v1/driving/-0.1277653,51.5074456;0.1186637,52.2055314?overview=false "HTTP/1.1 200 OK"
2026-04-10 00:17:59,110 - httpx - INFO - [_client.py:1740] - HTTP Request: GET https://news.google.com/rss/search?q=latest+world+news&hl=en-GB&gl=GB&ceid=GB%3Aen "HTTP/1.1 200 OK"
2026-04-10 00:18:00,003 - httpx - INFO - [_client.py:1740] - HTTP Request: GET https://news.google.com/rss/search?q=latest+world+news&hl=en-GB&gl=GB&ceid=GB%3Aen "HTTP/1.1 200 OK"
2026-04-10 00:18:11,194 - httpx - INFO - [_client.py:1740] - HTTP Request: GET https://news.google.com/rss/search?q=latest+world+news&hl=en-GB&gl=GB&ceid=GB%3Aen "HTTP/1.1 200 OK"
2026-04-10 00:18:12,061 - httpx - INFO - [_client.py:1740] - HTTP Request: GET https://news.google.com/rss/search?q=latest+world+news&hl=en-GB&gl=GB&ceid=GB%3Aen "HTTP/1.1 200 OK"
2026-04-10 00:18:34,694 - httpx - INFO - [_client.py:1740] - HTTP Request: GET https://news.google.com/rss/search?q=latest+world+news&hl=en-GB&gl=GB&ceid=GB%3Aen "HTTP/1.1 200 OK"
2026-04-10 00:18:37,525 - httpx - INFO - [_client.py:1740] - HTTP Request: GET https://news.google.com/rss/search?q=latest+world+news&hl=en-GB&gl=GB&ceid=GB%3Aen "HTTP/1.1 200 OK"
2026-04-10 00:19:43,384 - httpx - INFO - [_client.py:1740] - HTTP Request: GET https://news.google.com/rss/search?q=latest+world+news&hl=en-GB&gl=GB&ceid=GB%3Aen "HTTP/1.1 200 OK"
2026-04-10 00:20:27,346 - httpx - INFO - [_client.py:1740] - HTTP Request: GET https://news.google.com/rss/search?q=latest+world+news&hl=en-GB&gl=GB&ceid=GB%3Aen "HTTP/1.1 200 OK"
2026-04-10 00:21:01,557 - httpx - INFO - [_client.py:1740] - HTTP Request: GET https://news.google.com/rss/search?q=latest+world+news&hl=en-GB&gl=GB&ceid=GB%3Aen "HTTP/1.1 200 OK"
2026-04-10 00:21:02,524 - httpx - INFO - [_client.py:1740] - HTTP Request: GET https://news.google.com/rss/search?q=latest+world+news&hl=en-GB&gl=GB&ceid=GB%3Aen "HTTP/1.1 200 OK"
2026-04-10 00:22:03,852 - httpx - INFO - [_client.py:1740] - HTTP Request: GET https://news.google.com/rss/search?q=latest+world+news&hl=en-GB&gl=GB&ceid=GB%3Aen "HTTP/1.1 200 OK"
2026-04-10 00:23:22,590 - backend.app.core.application - INFO - [application.py:20] - Assistant platform initialized
2026-04-10 00:28:29,721 - backend.app.world.rss_ingestor - WARNING - [rss_ingestor.py:62] - Failed to fetch Reuters: [Errno 11001] getaddrinfo failed
2026-04-10 00:28:30,000 - httpx - INFO - [_client.py:1740] - HTTP Request: GET https://feeds.bbci.co.uk/news/world/rss.xml "HTTP/1.1 200 OK"
2026-04-10 00:28:30,169 - httpx - INFO - [_client.py:1740] - HTTP Request: GET https://feeds.skynews.com/feeds/rss/world.xml "HTTP/1.1 200 OK"
2026-04-10 00:28:30,186 - httpx - INFO - [_client.py:1740] - HTTP Request: GET https://www.theguardian.com/world/rss "HTTP/1.1 200 OK"
2026-04-10 00:40:35,326 - backend.app.core.application - INFO - [application.py:22] - Assistant platform shutdown
2026-04-10 00:40:36,351 - backend.app.core.application - INFO - [application.py:20] - Assistant platform initialized
2026-04-10 00:41:02,205 - backend.app.core.application - INFO - [application.py:20] - Assistant platform initialized
2026-04-10 00:41:06,911 - backend.app.world.rss_ingestor - WARNING - [rss_ingestor.py:57] - Failed to fetch Reuters: [Errno 11001] getaddrinfo failed
2026-04-10 00:41:07,120 - httpx - INFO - [_client.py:1740] - HTTP Request: GET https://feeds.bbci.co.uk/news/world/rss.xml "HTTP/1.1 200 OK"
2026-04-10 00:41:07,218 - httpx - INFO - [_client.py:1740] - HTTP Request: GET https://feeds.skynews.com/feeds/rss/world.xml "HTTP/1.1 200 OK"
2026-04-10 00:41:07,378 - httpx - INFO - [_client.py:1740] - HTTP Request: GET https://www.theguardian.com/world/rss "HTTP/1.1 200 OK"
2026-04-10 00:46:05,178 - httpx - INFO - [_client.py:1740] - HTTP Request: GET https://nominatim.openstreetmap.org/search?q=London&format=jsonv2&limit=1 "HTTP/1.1 200 OK"
2026-04-10 00:46:05,179 - httpx - INFO - [_client.py:1740] - HTTP Request: GET https://nominatim.openstreetmap.org/search?q=London&format=jsonv2&limit=1 "HTTP/1.1 200 OK"
2026-04-10 00:46:05,971 - httpx - INFO - [_client.py:1740] - HTTP Request: GET https://nominatim.openstreetmap.org/search?q=Cambridge&format=jsonv2&limit=1 "HTTP/1.1 200 OK"
2026-04-10 00:46:05,972 - httpx - INFO - [_client.py:1740] - HTTP Request: GET https://nominatim.openstreetmap.org/search?q=Cambridge&format=jsonv2&limit=1 "HTTP/1.1 200 OK"
2026-04-10 00:46:06,828 - httpx - INFO - [_client.py:1740] - HTTP Request: GET https://router.project-osrm.org/route/v1/driving/-0.1277653,51.5074456;0.1186637,52.2055314?overview=full&geometries=geojson "HTTP/1.1 200 OK"
2026-04-10 00:46:07,822 - httpx - INFO - [_client.py:1740] - HTTP Request: GET https://router.project-osrm.org/route/v1/driving/-0.1277653,51.5074456;0.1186637,52.2055314?overview=full&geometries=geojson "HTTP/1.1 200 OK"
2026-04-10 00:46:17,001 - httpx - INFO - [_client.py:1740] - HTTP Request: GET https://nominatim.openstreetmap.org/search?q=London&format=jsonv2&limit=1 "HTTP/1.1 200 OK"
2026-04-10 00:46:17,782 - httpx - INFO - [_client.py:1740] - HTTP Request: GET https://nominatim.openstreetmap.org/search?q=Cambridge&format=jsonv2&limit=1 "HTTP/1.1 200 OK"
2026-04-10 00:46:18,043 - httpx - INFO - [_client.py:1740] - HTTP Request: GET https://nominatim.openstreetmap.org/search?q=London&format=jsonv2&limit=1 "HTTP/1.1 200 OK"
2026-04-10 00:46:18,338 - httpx - INFO - [_client.py:1740] - HTTP Request: GET https://nominatim.openstreetmap.org/search?q=London&format=jsonv2&limit=1 "HTTP/1.1 200 OK"
2026-04-10 00:46:18,515 - httpx - INFO - [_client.py:1740] - HTTP Request: GET https://router.project-osrm.org/route/v1/driving/-0.1277653,51.5074456;0.1186637,52.2055314?overview=full&geometries=geojson "HTTP/1.1 200 OK"
2026-04-10 00:46:18,673 - httpx - INFO - [_client.py:1740] - HTTP Request: GET https://nominatim.openstreetmap.org/search?q=Cambridge&format=jsonv2&limit=1 "HTTP/1.1 200 OK"
2026-04-10 00:46:19,022 - httpx - INFO - [_client.py:1740] - HTTP Request: GET https://nominatim.openstreetmap.org/search?q=Cambridge&format=jsonv2&limit=1 "HTTP/1.1 200 OK"
2026-04-10 00:46:19,448 - httpx - INFO - [_client.py:1740] - HTTP Request: GET https://router.project-osrm.org/route/v1/driving/-0.1277653,51.5074456;0.1186637,52.2055314?overview=full&geometries=geojson "HTTP/1.1 200 OK"
2026-04-10 00:46:20,447 - httpx - INFO - [_client.py:1740] - HTTP Request: GET https://router.project-osrm.org/route/v1/driving/-0.1277653,51.5074456;0.1186637,52.2055314?overview=full&geometries=geojson "HTTP/1.1 200 OK"
